2021-01-07 11:10:14.7741   config错误: { "_t" : "StartConfig", "_id" : NumberLong("98547768819754"), "C" : [{ "_t" : "OuterConfig", "Address" : "127.0.0.1:10002", "Address2" : "127.0.0.1:10002" }, { "_t" : "InnerConfig", "Address" : "127.0.0.1:20002" }, { "_t" : "HttpConfig", "Url" : "http://*:8080/", "AppId" : 0, "AppKey" : "", "ManagerSystemUrl" : "" }, { "_t" : "DBConfig", "ConnectionString" : "mongodb://127.0.0.1:27017/", "DBName" : "Landlords01" }], "AppId" : 1, "AppType" : "AllServer", "ServerIP" : "*" } System.TypeInitializationException: The type initializer for 'ETModel.MongoHelper' threw an exception.
 ---> System.TypeInitializationException: The type initializer for 'MongoDB.Bson.Serialization.BsonClassMap' threw an exception.
 ---> System.ArgumentNullException: Value cannot be null. (Parameter 'type')
   at System.Reflection.IntrospectionExtensions.GetTypeInfo(Type type)
   at MongoDB.Bson.Serialization.BsonClassMap..cctor() in D:\ProjectUnity\ET\Landlords\Landlords_Server01\Server\ThirdParty\MongoDBDriver\MongoDB.Bson\Serialization\BsonClassMap.cs:line 40
   --- End of inner exception stack trace ---
   at MongoDB.Bson.Serialization.BsonClassMap.LookupClassMap(Type classType) in D:\ProjectUnity\ET\Landlords\Landlords_Server01\Server\ThirdParty\MongoDBDriver\MongoDB.Bson\Serialization\BsonClassMap.cs:line 348
   at ETModel.MongoHelper..cctor() in D:\ProjectUnity\ET\Landlords\Landlords_Server01\Server\ET.Core\Base\Helper\MongoHelper.cs:line 23
   --- End of inner exception stack trace ---
   at ETModel.MongoHelper.FromJson[T](String str) in D:\ProjectUnity\ET\Landlords\Landlords_Server01\Server\ET.Core\Base\Helper\MongoHelper.cs:line 38
   at ETModel.StartConfigComponent.Awake(String path, Int32 appId) in D:\ProjectUnity\ET\Landlords\Landlords_Server01\Server\ET.Core\Component\StartConfigComponent.cs:line 56 
 Main at offset 506 in file:line:column D:\ProjectUnity\ET\Landlords\Landlords_Server01\Server\App\Program.cs:21:5
AddComponent<K,P1,P2> at offset 563 in file:line:column D:\ProjectUnity\ET\Landlords\Landlords_Server01\Server\ET.Core\Base\Object\Entity.cs:138:4
CreateWithParent<T,A,B> at offset 522 in file:line:column D:\ProjectUnity\ET\Landlords\Landlords_Server01\Server\ET.Core\Base\Object\ComponentFactory.cs:101:4
Awake<P1,P2> at offset 527 in file:line:column D:\ProjectUnity\ET\Landlords\Landlords_Server01\Server\ET.Core\Base\Object\EventSystem.cs:315:6
Run at offset 115 in file:line:column D:\ProjectUnity\ET\Landlords\Landlords_Server01\Server\ET.Core\Base\Object\IAwakeSystem.cs:69:4
Awake at offset 66 in file:line:column D:\ProjectUnity\ET\Landlords\Landlords_Server01\Server\ET.Core\Component\StartConfigComponent.cs:14:4
Awake at offset 503 in file:line:column D:\ProjectUnity\ET\Landlords\Landlords_Server01\Server\ET.Core\Component\StartConfigComponent.cs:56:6
Error at offset 102 in file:line:column D:\ProjectUnity\ET\Landlords\Landlords_Server01\Server\ET.Core\Base\Log.cs:37:4
Error at offset 59 in file:line:column D:\ProjectUnity\ET\Landlords\Landlords_Server01\Server\ET.Core\Base\Logger\NLogAdapter.cs:32:4

2021-01-07 11:10:15.0287   System.Exception: not found startconfig: 1
 ---> System.Collections.Generic.KeyNotFoundException: The given key '1' was not present in the dictionary.
   at System.Collections.Generic.Dictionary`2.get_Item(TKey key)
   at ETModel.StartConfigComponent.Get(Int32 id) in D:\ProjectUnity\ET\Landlords\Landlords_Server01\Server\ET.Core\Component\StartConfigComponent.cs:line 114
   --- End of inner exception stack trace ---
   at ETModel.StartConfigComponent.Get(Int32 id) in D:\ProjectUnity\ET\Landlords\Landlords_Server01\Server\ET.Core\Component\StartConfigComponent.cs:line 118
   at ETModel.StartConfigComponent.Awake(String path, Int32 appId) in D:\ProjectUnity\ET\Landlords\Landlords_Server01\Server\ET.Core\Component\StartConfigComponent.cs:line 96
   at ETModel.StartConfigComponentSystem.Awake(StartConfigComponent self, String a, Int32 b) in D:\ProjectUnity\ET\Landlords\Landlords_Server01\Server\ET.Core\Component\StartConfigComponent.cs:line 14
   at ETModel.AwakeSystem`3.Run(Object o, A a, B b) in D:\ProjectUnity\ET\Landlords\Landlords_Server01\Server\ET.Core\Base\Object\IAwakeSystem.cs:line 69
   at ETModel.EventSystem.Awake[P1,P2](Component component, P1 p1, P2 p2) in D:\ProjectUnity\ET\Landlords\Landlords_Server01\Server\ET.Core\Base\Object\EventSystem.cs:line 315 
 Main at offset 506 in file:line:column D:\ProjectUnity\ET\Landlords\Landlords_Server01\Server\App\Program.cs:21:5
AddComponent<K,P1,P2> at offset 563 in file:line:column D:\ProjectUnity\ET\Landlords\Landlords_Server01\Server\ET.Core\Base\Object\Entity.cs:138:4
CreateWithParent<T,A,B> at offset 522 in file:line:column D:\ProjectUnity\ET\Landlords\Landlords_Server01\Server\ET.Core\Base\Object\ComponentFactory.cs:101:4
Awake<P1,P2> at offset 527 in file:line:column D:\ProjectUnity\ET\Landlords\Landlords_Server01\Server\ET.Core\Base\Object\EventSystem.cs:315:6
Error at offset 108 in file:line:column D:\ProjectUnity\ET\Landlords\Landlords_Server01\Server\ET.Core\Base\Log.cs:32:4
Error at offset 59 in file:line:column D:\ProjectUnity\ET\Landlords\Landlords_Server01\Server\ET.Core\Base\Logger\NLogAdapter.cs:32:4

