2021-01-29 00:08:22.5262 AllServer 0001 (Session.cs:142) { "_t" : "A0002_Login_C2R", "RpcId" : 1, "Account" : "a", "Password" : "a" }
2021-01-29 00:08:22.6353 AllServer 0001 (Session.cs:142) { "_t" : "DBQueryJsonRequest", "RpcId" : 1, "CollectionName" : "AccountInfo", "Json" : "{Account:'a',Password:'a'}" }
2021-01-29 00:08:23.0516 AllServer 0001 (Session.cs:142) { "_t" : "DBQueryJsonResponse", "Components" : [{ "_t" : "AccountInfo", "_id" : NumberLong("101611473927"), "C" : [], "Account" : "a", "Password" : "a" }], "RpcId" : 1, "Error" : 0, "Message" : null }
2021-01-29 00:08:23.0789 AllServer 0001 (Session.cs:142) { "_t" : "A0006_GetLoginKey_R2G", "RpcId" : 2, "UserID" : NumberLong("101611473927") }
2021-01-29 00:08:23.1112 AllServer 0001 (Session.cs:142) { "_t" : "A0006_GetLoginKey_G2R", "RpcId" : 2, "Error" : 0, "Message" : null, "GateLoginKey" : NumberLong("9015612061955092944") }
2021-01-29 00:08:23.1317 AllServer 0001 (Session.cs:142) { "_t" : "A0003_LoginGate_C2G", "RpcId" : 2, "GateLoginKey" : NumberLong("9015612061955092944") }
2021-01-29 00:08:23.1582 AllServer 0001 (Session.cs:142) { "_t" : "A0004_PlayerOnline_G2R", "RpcId" : 0, "UserID" : NumberLong("101611473927"), "GateAppID" : 1 }
2021-01-29 00:08:23.1969 AllServer 0001 (Session.cs:142) { "_t" : "A1001_GetUserInfo_C2G", "RpcId" : 3 }
2021-01-29 00:08:23.2243 AllServer 0001 (Session.cs:142) { "_t" : "DBQueryRequest", "RpcId" : 3, "_id" : NumberLong("101611473927"), "NeedCache" : true, "CollectionName" : "UserInfo" }
2021-01-29 00:08:23.4565 AllServer 0001 (Session.cs:142) { "_t" : "DBQueryResponse", "RpcId" : 3, "Error" : 0, "Message" : null, "Component" : { "_t" : "UserInfo", "_id" : NumberLong("101611473927"), "C" : [], "UserName" : "a", "Level" : 1, "Money" : NumberLong(10000), "Phone" : NumberLong(0), "Email" : null, "Sex" : null, "Title" : null, "LastPlay" : 0 } }
2021-01-29 00:08:25.4144 AllServer 0001 (Session.cs:142) { "_t" : "C2G_StartMatch_Req", "RpcId" : 4 }
2021-01-29 00:08:25.4268 AllServer 0001 (C2G_StartMatch_Handler.cs:13) 玩家开始匹配
2021-01-29 00:08:25.4435 AllServer 0001 (Session.cs:142) { "_t" : "DBQueryRequest", "RpcId" : 4, "_id" : NumberLong("101611473927"), "NeedCache" : true, "CollectionName" : "UserInfo" }
2021-01-29 00:08:25.4569 AllServer 0001 (Session.cs:142) { "_t" : "DBQueryResponse", "RpcId" : 4, "Error" : 0, "Message" : null, "Component" : { "_t" : "UserInfo", "_id" : NumberLong("101611473927"), "C" : [], "UserName" : "a", "Level" : 1, "Money" : NumberLong(10000), "Phone" : NumberLong(0), "Email" : null, "Sex" : null, "Title" : null, "LastPlay" : 0 } }
2021-01-29 00:08:25.4569 AllServer 0001 (GateHelper.cs:51) 127.0.0.1:20002
2021-01-29 00:08:25.4955 AllServer 0001 (Session.cs:142) { "_t" : "EnterMatchs_G2M", "RpcId" : 0, "UserID" : NumberLong("101611473927"), "GActorID" : NumberLong("281474976710731"), "CActorID" : NumberLong("281474976710730") }
2021-01-29 00:08:25.5498 AllServer 0001 (Session.cs:142) { "_t" : "C2G_GetUserInfoInRoom_Req", "RpcId" : 5, "UserID" : NumberLong("101611473927") }
2021-01-29 00:08:25.5852 AllServer 0001 (Session.cs:142) { "_t" : "ObjectAddRequest", "RpcId" : 5, "Key" : NumberLong("281474976710740"), "InstanceId" : NumberLong("281474976710740") }
2021-01-29 00:08:25.5965 AllServer 0001 (Session.cs:142) { "_t" : "DBQueryRequest", "RpcId" : 6, "_id" : NumberLong("101611473927"), "NeedCache" : true, "CollectionName" : "UserInfo" }
2021-01-29 00:08:25.6167 AllServer 0001 (Session.cs:142) { "_t" : "ObjectAddResponse", "RpcId" : 5, "Error" : 0, "Message" : null }
2021-01-29 00:08:25.6167 AllServer 0001 (LandMatchComponentSystem.cs:51) 一位玩家加入队列
2021-01-29 00:08:25.6263 AllServer 0001 (LandMatchComponentSystem.cs:142) 转发给了客户端一条消息，客户端Session：281474976710730
2021-01-29 00:08:25.6478 AllServer 0001 (Session.cs:142) { "_t" : "DBQueryResponse", "RpcId" : 6, "Error" : 0, "Message" : null, "Component" : { "_t" : "UserInfo", "_id" : NumberLong("101611473927"), "C" : [], "UserName" : "a", "Level" : 1, "Money" : NumberLong(10000), "Phone" : NumberLong(0), "Email" : null, "Sex" : null, "Title" : null, "LastPlay" : 0 } }
2021-01-29 00:08:25.6672 AllServer 0001 (Session.cs:142) { "_t" : "Actor_LandMatcherPlusOne_NTT", "RpcId" : 0, "ActorId" : NumberLong("281474976710730"), "MatchingNumber" : 1 }
2021-01-29 00:08:25.6774 AllServer 0001 (Session.cs:142) { "_t" : "ObjectAddRequest", "RpcId" : 7, "Key" : NumberLong("281474976710742"), "InstanceId" : NumberLong("281474976710742") }
2021-01-29 00:08:25.7125 AllServer 0001 (Session.cs:142) { "_t" : "ObjectAddResponse", "RpcId" : 7, "Error" : 0, "Message" : null }
2021-01-29 00:08:25.7927 AllServer 0001 (Session.cs:142) { "_t" : "Actor_GamerEnterRoom_Ntt", "RpcId" : 0, "ActorId" : NumberLong("281474976710730"), "Gamers" : [{ "UserID" : NumberLong("101611473927") }, { "UserID" : NumberLong(0) }, { "UserID" : NumberLong(0) }] }
2021-01-29 00:08:25.8136 AllServer 0001 (Session.cs:142) { "_t" : "Actor_MatchSucess_M2G", "ActorId" : NumberLong("281474976710731"), "GamerID" : NumberLong("281474976710740") }
2021-01-29 00:08:30.6419 AllServer 0001 (Session.cs:142) { "_t" : "A0002_Login_C2R", "RpcId" : 1, "Account" : "b", "Password" : "b" }
2021-01-29 00:08:30.6578 AllServer 0001 (Session.cs:142) { "_t" : "DBQueryJsonRequest", "RpcId" : 8, "CollectionName" : "AccountInfo", "Json" : "{Account:'b',Password:'b'}" }
2021-01-29 00:08:30.6737 AllServer 0001 (Session.cs:142) { "_t" : "DBQueryJsonResponse", "Components" : [{ "_t" : "AccountInfo", "_id" : NumberLong("101611476862"), "C" : [], "Account" : "b", "Password" : "b" }], "RpcId" : 8, "Error" : 0, "Message" : null }
2021-01-29 00:08:30.6737 AllServer 0001 (Session.cs:142) { "_t" : "A0006_GetLoginKey_R2G", "RpcId" : 9, "UserID" : NumberLong("101611476862") }
2021-01-29 00:08:30.7044 AllServer 0001 (Session.cs:142) { "_t" : "A0006_GetLoginKey_G2R", "RpcId" : 9, "Error" : 0, "Message" : null, "GateLoginKey" : NumberLong("884080073779188371") }
2021-01-29 00:08:30.7346 AllServer 0001 (Session.cs:142) { "_t" : "A0003_LoginGate_C2G", "RpcId" : 2, "GateLoginKey" : NumberLong("884080073779188371") }
2021-01-29 00:08:30.7506 AllServer 0001 (Session.cs:142) { "_t" : "A0004_PlayerOnline_G2R", "RpcId" : 0, "UserID" : NumberLong("101611476862"), "GateAppID" : 1 }
2021-01-29 00:08:30.7506 AllServer 0001 (Session.cs:142) { "_t" : "A1001_GetUserInfo_C2G", "RpcId" : 3 }
2021-01-29 00:08:30.7815 AllServer 0001 (Session.cs:142) { "_t" : "DBQueryRequest", "RpcId" : 10, "_id" : NumberLong("101611476862"), "NeedCache" : true, "CollectionName" : "UserInfo" }
2021-01-29 00:08:30.8657 AllServer 0001 (Session.cs:142) { "_t" : "DBQueryResponse", "RpcId" : 10, "Error" : 0, "Message" : null, "Component" : { "_t" : "UserInfo", "_id" : NumberLong("101611476862"), "C" : [], "UserName" : "b", "Level" : 1, "Money" : NumberLong(10000), "Phone" : NumberLong(123456), "Email" : "b@b.b", "Sex" : "man", "Title" : "贫农", "LastPlay" : 0 } }
2021-01-29 00:08:32.2618 AllServer 0001 (Session.cs:142) { "_t" : "C2G_StartMatch_Req", "RpcId" : 4 }
2021-01-29 00:08:32.2668 AllServer 0001 (C2G_StartMatch_Handler.cs:13) 玩家开始匹配
2021-01-29 00:08:32.2905 AllServer 0001 (Session.cs:142) { "_t" : "DBQueryRequest", "RpcId" : 11, "_id" : NumberLong("101611476862"), "NeedCache" : true, "CollectionName" : "UserInfo" }
2021-01-29 00:08:32.3058 AllServer 0001 (Session.cs:142) { "_t" : "DBQueryResponse", "RpcId" : 11, "Error" : 0, "Message" : null, "Component" : { "_t" : "UserInfo", "_id" : NumberLong("101611476862"), "C" : [], "UserName" : "b", "Level" : 1, "Money" : NumberLong(10000), "Phone" : NumberLong(123456), "Email" : "b@b.b", "Sex" : "man", "Title" : "贫农", "LastPlay" : 0 } }
2021-01-29 00:08:32.3058 AllServer 0001 (GateHelper.cs:51) 127.0.0.1:20002
2021-01-29 00:08:32.3354 AllServer 0001 (Session.cs:142) { "_t" : "EnterMatchs_G2M", "RpcId" : 0, "UserID" : NumberLong("101611476862"), "GActorID" : NumberLong("281474976710752"), "CActorID" : NumberLong("281474976710751") }
2021-01-29 00:08:32.3507 AllServer 0001 (Session.cs:142) { "_t" : "C2G_GetUserInfoInRoom_Req", "RpcId" : 5, "UserID" : NumberLong("101611476862") }
2021-01-29 00:08:32.3829 AllServer 0001 (Session.cs:142) { "_t" : "ObjectAddRequest", "RpcId" : 12, "Key" : NumberLong("281474976710760"), "InstanceId" : NumberLong("281474976710760") }
2021-01-29 00:08:32.3974 AllServer 0001 (Session.cs:142) { "_t" : "DBQueryRequest", "RpcId" : 13, "_id" : NumberLong("101611476862"), "NeedCache" : true, "CollectionName" : "UserInfo" }
2021-01-29 00:08:32.4161 AllServer 0001 (Session.cs:142) { "_t" : "ObjectAddResponse", "RpcId" : 12, "Error" : 0, "Message" : null }
2021-01-29 00:08:32.4230 AllServer 0001 (LandMatchComponentSystem.cs:51) 一位玩家加入队列
2021-01-29 00:08:32.4230 AllServer 0001 (LandMatchComponentSystem.cs:142) 转发给了客户端一条消息，客户端Session：281474976710751
2021-01-29 00:08:32.4230 AllServer 0001 (Session.cs:142) { "_t" : "DBQueryResponse", "RpcId" : 13, "Error" : 0, "Message" : null, "Component" : { "_t" : "UserInfo", "_id" : NumberLong("101611476862"), "C" : [], "UserName" : "b", "Level" : 1, "Money" : NumberLong(10000), "Phone" : NumberLong(123456), "Email" : "b@b.b", "Sex" : "man", "Title" : "贫农", "LastPlay" : 0 } }
2021-01-29 00:08:32.4476 AllServer 0001 (Session.cs:142) { "_t" : "Actor_LandMatcherPlusOne_NTT", "RpcId" : 0, "ActorId" : NumberLong("281474976710751"), "MatchingNumber" : 1 }
2021-01-29 00:08:32.4476 AllServer 0001 (Session.cs:142) { "_t" : "Actor_GamerEnterRoom_Ntt", "RpcId" : 0, "ActorId" : NumberLong("281474976710730"), "Gamers" : [{ "UserID" : NumberLong("101611473927") }, { "UserID" : NumberLong("101611476862") }, { "UserID" : NumberLong(0) }] }
2021-01-29 00:08:32.4559 AllServer 0001 (Session.cs:142) { "_t" : "Actor_GamerEnterRoom_Ntt", "RpcId" : 0, "ActorId" : NumberLong("281474976710751"), "Gamers" : [{ "UserID" : NumberLong("101611473927") }, { "UserID" : NumberLong("101611476862") }, { "UserID" : NumberLong(0) }] }
2021-01-29 00:08:32.4559 AllServer 0001 (Session.cs:142) { "_t" : "Actor_MatchSucess_M2G", "ActorId" : NumberLong("281474976710752"), "GamerID" : NumberLong("281474976710760") }
2021-01-29 00:08:32.4705 AllServer 0001 (Session.cs:142) { "_t" : "C2G_GetUserInfoInRoom_Req", "RpcId" : 6, "UserID" : NumberLong("101611476862") }
2021-01-29 00:08:32.4705 AllServer 0001 (Session.cs:142) { "_t" : "C2G_GetUserInfoInRoom_Req", "RpcId" : 6, "UserID" : NumberLong("101611473927") }
2021-01-29 00:08:32.4907 AllServer 0001 (Session.cs:142) { "_t" : "DBQueryRequest", "RpcId" : 14, "_id" : NumberLong("101611476862"), "NeedCache" : true, "CollectionName" : "UserInfo" }
2021-01-29 00:08:32.4907 AllServer 0001 (Session.cs:142) { "_t" : "DBQueryRequest", "RpcId" : 15, "_id" : NumberLong("101611473927"), "NeedCache" : true, "CollectionName" : "UserInfo" }
2021-01-29 00:08:32.5086 AllServer 0001 (Session.cs:142) { "_t" : "DBQueryResponse", "RpcId" : 14, "Error" : 0, "Message" : null, "Component" : { "_t" : "UserInfo", "_id" : NumberLong("101611476862"), "C" : [], "UserName" : "b", "Level" : 1, "Money" : NumberLong(10000), "Phone" : NumberLong(123456), "Email" : "b@b.b", "Sex" : "man", "Title" : "贫农", "LastPlay" : 0 } }
2021-01-29 00:08:32.5086 AllServer 0001 (Session.cs:142) { "_t" : "DBQueryResponse", "RpcId" : 15, "Error" : 0, "Message" : null, "Component" : { "_t" : "UserInfo", "_id" : NumberLong("101611473927"), "C" : [], "UserName" : "a", "Level" : 1, "Money" : NumberLong(10000), "Phone" : NumberLong(0), "Email" : null, "Sex" : null, "Title" : null, "LastPlay" : 0 } }
2021-01-29 00:08:33.3570 AllServer 0001 (Session.cs:142) { "_t" : "Actor_GamerReady_Landlords", "RpcId" : 0, "ActorId" : NumberLong(0), "UserID" : NumberLong(0) }
2021-01-29 00:08:33.3709 AllServer 0001 (Session.cs:142) { "_t" : "Actor_GamerReady_Landlords", "RpcId" : 0, "ActorId" : NumberLong("281474976710760"), "UserID" : NumberLong(0) }
2021-01-29 00:08:33.3846 AllServer 0001 (RoomSystem.cs:12) 检查游戏是否可以开始
2021-01-29 00:08:33.3966 AllServer 0001 (Session.cs:142) { "_t" : "Actor_GamerReady_Landlords", "RpcId" : 0, "ActorId" : NumberLong("281474976710730"), "UserID" : NumberLong("101611476862") }
2021-01-29 00:08:33.3966 AllServer 0001 (Session.cs:142) { "_t" : "Actor_GamerReady_Landlords", "RpcId" : 0, "ActorId" : NumberLong("281474976710751"), "UserID" : NumberLong("101611476862") }
2021-01-29 00:08:34.2816 AllServer 0001 (Session.cs:142) { "_t" : "Actor_GamerReady_Landlords", "RpcId" : 0, "ActorId" : NumberLong(0), "UserID" : NumberLong(0) }
2021-01-29 00:08:34.2966 AllServer 0001 (Session.cs:142) { "_t" : "Actor_GamerReady_Landlords", "RpcId" : 0, "ActorId" : NumberLong("281474976710740"), "UserID" : NumberLong(0) }
2021-01-29 00:08:34.3062 AllServer 0001 (RoomSystem.cs:12) 检查游戏是否可以开始
2021-01-29 00:08:34.3062 AllServer 0001 (Session.cs:142) { "_t" : "Actor_GamerReady_Landlords", "RpcId" : 0, "ActorId" : NumberLong("281474976710730"), "UserID" : NumberLong("101611473927") }
2021-01-29 00:08:34.3200 AllServer 0001 (Session.cs:142) { "_t" : "Actor_GamerReady_Landlords", "RpcId" : 0, "ActorId" : NumberLong("281474976710751"), "UserID" : NumberLong("101611473927") }
2021-01-29 00:08:42.1218 AllServer 0001 (Session.cs:142) { "_t" : "A0002_Login_C2R", "RpcId" : 1, "Account" : "c", "Password" : "c" }
2021-01-29 00:08:42.1387 AllServer 0001 (Session.cs:142) { "_t" : "DBQueryJsonRequest", "RpcId" : 16, "CollectionName" : "AccountInfo", "Json" : "{Account:'c',Password:'c'}" }
2021-01-29 00:08:42.1703 AllServer 0001 (Session.cs:142) { "_t" : "DBQueryJsonResponse", "Components" : [{ "_t" : "AccountInfo", "_id" : NumberLong("101611576931"), "C" : [], "Account" : "c", "Password" : "c" }], "RpcId" : 16, "Error" : 0, "Message" : null }
2021-01-29 00:08:42.1854 AllServer 0001 (Session.cs:142) { "_t" : "A0006_GetLoginKey_R2G", "RpcId" : 17, "UserID" : NumberLong("101611576931") }
2021-01-29 00:08:42.2018 AllServer 0001 (Session.cs:142) { "_t" : "A0006_GetLoginKey_G2R", "RpcId" : 17, "Error" : 0, "Message" : null, "GateLoginKey" : NumberLong("2077828305756601153") }
2021-01-29 00:08:42.2327 AllServer 0001 (Session.cs:142) { "_t" : "A0003_LoginGate_C2G", "RpcId" : 2, "GateLoginKey" : NumberLong("2077828305756601153") }
2021-01-29 00:08:42.2485 AllServer 0001 (Session.cs:142) { "_t" : "A0004_PlayerOnline_G2R", "RpcId" : 0, "UserID" : NumberLong("101611576931"), "GateAppID" : 1 }
2021-01-29 00:08:42.2645 AllServer 0001 (Session.cs:142) { "_t" : "A1001_GetUserInfo_C2G", "RpcId" : 3 }
2021-01-29 00:08:42.2805 AllServer 0001 (Session.cs:142) { "_t" : "DBQueryRequest", "RpcId" : 18, "_id" : NumberLong("101611576931"), "NeedCache" : true, "CollectionName" : "UserInfo" }
2021-01-29 00:08:42.3126 AllServer 0001 (Session.cs:142) { "_t" : "DBQueryResponse", "RpcId" : 18, "Error" : 0, "Message" : null, "Component" : { "_t" : "UserInfo", "_id" : NumberLong("101611576931"), "C" : [], "UserName" : "c", "Level" : 1, "Money" : NumberLong(10000), "Phone" : NumberLong(12345678), "Email" : "c@cc.c", "Sex" : "男", "Title" : "贫农", "LastPlay" : 0 } }
2021-01-29 00:08:43.9088 AllServer 0001 (Session.cs:142) { "_t" : "C2G_StartMatch_Req", "RpcId" : 4 }
2021-01-29 00:08:43.9088 AllServer 0001 (C2G_StartMatch_Handler.cs:13) 玩家开始匹配
2021-01-29 00:08:43.9249 AllServer 0001 (Session.cs:142) { "_t" : "DBQueryRequest", "RpcId" : 19, "_id" : NumberLong("101611576931"), "NeedCache" : true, "CollectionName" : "UserInfo" }
2021-01-29 00:08:43.9404 AllServer 0001 (Session.cs:142) { "_t" : "DBQueryResponse", "RpcId" : 19, "Error" : 0, "Message" : null, "Component" : { "_t" : "UserInfo", "_id" : NumberLong("101611576931"), "C" : [], "UserName" : "c", "Level" : 1, "Money" : NumberLong(10000), "Phone" : NumberLong(12345678), "Email" : "c@cc.c", "Sex" : "男", "Title" : "贫农", "LastPlay" : 0 } }
2021-01-29 00:08:43.9404 AllServer 0001 (GateHelper.cs:51) 127.0.0.1:20002
2021-01-29 00:08:43.9562 AllServer 0001 (Session.cs:142) { "_t" : "EnterMatchs_G2M", "RpcId" : 0, "UserID" : NumberLong("101611576931"), "GActorID" : NumberLong("281474976710772"), "CActorID" : NumberLong("281474976710771") }
2021-01-29 00:08:43.9722 AllServer 0001 (Session.cs:142) { "_t" : "ObjectAddRequest", "RpcId" : 20, "Key" : NumberLong("281474976710780"), "InstanceId" : NumberLong("281474976710780") }
2021-01-29 00:08:43.9722 AllServer 0001 (Session.cs:142) { "_t" : "C2G_GetUserInfoInRoom_Req", "RpcId" : 5, "UserID" : NumberLong("101611576931") }
2021-01-29 00:08:43.9912 AllServer 0001 (Session.cs:142) { "_t" : "ObjectAddResponse", "RpcId" : 20, "Error" : 0, "Message" : null }
2021-01-29 00:08:43.9912 AllServer 0001 (LandMatchComponentSystem.cs:51) 一位玩家加入队列
2021-01-29 00:08:44.0281 AllServer 0001 (LandMatchComponentSystem.cs:142) 转发给了客户端一条消息，客户端Session：281474976710771
2021-01-29 00:08:44.0319 AllServer 0001 (Session.cs:142) { "_t" : "DBQueryRequest", "RpcId" : 21, "_id" : NumberLong("101611576931"), "NeedCache" : true, "CollectionName" : "UserInfo" }
2021-01-29 00:08:44.0519 AllServer 0001 (Session.cs:142) { "_t" : "Actor_LandMatcherPlusOne_NTT", "RpcId" : 0, "ActorId" : NumberLong("281474976710771"), "MatchingNumber" : 1 }
2021-01-29 00:08:44.0519 AllServer 0001 (Session.cs:142) { "_t" : "Actor_GamerEnterRoom_Ntt", "RpcId" : 0, "ActorId" : NumberLong("281474976710730"), "Gamers" : [{ "UserID" : NumberLong("101611473927") }, { "UserID" : NumberLong("101611476862") }, { "UserID" : NumberLong("101611576931") }] }
2021-01-29 00:08:44.0519 AllServer 0001 (Session.cs:142) { "_t" : "Actor_GamerEnterRoom_Ntt", "RpcId" : 0, "ActorId" : NumberLong("281474976710751"), "Gamers" : [{ "UserID" : NumberLong("101611473927") }, { "UserID" : NumberLong("101611476862") }, { "UserID" : NumberLong("101611576931") }] }
2021-01-29 00:08:44.0679 AllServer 0001 (Session.cs:142) { "_t" : "Actor_GamerEnterRoom_Ntt", "RpcId" : 0, "ActorId" : NumberLong("281474976710771"), "Gamers" : [{ "UserID" : NumberLong("101611473927") }, { "UserID" : NumberLong("101611476862") }, { "UserID" : NumberLong("101611576931") }] }
2021-01-29 00:08:44.0679 AllServer 0001 (Session.cs:142) { "_t" : "Actor_MatchSucess_M2G", "ActorId" : NumberLong("281474976710772"), "GamerID" : NumberLong("281474976710780") }
2021-01-29 00:08:44.0808 AllServer 0001 (Session.cs:142) { "_t" : "DBQueryResponse", "RpcId" : 21, "Error" : 0, "Message" : null, "Component" : { "_t" : "UserInfo", "_id" : NumberLong("101611576931"), "C" : [], "UserName" : "c", "Level" : 1, "Money" : NumberLong(10000), "Phone" : NumberLong(12345678), "Email" : "c@cc.c", "Sex" : "男", "Title" : "贫农", "LastPlay" : 0 } }
2021-01-29 00:08:44.0985 AllServer 0001 (Session.cs:142) { "_t" : "C2G_GetUserInfoInRoom_Req", "RpcId" : 7, "UserID" : NumberLong("101611576931") }
2021-01-29 00:08:44.0985 AllServer 0001 (Session.cs:142) { "_t" : "C2G_GetUserInfoInRoom_Req", "RpcId" : 7, "UserID" : NumberLong("101611576931") }
2021-01-29 00:08:44.1132 AllServer 0001 (Session.cs:142) { "_t" : "C2G_GetUserInfoInRoom_Req", "RpcId" : 6, "UserID" : NumberLong("101611473927") }
2021-01-29 00:08:44.1132 AllServer 0001 (Session.cs:142) { "_t" : "C2G_GetUserInfoInRoom_Req", "RpcId" : 7, "UserID" : NumberLong("101611476862") }
2021-01-29 00:08:44.1301 AllServer 0001 (Session.cs:142) { "_t" : "DBQueryRequest", "RpcId" : 22, "_id" : NumberLong("101611576931"), "NeedCache" : true, "CollectionName" : "UserInfo" }
2021-01-29 00:08:44.1301 AllServer 0001 (Session.cs:142) { "_t" : "DBQueryRequest", "RpcId" : 23, "_id" : NumberLong("101611576931"), "NeedCache" : true, "CollectionName" : "UserInfo" }
2021-01-29 00:08:44.1301 AllServer 0001 (Session.cs:142) { "_t" : "DBQueryRequest", "RpcId" : 24, "_id" : NumberLong("101611473927"), "NeedCache" : true, "CollectionName" : "UserInfo" }
2021-01-29 00:08:44.1490 AllServer 0001 (Session.cs:142) { "_t" : "DBQueryRequest", "RpcId" : 25, "_id" : NumberLong("101611476862"), "NeedCache" : true, "CollectionName" : "UserInfo" }
2021-01-29 00:08:44.1628 AllServer 0001 (Session.cs:142) { "_t" : "DBQueryResponse", "RpcId" : 22, "Error" : 0, "Message" : null, "Component" : { "_t" : "UserInfo", "_id" : NumberLong("101611576931"), "C" : [], "UserName" : "c", "Level" : 1, "Money" : NumberLong(10000), "Phone" : NumberLong(12345678), "Email" : "c@cc.c", "Sex" : "男", "Title" : "贫农", "LastPlay" : 0 } }
2021-01-29 00:08:44.1835 AllServer 0001 (Session.cs:142) { "_t" : "DBQueryResponse", "RpcId" : 23, "Error" : 0, "Message" : null, "Component" : { "_t" : "UserInfo", "_id" : NumberLong("101611576931"), "C" : [], "UserName" : "c", "Level" : 1, "Money" : NumberLong(10000), "Phone" : NumberLong(12345678), "Email" : "c@cc.c", "Sex" : "男", "Title" : "贫农", "LastPlay" : 0 } }
2021-01-29 00:08:44.1835 AllServer 0001 (Session.cs:142) { "_t" : "DBQueryResponse", "RpcId" : 24, "Error" : 0, "Message" : null, "Component" : { "_t" : "UserInfo", "_id" : NumberLong("101611473927"), "C" : [], "UserName" : "a", "Level" : 1, "Money" : NumberLong(10000), "Phone" : NumberLong(0), "Email" : null, "Sex" : null, "Title" : null, "LastPlay" : 0 } }
2021-01-29 00:08:44.1969 AllServer 0001 (Session.cs:142) { "_t" : "DBQueryResponse", "RpcId" : 25, "Error" : 0, "Message" : null, "Component" : { "_t" : "UserInfo", "_id" : NumberLong("101611476862"), "C" : [], "UserName" : "b", "Level" : 1, "Money" : NumberLong(10000), "Phone" : NumberLong(123456), "Email" : "b@b.b", "Sex" : "man", "Title" : "贫农", "LastPlay" : 0 } }
2021-01-29 00:08:45.7154 AllServer 0001 (Session.cs:142) { "_t" : "Actor_GamerReady_Landlords", "RpcId" : 0, "ActorId" : NumberLong(0), "UserID" : NumberLong(0) }
2021-01-29 00:08:45.7395 AllServer 0001 (Session.cs:142) { "_t" : "Actor_GamerReady_Landlords", "RpcId" : 0, "ActorId" : NumberLong("281474976710780"), "UserID" : NumberLong(0) }
2021-01-29 00:08:45.7395 AllServer 0001 (RoomSystem.cs:12) 检查游戏是否可以开始
2021-01-29 00:08:45.7524 AllServer 0001 (RoomSystem.cs:26) 满足游戏开始条件
2021-01-29 00:08:45.7879 AllServer 0001 (Session.cs:142) { "_t" : "Actor_GamerReady_Landlords", "RpcId" : 0, "ActorId" : NumberLong("281474976710730"), "UserID" : NumberLong("101611576931") }
2021-01-29 00:08:45.7879 AllServer 0001 (Session.cs:142) { "_t" : "Actor_GamerReady_Landlords", "RpcId" : 0, "ActorId" : NumberLong("281474976710751"), "UserID" : NumberLong("101611576931") }
2021-01-29 00:08:45.7879 AllServer 0001 (Session.cs:142) { "_t" : "Actor_GamerReady_Landlords", "RpcId" : 0, "ActorId" : NumberLong("281474976710771"), "UserID" : NumberLong("101611576931") }
2021-01-29 00:08:45.8126 AllServer 0001 (Session.cs:142) { "_t" : "Actor_GameStartHandCards_Ntt", "RpcId" : 0, "ActorId" : NumberLong("281474976710730"), "HandCards" : [{ "CardWeight" : 2, "CardSuits" : 2 }, { "CardWeight" : 4, "CardSuits" : 1 }, { "CardWeight" : 0, "CardSuits" : 0 }, { "CardWeight" : 12, "CardSuits" : 1 }, { "CardWeight" : 8, "CardSuits" : 0 }, { "CardWeight" : 5, "CardSuits" : 3 }, { "CardWeight" : 9, "CardSuits" : 3 }, { "CardWeight" : 5, "CardSuits" : 1 }, { "CardWeight" : 9, "CardSuits" : 0 }, { "CardWeight" : 12, "CardSuits" : 2 }, { "CardWeight" : 12, "CardSuits" : 3 }, { "CardWeight" : 1, "CardSuits" : 3 }, { "CardWeight" : 7, "CardSuits" : 1 }, { "CardWeight" : 14, "CardSuits" : 4 }, { "CardWeight" : 0, "CardSuits" : 1 }, { "CardWeight" : 12, "CardSuits" : 0 }, { "CardWeight" : 7, "CardSuits" : 0 }], "GamersCardNum" : [{ "UserID" : NumberLong("101611473927"), "Num" : 17 }, { "UserID" : NumberLong("101611476862"), "Num" : 17 }, { "UserID" : NumberLong("101611576931"), "Num" : 17 }] }
2021-01-29 00:08:45.8280 AllServer 0001 (Session.cs:142) { "_t" : "Actor_GameStartHandCards_Ntt", "RpcId" : 0, "ActorId" : NumberLong("281474976710751"), "HandCards" : [{ "CardWeight" : 10, "CardSuits" : 3 }, { "CardWeight" : 10, "CardSuits" : 2 }, { "CardWeight" : 7, "CardSuits" : 3 }, { "CardWeight" : 5, "CardSuits" : 2 }, { "CardWeight" : 3, "CardSuits" : 0 }, { "CardWeight" : 7, "CardSuits" : 2 }, { "CardWeight" : 10, "CardSuits" : 1 }, { "CardWeight" : 9, "CardSuits" : 2 }, { "CardWeight" : 11, "CardSuits" : 3 }, { "CardWeight" : 8, "CardSuits" : 2 }, { "CardWeight" : 8, "CardSuits" : 1 }, { "CardWeight" : 6, "CardSuits" : 3 }, { "CardWeight" : 5, "CardSuits" : 0 }, { "CardWeight" : 2, "CardSuits" : 0 }, { "CardWeight" : 6, "CardSuits" : 1 }, { "CardWeight" : 11, "CardSuits" : 1 }, { "CardWeight" : 1, "CardSuits" : 1 }], "GamersCardNum" : [{ "UserID" : NumberLong("101611473927"), "Num" : 17 }, { "UserID" : NumberLong("101611476862"), "Num" : 17 }, { "UserID" : NumberLong("101611576931"), "Num" : 17 }] }
2021-01-29 00:08:45.8354 AllServer 0001 (Session.cs:142) { "_t" : "Actor_GameStartHandCards_Ntt", "RpcId" : 0, "ActorId" : NumberLong("281474976710771"), "HandCards" : [{ "CardWeight" : 4, "CardSuits" : 3 }, { "CardWeight" : 8, "CardSuits" : 3 }, { "CardWeight" : 6, "CardSuits" : 2 }, { "CardWeight" : 3, "CardSuits" : 1 }, { "CardWeight" : 10, "CardSuits" : 0 }, { "CardWeight" : 0, "CardSuits" : 2 }, { "CardWeight" : 1, "CardSuits" : 0 }, { "CardWeight" : 3, "CardSuits" : 3 }, { "CardWeight" : 9, "CardSuits" : 1 }, { "CardWeight" : 3, "CardSuits" : 2 }, { "CardWeight" : 11, "CardSuits" : 2 }, { "CardWeight" : 2, "CardSuits" : 3 }, { "CardWeight" : 0, "CardSuits" : 3 }, { "CardWeight" : 1, "CardSuits" : 2 }, { "CardWeight" : 4, "CardSuits" : 0 }, { "CardWeight" : 6, "CardSuits" : 0 }, { "CardWeight" : 2, "CardSuits" : 1 }], "GamersCardNum" : [{ "UserID" : NumberLong("101611473927"), "Num" : 17 }, { "UserID" : NumberLong("101611476862"), "Num" : 17 }, { "UserID" : NumberLong("101611576931"), "Num" : 17 }] }
2021-01-29 00:09:16.8940 AllServer 0001 (Session.cs:142) { "_t" : "C2G_ReturnLobby_Ntt", "RpcId" : 0 }
2021-01-29 00:09:16.9333 AllServer 0001 (Session.cs:142) { "_t" : "A1001_GetUserInfo_C2G", "RpcId" : 8 }
2021-01-29 00:09:16.9594 AllServer 0001 (Session.cs:142) { "_t" : "Actor_PlayerExitRoom_G2M", "RpcId" : 0, "ActorId" : NumberLong("281474976710740") }
2021-01-29 00:09:16.9594 AllServer 0001 (Session.cs:142) { "_t" : "DBQueryRequest", "RpcId" : 26, "_id" : NumberLong("101611473927"), "NeedCache" : true, "CollectionName" : "UserInfo" }
2021-01-29 00:09:16.9886 AllServer 0001 (Session.cs:142) { "_t" : "DBQueryResponse", "RpcId" : 26, "Error" : 0, "Message" : null, "Component" : { "_t" : "UserInfo", "_id" : NumberLong("101611473927"), "C" : [], "UserName" : "a", "Level" : 1, "Money" : NumberLong(10000), "Phone" : NumberLong(0), "Email" : null, "Sex" : null, "Title" : null, "LastPlay" : 0 } }
2021-01-29 00:09:22.0837 AllServer 0001 (Session.cs:142) { "_t" : "C2G_ReturnLobby_Ntt", "RpcId" : 0 }
2021-01-29 00:09:22.0837 AllServer 0001 (Session.cs:142) { "_t" : "A1001_GetUserInfo_C2G", "RpcId" : 8 }
2021-01-29 00:09:22.0990 AllServer 0001 (Session.cs:142) { "_t" : "Actor_PlayerExitRoom_G2M", "RpcId" : 0, "ActorId" : NumberLong("281474976710760") }
2021-01-29 00:09:22.0990 AllServer 0001 (Session.cs:142) { "_t" : "DBQueryRequest", "RpcId" : 27, "_id" : NumberLong("101611476862"), "NeedCache" : true, "CollectionName" : "UserInfo" }
2021-01-29 00:09:22.1145 AllServer 0001 (Session.cs:142) { "_t" : "DBQueryResponse", "RpcId" : 27, "Error" : 0, "Message" : null, "Component" : { "_t" : "UserInfo", "_id" : NumberLong("101611476862"), "C" : [], "UserName" : "b", "Level" : 1, "Money" : NumberLong(10000), "Phone" : NumberLong(123456), "Email" : "b@b.b", "Sex" : "man", "Title" : "贫农", "LastPlay" : 0 } }
2021-01-29 00:09:26.1433 AllServer 0001 (Session.cs:142) { "_t" : "C2G_ReturnLobby_Ntt", "RpcId" : 0 }
2021-01-29 00:09:26.1433 AllServer 0001 (Session.cs:142) { "_t" : "A1001_GetUserInfo_C2G", "RpcId" : 8 }
2021-01-29 00:09:26.1589 AllServer 0001 (Session.cs:142) { "_t" : "Actor_PlayerExitRoom_G2M", "RpcId" : 0, "ActorId" : NumberLong("281474976710780") }
2021-01-29 00:09:26.1589 AllServer 0001 (Session.cs:142) { "_t" : "DBQueryRequest", "RpcId" : 28, "_id" : NumberLong("101611576931"), "NeedCache" : true, "CollectionName" : "UserInfo" }
2021-01-29 00:09:26.1748 AllServer 0001 (Session.cs:142) { "_t" : "DBQueryResponse", "RpcId" : 28, "Error" : 0, "Message" : null, "Component" : { "_t" : "UserInfo", "_id" : NumberLong("101611576931"), "C" : [], "UserName" : "c", "Level" : 1, "Money" : NumberLong(10000), "Phone" : NumberLong(12345678), "Email" : "c@cc.c", "Sex" : "男", "Title" : "贫农", "LastPlay" : 0 } }
2021-01-29 00:09:28.6620 AllServer 0001 (Session.cs:142) { "_t" : "A0005_PlayerOffline_G2R", "RpcId" : 0, "UserID" : NumberLong("101611576931") }
2021-01-29 00:10:04.6288 AllServer 0001 (Session.cs:142) { "_t" : "A1003_ClientLogout_C2G", "RpcId" : 9 }
2021-01-29 00:10:04.6586 AllServer 0001 (Session.cs:142) { "_t" : "A0005_PlayerOffline_G2R", "RpcId" : 0, "UserID" : NumberLong("101611473927") }
2021-01-29 00:10:06.7600 AllServer 0001 (Session.cs:142) { "_t" : "A0002_Login_C2R", "RpcId" : 10, "Account" : "a", "Password" : "a" }
2021-01-29 00:10:06.7758 AllServer 0001 (Session.cs:142) { "_t" : "DBQueryJsonRequest", "RpcId" : 29, "CollectionName" : "AccountInfo", "Json" : "{Account:'a',Password:'a'}" }
2021-01-29 00:10:06.8060 AllServer 0001 (Session.cs:142) { "_t" : "DBQueryJsonResponse", "Components" : [{ "_t" : "AccountInfo", "_id" : NumberLong("101611473927"), "C" : [], "Account" : "a", "Password" : "a" }], "RpcId" : 29, "Error" : 0, "Message" : null }
2021-01-29 00:10:06.8219 AllServer 0001 (Session.cs:142) { "_t" : "A0006_GetLoginKey_R2G", "RpcId" : 30, "UserID" : NumberLong("101611473927") }
2021-01-29 00:10:06.8375 AllServer 0001 (Session.cs:142) { "_t" : "A0006_GetLoginKey_G2R", "RpcId" : 30, "Error" : 0, "Message" : null, "GateLoginKey" : NumberLong("-1659904520622716665") }
2021-01-29 00:10:06.8527 AllServer 0001 (Session.cs:142) { "_t" : "A0003_LoginGate_C2G", "RpcId" : 11, "GateLoginKey" : NumberLong("-1659904520622716665") }
2021-01-29 00:10:06.8687 AllServer 0001 (Session.cs:142) { "_t" : "A0004_PlayerOnline_G2R", "RpcId" : 0, "UserID" : NumberLong("101611473927"), "GateAppID" : 1 }
2021-01-29 00:10:06.8687 AllServer 0001 (Session.cs:142) { "_t" : "A1001_GetUserInfo_C2G", "RpcId" : 12 }
2021-01-29 00:10:06.8846 AllServer 0001 (Session.cs:142) { "_t" : "DBQueryRequest", "RpcId" : 31, "_id" : NumberLong("101611473927"), "NeedCache" : true, "CollectionName" : "UserInfo" }
2021-01-29 00:10:06.9006 AllServer 0001 (Session.cs:142) { "_t" : "DBQueryResponse", "RpcId" : 31, "Error" : 0, "Message" : null, "Component" : { "_t" : "UserInfo", "_id" : NumberLong("101611473927"), "C" : [], "UserName" : "a", "Level" : 1, "Money" : NumberLong(10000), "Phone" : NumberLong(0), "Email" : null, "Sex" : null, "Title" : null, "LastPlay" : 0 } }
2021-01-29 00:10:16.2163 AllServer 0001 (Session.cs:142) { "_t" : "A1003_ClientLogout_C2G", "RpcId" : 13 }
2021-01-29 00:10:16.2470 AllServer 0001 (Session.cs:142) { "_t" : "A0005_PlayerOffline_G2R", "RpcId" : 0, "UserID" : NumberLong("101611473927") }
2021-01-29 00:10:18.8477 AllServer 0001 (Session.cs:142) { "_t" : "A0002_Login_C2R", "RpcId" : 14, "Account" : "c", "Password" : "c" }
2021-01-29 00:10:18.8628 AllServer 0001 (Session.cs:142) { "_t" : "DBQueryJsonRequest", "RpcId" : 32, "CollectionName" : "AccountInfo", "Json" : "{Account:'c',Password:'c'}" }
2021-01-29 00:10:18.8932 AllServer 0001 (Session.cs:142) { "_t" : "DBQueryJsonResponse", "Components" : [{ "_t" : "AccountInfo", "_id" : NumberLong("101611576931"), "C" : [], "Account" : "c", "Password" : "c" }], "RpcId" : 32, "Error" : 0, "Message" : null }
2021-01-29 00:10:18.9090 AllServer 0001 (Session.cs:142) { "_t" : "A0006_GetLoginKey_R2G", "RpcId" : 33, "UserID" : NumberLong("101611576931") }
2021-01-29 00:10:18.9250 AllServer 0001 (Session.cs:142) { "_t" : "A0006_GetLoginKey_G2R", "RpcId" : 33, "Error" : 0, "Message" : null, "GateLoginKey" : NumberLong("5469814307453813872") }
2021-01-29 00:10:18.9409 AllServer 0001 (Session.cs:142) { "_t" : "A0003_LoginGate_C2G", "RpcId" : 15, "GateLoginKey" : NumberLong("5469814307453813872") }
2021-01-29 00:10:18.9571 AllServer 0001 (Session.cs:142) { "_t" : "A0004_PlayerOnline_G2R", "RpcId" : 0, "UserID" : NumberLong("101611576931"), "GateAppID" : 1 }
2021-01-29 00:10:18.9571 AllServer 0001 (Session.cs:142) { "_t" : "A1001_GetUserInfo_C2G", "RpcId" : 16 }
2021-01-29 00:10:18.9730 AllServer 0001 (Session.cs:142) { "_t" : "DBQueryRequest", "RpcId" : 34, "_id" : NumberLong("101611576931"), "NeedCache" : true, "CollectionName" : "UserInfo" }
2021-01-29 00:10:18.9889 AllServer 0001 (Session.cs:142) { "_t" : "DBQueryResponse", "RpcId" : 34, "Error" : 0, "Message" : null, "Component" : { "_t" : "UserInfo", "_id" : NumberLong("101611576931"), "C" : [], "UserName" : "c", "Level" : 1, "Money" : NumberLong(10000), "Phone" : NumberLong(12345678), "Email" : "c@cc.c", "Sex" : "男", "Title" : "贫农", "LastPlay" : 0 } }
2021-01-29 00:10:27.5334 AllServer 0001 (Session.cs:142) { "_t" : "A0002_Login_C2R", "RpcId" : 1, "Account" : "d", "Password" : "d" }
2021-01-29 00:10:27.5494 AllServer 0001 (Session.cs:142) { "_t" : "DBQueryJsonRequest", "RpcId" : 35, "CollectionName" : "AccountInfo", "Json" : "{Account:'d',Password:'d'}" }
2021-01-29 00:10:27.5814 AllServer 0001 (Session.cs:142) { "_t" : "DBQueryJsonResponse", "Components" : [], "RpcId" : 35, "Error" : 0, "Message" : null }
2021-01-29 00:10:30.6785 AllServer 0001 (Session.cs:142) { "_t" : "A0001_Register_C2R", "RpcId" : 2, "Account" : "d", "Password" : "d" }
2021-01-29 00:10:30.6928 AllServer 0001 (Session.cs:142) { "_t" : "DBQueryJsonRequest", "RpcId" : 36, "CollectionName" : "AccountInfo", "Json" : "{Account:'d'}" }
2021-01-29 00:10:30.7237 AllServer 0001 (Session.cs:142) { "_t" : "DBQueryJsonResponse", "Components" : [], "RpcId" : 36, "Error" : 0, "Message" : null }
2021-01-29 00:10:30.7416 AllServer 0001 (Session.cs:142) { "_t" : "DBSaveRequest", "RpcId" : 37, "NeedCache" : true, "CollectionName" : null, "Component" : { "_t" : "AccountInfo", "_id" : NumberLong("101611850231"), "C" : [], "Account" : "d", "Password" : "d" } }
2021-01-29 00:10:30.8823 AllServer 0001 (Session.cs:142) { "_t" : "DBSaveResponse", "RpcId" : 37, "Error" : 0, "Message" : null }
2021-01-29 00:10:30.8964 AllServer 0001 (Session.cs:142) { "_t" : "DBSaveRequest", "RpcId" : 38, "NeedCache" : true, "CollectionName" : null, "Component" : { "_t" : "UserInfo", "_id" : NumberLong("101611850231"), "C" : [], "UserName" : "d", "Level" : 1, "Money" : NumberLong(10000), "Phone" : NumberLong(0), "Email" : "", "Sex" : "", "Title" : "贫农", "LastPlay" : 0 } }
2021-01-29 00:10:30.9283 AllServer 0001 (Session.cs:142) { "_t" : "DBSaveResponse", "RpcId" : 38, "Error" : 0, "Message" : null }
2021-01-29 00:10:31.7844 AllServer 0001 (Session.cs:142) { "_t" : "A0002_Login_C2R", "RpcId" : 3, "Account" : "d", "Password" : "d" }
2021-01-29 00:10:31.8003 AllServer 0001 (Session.cs:142) { "_t" : "DBQueryJsonRequest", "RpcId" : 39, "CollectionName" : "AccountInfo", "Json" : "{Account:'d',Password:'d'}" }
2021-01-29 00:10:31.8313 AllServer 0001 (Session.cs:142) { "_t" : "DBQueryJsonResponse", "Components" : [{ "_t" : "AccountInfo", "_id" : NumberLong("101611850231"), "C" : [], "Account" : "d", "Password" : "d" }], "RpcId" : 39, "Error" : 0, "Message" : null }
2021-01-29 00:10:31.8466 AllServer 0001 (Session.cs:142) { "_t" : "A0006_GetLoginKey_R2G", "RpcId" : 40, "UserID" : NumberLong("101611850231") }
2021-01-29 00:10:31.8626 AllServer 0001 (Session.cs:142) { "_t" : "A0006_GetLoginKey_G2R", "RpcId" : 40, "Error" : 0, "Message" : null, "GateLoginKey" : NumberLong("3992018585568064363") }
2021-01-29 00:10:31.8776 AllServer 0001 (Session.cs:142) { "_t" : "A0003_LoginGate_C2G", "RpcId" : 4, "GateLoginKey" : NumberLong("3992018585568064363") }
2021-01-29 00:10:31.8936 AllServer 0001 (Session.cs:142) { "_t" : "A0004_PlayerOnline_G2R", "RpcId" : 0, "UserID" : NumberLong("101611850231"), "GateAppID" : 1 }
2021-01-29 00:10:31.9085 AllServer 0001 (Session.cs:142) { "_t" : "A1001_GetUserInfo_C2G", "RpcId" : 5 }
2021-01-29 00:10:31.9245 AllServer 0001 (Session.cs:142) { "_t" : "DBQueryRequest", "RpcId" : 41, "_id" : NumberLong("101611850231"), "NeedCache" : true, "CollectionName" : "UserInfo" }
2021-01-29 00:10:31.9408 AllServer 0001 (Session.cs:142) { "_t" : "DBQueryResponse", "RpcId" : 41, "Error" : 0, "Message" : null, "Component" : { "_t" : "UserInfo", "_id" : NumberLong("101611850231"), "C" : [], "UserName" : "d", "Level" : 1, "Money" : NumberLong(10000), "Phone" : NumberLong(0), "Email" : "", "Sex" : "", "Title" : "贫农", "LastPlay" : 0 } }
2021-01-29 00:10:34.0531 AllServer 0001 (Session.cs:142) { "_t" : "C2G_StartMatch_Req", "RpcId" : 6 }
2021-01-29 00:10:34.0531 AllServer 0001 (C2G_StartMatch_Handler.cs:13) 玩家开始匹配
2021-01-29 00:10:34.0844 AllServer 0001 (Session.cs:142) { "_t" : "DBQueryRequest", "RpcId" : 42, "_id" : NumberLong("101611850231"), "NeedCache" : true, "CollectionName" : "UserInfo" }
2021-01-29 00:10:34.1016 AllServer 0001 (Session.cs:142) { "_t" : "DBQueryResponse", "RpcId" : 42, "Error" : 0, "Message" : null, "Component" : { "_t" : "UserInfo", "_id" : NumberLong("101611850231"), "C" : [], "UserName" : "d", "Level" : 1, "Money" : NumberLong(10000), "Phone" : NumberLong(0), "Email" : "", "Sex" : "", "Title" : "贫农", "LastPlay" : 0 } }
2021-01-29 00:10:34.1016 AllServer 0001 (GateHelper.cs:51) 127.0.0.1:20002
2021-01-29 00:10:34.1166 AllServer 0001 (Session.cs:142) { "_t" : "EnterMatchs_G2M", "RpcId" : 0, "UserID" : NumberLong("101611850231"), "GActorID" : NumberLong("281474976710842"), "CActorID" : NumberLong("281474976710841") }
2021-01-29 00:10:34.1319 AllServer 0001 (Session.cs:142) { "_t" : "ObjectAddRequest", "RpcId" : 43, "Key" : NumberLong("281474976710848"), "InstanceId" : NumberLong("281474976710848") }
2021-01-29 00:10:34.1319 AllServer 0001 (Session.cs:142) { "_t" : "C2G_GetUserInfoInRoom_Req", "RpcId" : 7, "UserID" : NumberLong("101611850231") }
2021-01-29 00:10:34.1479 AllServer 0001 (Session.cs:142) { "_t" : "ObjectAddResponse", "RpcId" : 43, "Error" : 0, "Message" : null }
2021-01-29 00:10:34.1479 AllServer 0001 (LandMatchComponentSystem.cs:51) 一位玩家加入队列
2021-01-29 00:10:34.1479 AllServer 0001 (LandMatchComponentSystem.cs:142) 转发给了客户端一条消息，客户端Session：281474976710841
2021-01-29 00:10:34.1479 AllServer 0001 (Session.cs:142) { "_t" : "DBQueryRequest", "RpcId" : 44, "_id" : NumberLong("101611850231"), "NeedCache" : true, "CollectionName" : "UserInfo" }
2021-01-29 00:10:34.1628 AllServer 0001 (Session.cs:142) { "_t" : "Actor_LandMatcherPlusOne_NTT", "RpcId" : 0, "ActorId" : NumberLong("281474976710841"), "MatchingNumber" : 1 }
2021-01-29 00:10:34.1628 AllServer 0001 (Session.cs:142) { "_t" : "ObjectAddRequest", "RpcId" : 45, "Key" : NumberLong("281474976710850"), "InstanceId" : NumberLong("281474976710850") }
2021-01-29 00:10:34.1628 AllServer 0001 (Session.cs:142) { "_t" : "DBQueryResponse", "RpcId" : 44, "Error" : 0, "Message" : null, "Component" : { "_t" : "UserInfo", "_id" : NumberLong("101611850231"), "C" : [], "UserName" : "d", "Level" : 1, "Money" : NumberLong(10000), "Phone" : NumberLong(0), "Email" : "", "Sex" : "", "Title" : "贫农", "LastPlay" : 0 } }
2021-01-29 00:10:34.1792 AllServer 0001 (Session.cs:142) { "_t" : "ObjectAddResponse", "RpcId" : 45, "Error" : 0, "Message" : null }
2021-01-29 00:10:34.1948 AllServer 0001 (Session.cs:142) { "_t" : "Actor_GamerEnterRoom_Ntt", "RpcId" : 0, "ActorId" : NumberLong("281474976710841"), "Gamers" : [{ "UserID" : NumberLong("101611850231") }, { "UserID" : NumberLong(0) }, { "UserID" : NumberLong(0) }] }
2021-01-29 00:10:34.1948 AllServer 0001 (Session.cs:142) { "_t" : "Actor_MatchSucess_M2G", "ActorId" : NumberLong("281474976710842"), "GamerID" : NumberLong("281474976710848") }
2021-01-29 00:10:39.5829 AllServer 0001 (Session.cs:142) { "_t" : "C2G_StartMatch_Req", "RpcId" : 17 }
2021-01-29 00:10:39.6134 AllServer 0001 (C2G_StartMatch_Handler.cs:13) 玩家开始匹配
2021-01-29 00:10:39.6524 AllServer 0001 (Session.cs:142) { "_t" : "DBQueryRequest", "RpcId" : 46, "_id" : NumberLong("101611576931"), "NeedCache" : true, "CollectionName" : "UserInfo" }
2021-01-29 00:10:39.6978 AllServer 0001 (Session.cs:142) { "_t" : "DBQueryResponse", "RpcId" : 46, "Error" : 0, "Message" : null, "Component" : { "_t" : "UserInfo", "_id" : NumberLong("101611576931"), "C" : [], "UserName" : "c", "Level" : 1, "Money" : NumberLong(10000), "Phone" : NumberLong(12345678), "Email" : "c@cc.c", "Sex" : "男", "Title" : "贫农", "LastPlay" : 0 } }
2021-01-29 00:10:39.7479 AllServer 0001 (GateHelper.cs:51) 127.0.0.1:20002
2021-01-29 00:10:39.7878 AllServer 0001 (Session.cs:142) { "_t" : "EnterMatchs_G2M", "RpcId" : 0, "UserID" : NumberLong("101611576931"), "GActorID" : NumberLong("281474976710817"), "CActorID" : NumberLong("281474976710816") }
2021-01-29 00:10:39.8110 AllServer 0001 (Session.cs:142) { "_t" : "C2G_GetUserInfoInRoom_Req", "RpcId" : 18, "UserID" : NumberLong("101611576931") }
2021-01-29 00:10:39.8313 AllServer 0001 (Session.cs:142) { "_t" : "ObjectAddRequest", "RpcId" : 47, "Key" : NumberLong("281474976710854"), "InstanceId" : NumberLong("281474976710854") }
2021-01-29 00:10:39.8458 AllServer 0001 (Session.cs:142) { "_t" : "DBQueryRequest", "RpcId" : 48, "_id" : NumberLong("101611576931"), "NeedCache" : true, "CollectionName" : "UserInfo" }
2021-01-29 00:10:39.8650 AllServer 0001 (Session.cs:142) { "_t" : "ObjectAddResponse", "RpcId" : 47, "Error" : 0, "Message" : null }
2021-01-29 00:10:39.8650 AllServer 0001 (LandMatchComponentSystem.cs:51) 一位玩家加入队列
2021-01-29 00:10:39.8650 AllServer 0001 (LandMatchComponentSystem.cs:142) 转发给了客户端一条消息，客户端Session：281474976710816
2021-01-29 00:10:39.8807 AllServer 0001 (Session.cs:142) { "_t" : "DBQueryResponse", "RpcId" : 48, "Error" : 0, "Message" : null, "Component" : { "_t" : "UserInfo", "_id" : NumberLong("101611576931"), "C" : [], "UserName" : "c", "Level" : 1, "Money" : NumberLong(10000), "Phone" : NumberLong(12345678), "Email" : "c@cc.c", "Sex" : "男", "Title" : "贫农", "LastPlay" : 0 } }
2021-01-29 00:10:39.9112 AllServer 0001 (Session.cs:142) { "_t" : "Actor_LandMatcherPlusOne_NTT", "RpcId" : 0, "ActorId" : NumberLong("281474976710816"), "MatchingNumber" : 1 }
2021-01-29 00:10:39.9112 AllServer 0001 (Session.cs:142) { "_t" : "Actor_GamerEnterRoom_Ntt", "RpcId" : 0, "ActorId" : NumberLong("281474976710841"), "Gamers" : [{ "UserID" : NumberLong("101611850231") }, { "UserID" : NumberLong("101611576931") }, { "UserID" : NumberLong(0) }] }
2021-01-29 00:10:39.9321 AllServer 0001 (Session.cs:142) { "_t" : "Actor_GamerEnterRoom_Ntt", "RpcId" : 0, "ActorId" : NumberLong("281474976710816"), "Gamers" : [{ "UserID" : NumberLong("101611850231") }, { "UserID" : NumberLong("101611576931") }, { "UserID" : NumberLong(0) }] }
2021-01-29 00:10:39.9385 AllServer 0001 (Session.cs:142) { "_t" : "Actor_MatchSucess_M2G", "ActorId" : NumberLong("281474976710817"), "GamerID" : NumberLong("281474976710854") }
2021-01-29 00:10:39.9586 AllServer 0001 (Session.cs:142) { "_t" : "C2G_GetUserInfoInRoom_Req", "RpcId" : 19, "UserID" : NumberLong("101611850231") }
2021-01-29 00:10:39.9779 AllServer 0001 (Session.cs:142) { "_t" : "C2G_GetUserInfoInRoom_Req", "RpcId" : 8, "UserID" : NumberLong("101611576931") }
2021-01-29 00:10:39.9896 AllServer 0001 (Session.cs:142) { "_t" : "DBQueryRequest", "RpcId" : 49, "_id" : NumberLong("101611850231"), "NeedCache" : true, "CollectionName" : "UserInfo" }
2021-01-29 00:10:39.9896 AllServer 0001 (Session.cs:142) { "_t" : "DBQueryRequest", "RpcId" : 50, "_id" : NumberLong("101611576931"), "NeedCache" : true, "CollectionName" : "UserInfo" }
2021-01-29 00:10:40.0050 AllServer 0001 (Session.cs:142) { "_t" : "DBQueryResponse", "RpcId" : 49, "Error" : 0, "Message" : null, "Component" : { "_t" : "UserInfo", "_id" : NumberLong("101611850231"), "C" : [], "UserName" : "d", "Level" : 1, "Money" : NumberLong(10000), "Phone" : NumberLong(0), "Email" : "", "Sex" : "", "Title" : "贫农", "LastPlay" : 0 } }
2021-01-29 00:10:40.0050 AllServer 0001 (Session.cs:142) { "_t" : "DBQueryResponse", "RpcId" : 50, "Error" : 0, "Message" : null, "Component" : { "_t" : "UserInfo", "_id" : NumberLong("101611576931"), "C" : [], "UserName" : "c", "Level" : 1, "Money" : NumberLong(10000), "Phone" : NumberLong(12345678), "Email" : "c@cc.c", "Sex" : "男", "Title" : "贫农", "LastPlay" : 0 } }
2021-01-29 00:10:41.1499 AllServer 0001 (Session.cs:142) { "_t" : "C2G_StartMatch_Req", "RpcId" : 9 }
2021-01-29 00:10:41.1686 AllServer 0001 (C2G_StartMatch_Handler.cs:13) 玩家开始匹配
2021-01-29 00:10:41.1826 AllServer 0001 (Session.cs:142) { "_t" : "DBQueryRequest", "RpcId" : 51, "_id" : NumberLong("101611476862"), "NeedCache" : true, "CollectionName" : "UserInfo" }
2021-01-29 00:10:41.1994 AllServer 0001 (Session.cs:142) { "_t" : "DBQueryResponse", "RpcId" : 51, "Error" : 0, "Message" : null, "Component" : { "_t" : "UserInfo", "_id" : NumberLong("101611476862"), "C" : [], "UserName" : "b", "Level" : 1, "Money" : NumberLong(10000), "Phone" : NumberLong(123456), "Email" : "b@b.b", "Sex" : "man", "Title" : "贫农", "LastPlay" : 0 } }
2021-01-29 00:10:41.1994 AllServer 0001 (GateHelper.cs:51) 127.0.0.1:20002
2021-01-29 00:10:41.2288 AllServer 0001 (Session.cs:142) { "_t" : "EnterMatchs_G2M", "RpcId" : 0, "UserID" : NumberLong("101611476862"), "GActorID" : NumberLong("281474976710752"), "CActorID" : NumberLong("281474976710751") }
2021-01-29 00:10:41.2550 AllServer 0001 (Session.cs:142) { "_t" : "C2G_GetUserInfoInRoom_Req", "RpcId" : 10, "UserID" : NumberLong("101611476862") }
2021-01-29 00:10:41.2759 AllServer 0001 (Session.cs:142) { "_t" : "ObjectAddRequest", "RpcId" : 52, "Key" : NumberLong("281474976710860"), "InstanceId" : NumberLong("281474976710860") }
2021-01-29 00:10:41.2841 AllServer 0001 (Session.cs:142) { "_t" : "DBQueryRequest", "RpcId" : 53, "_id" : NumberLong("101611476862"), "NeedCache" : true, "CollectionName" : "UserInfo" }
2021-01-29 00:10:41.3096 AllServer 0001 (Session.cs:142) { "_t" : "ObjectAddResponse", "RpcId" : 52, "Error" : 0, "Message" : null }
2021-01-29 00:10:41.3208 AllServer 0001 (LandMatchComponentSystem.cs:51) 一位玩家加入队列
2021-01-29 00:10:41.3318 AllServer 0001 (LandMatchComponentSystem.cs:142) 转发给了客户端一条消息，客户端Session：281474976710751
2021-01-29 00:10:41.3459 AllServer 0001 (Session.cs:142) { "_t" : "DBQueryResponse", "RpcId" : 53, "Error" : 0, "Message" : null, "Component" : { "_t" : "UserInfo", "_id" : NumberLong("101611476862"), "C" : [], "UserName" : "b", "Level" : 1, "Money" : NumberLong(10000), "Phone" : NumberLong(123456), "Email" : "b@b.b", "Sex" : "man", "Title" : "贫农", "LastPlay" : 0 } }
2021-01-29 00:10:41.3708 AllServer 0001 (Session.cs:142) { "_t" : "Actor_LandMatcherPlusOne_NTT", "RpcId" : 0, "ActorId" : NumberLong("281474976710751"), "MatchingNumber" : 1 }
2021-01-29 00:10:41.3708 AllServer 0001 (Session.cs:142) { "_t" : "Actor_GamerEnterRoom_Ntt", "RpcId" : 0, "ActorId" : NumberLong("281474976710841"), "Gamers" : [{ "UserID" : NumberLong("101611850231") }, { "UserID" : NumberLong("101611576931") }, { "UserID" : NumberLong("101611476862") }] }
2021-01-29 00:10:41.3816 AllServer 0001 (Session.cs:142) { "_t" : "Actor_GamerEnterRoom_Ntt", "RpcId" : 0, "ActorId" : NumberLong("281474976710816"), "Gamers" : [{ "UserID" : NumberLong("101611850231") }, { "UserID" : NumberLong("101611576931") }, { "UserID" : NumberLong("101611476862") }] }
2021-01-29 00:10:41.3954 AllServer 0001 (Session.cs:142) { "_t" : "Actor_GamerEnterRoom_Ntt", "RpcId" : 0, "ActorId" : NumberLong("281474976710751"), "Gamers" : [{ "UserID" : NumberLong("101611850231") }, { "UserID" : NumberLong("101611576931") }, { "UserID" : NumberLong("101611476862") }] }
2021-01-29 00:10:41.3954 AllServer 0001 (Session.cs:142) { "_t" : "Actor_MatchSucess_M2G", "ActorId" : NumberLong("281474976710752"), "GamerID" : NumberLong("281474976710860") }
2021-01-29 00:10:41.4070 AllServer 0001 (Session.cs:142) { "_t" : "C2G_GetUserInfoInRoom_Req", "RpcId" : 11, "UserID" : NumberLong("101611850231") }
2021-01-29 00:10:41.4242 AllServer 0001 (Session.cs:142) { "_t" : "C2G_GetUserInfoInRoom_Req", "RpcId" : 12, "UserID" : NumberLong("101611576931") }
2021-01-29 00:10:41.4242 AllServer 0001 (Session.cs:142) { "_t" : "C2G_GetUserInfoInRoom_Req", "RpcId" : 20, "UserID" : NumberLong("101611476862") }
2021-01-29 00:10:41.4242 AllServer 0001 (Session.cs:142) { "_t" : "C2G_GetUserInfoInRoom_Req", "RpcId" : 9, "UserID" : NumberLong("101611476862") }
2021-01-29 00:10:41.4638 AllServer 0001 (Session.cs:142) { "_t" : "DBQueryRequest", "RpcId" : 54, "_id" : NumberLong("101611850231"), "NeedCache" : true, "CollectionName" : "UserInfo" }
2021-01-29 00:10:41.4742 AllServer 0001 (Session.cs:142) { "_t" : "DBQueryRequest", "RpcId" : 55, "_id" : NumberLong("101611576931"), "NeedCache" : true, "CollectionName" : "UserInfo" }
2021-01-29 00:10:41.4742 AllServer 0001 (Session.cs:142) { "_t" : "DBQueryRequest", "RpcId" : 56, "_id" : NumberLong("101611476862"), "NeedCache" : true, "CollectionName" : "UserInfo" }
2021-01-29 00:10:41.4965 AllServer 0001 (Session.cs:142) { "_t" : "DBQueryRequest", "RpcId" : 57, "_id" : NumberLong("101611476862"), "NeedCache" : true, "CollectionName" : "UserInfo" }
2021-01-29 00:10:41.5125 AllServer 0001 (Session.cs:142) { "_t" : "DBQueryResponse", "RpcId" : 54, "Error" : 0, "Message" : null, "Component" : { "_t" : "UserInfo", "_id" : NumberLong("101611850231"), "C" : [], "UserName" : "d", "Level" : 1, "Money" : NumberLong(10000), "Phone" : NumberLong(0), "Email" : "", "Sex" : "", "Title" : "贫农", "LastPlay" : 0 } }
2021-01-29 00:10:41.5296 AllServer 0001 (Session.cs:142) { "_t" : "DBQueryResponse", "RpcId" : 55, "Error" : 0, "Message" : null, "Component" : { "_t" : "UserInfo", "_id" : NumberLong("101611576931"), "C" : [], "UserName" : "c", "Level" : 1, "Money" : NumberLong(10000), "Phone" : NumberLong(12345678), "Email" : "c@cc.c", "Sex" : "男", "Title" : "贫农", "LastPlay" : 0 } }
2021-01-29 00:10:41.5487 AllServer 0001 (Session.cs:142) { "_t" : "DBQueryResponse", "RpcId" : 56, "Error" : 0, "Message" : null, "Component" : { "_t" : "UserInfo", "_id" : NumberLong("101611476862"), "C" : [], "UserName" : "b", "Level" : 1, "Money" : NumberLong(10000), "Phone" : NumberLong(123456), "Email" : "b@b.b", "Sex" : "man", "Title" : "贫农", "LastPlay" : 0 } }
2021-01-29 00:10:41.5487 AllServer 0001 (Session.cs:142) { "_t" : "DBQueryResponse", "RpcId" : 57, "Error" : 0, "Message" : null, "Component" : { "_t" : "UserInfo", "_id" : NumberLong("101611476862"), "C" : [], "UserName" : "b", "Level" : 1, "Money" : NumberLong(10000), "Phone" : NumberLong(123456), "Email" : "b@b.b", "Sex" : "man", "Title" : "贫农", "LastPlay" : 0 } }
2021-01-29 00:10:43.9297 AllServer 0001 (Session.cs:142) { "_t" : "Actor_GamerReady_Landlords", "RpcId" : 0, "ActorId" : NumberLong(0), "UserID" : NumberLong(0) }
2021-01-29 00:10:43.9456 AllServer 0001 (Session.cs:142) { "_t" : "Actor_GamerReady_Landlords", "RpcId" : 0, "ActorId" : NumberLong("281474976710848"), "UserID" : NumberLong(0) }
2021-01-29 00:10:43.9456 AllServer 0001 (RoomSystem.cs:12) 检查游戏是否可以开始
2021-01-29 00:10:43.9624 AllServer 0001 (Session.cs:142) { "_t" : "Actor_GamerReady_Landlords", "RpcId" : 0, "ActorId" : NumberLong("281474976710841"), "UserID" : NumberLong("101611850231") }
2021-01-29 00:10:43.9624 AllServer 0001 (Session.cs:142) { "_t" : "Actor_GamerReady_Landlords", "RpcId" : 0, "ActorId" : NumberLong("281474976710816"), "UserID" : NumberLong("101611850231") }
2021-01-29 00:10:43.9833 AllServer 0001 (Session.cs:142) { "_t" : "Actor_GamerReady_Landlords", "RpcId" : 0, "ActorId" : NumberLong("281474976710751"), "UserID" : NumberLong("101611850231") }
2021-01-29 00:10:48.0074 AllServer 0001 (Session.cs:142) { "_t" : "Actor_GamerReady_Landlords", "RpcId" : 0, "ActorId" : NumberLong(0), "UserID" : NumberLong(0) }
2021-01-29 00:10:48.0236 AllServer 0001 (Session.cs:142) { "_t" : "Actor_GamerReady_Landlords", "RpcId" : 0, "ActorId" : NumberLong("281474976710860"), "UserID" : NumberLong(0) }
2021-01-29 00:10:48.0428 AllServer 0001 (RoomSystem.cs:12) 检查游戏是否可以开始
2021-01-29 00:10:48.0526 AllServer 0001 (Session.cs:142) { "_t" : "Actor_GamerReady_Landlords", "RpcId" : 0, "ActorId" : NumberLong("281474976710841"), "UserID" : NumberLong("101611476862") }
2021-01-29 00:10:48.0526 AllServer 0001 (Session.cs:142) { "_t" : "Actor_GamerReady_Landlords", "RpcId" : 0, "ActorId" : NumberLong("281474976710816"), "UserID" : NumberLong("101611476862") }
2021-01-29 00:10:48.0526 AllServer 0001 (Session.cs:142) { "_t" : "Actor_GamerReady_Landlords", "RpcId" : 0, "ActorId" : NumberLong("281474976710751"), "UserID" : NumberLong("101611476862") }
2021-01-29 00:10:50.3647 AllServer 0001 (Session.cs:142) { "_t" : "Actor_GamerReady_Landlords", "RpcId" : 0, "ActorId" : NumberLong(0), "UserID" : NumberLong(0) }
2021-01-29 00:10:50.4035 AllServer 0001 (Session.cs:142) { "_t" : "Actor_GamerReady_Landlords", "RpcId" : 0, "ActorId" : NumberLong("281474976710854"), "UserID" : NumberLong(0) }
2021-01-29 00:10:50.4234 AllServer 0001 (RoomSystem.cs:12) 检查游戏是否可以开始
2021-01-29 00:10:50.4432 AllServer 0001 (RoomSystem.cs:26) 满足游戏开始条件
2021-01-29 00:10:50.5739 AllServer 0001 (Session.cs:142) { "_t" : "Actor_GamerReady_Landlords", "RpcId" : 0, "ActorId" : NumberLong("281474976710841"), "UserID" : NumberLong("101611576931") }
2021-01-29 00:10:50.5739 AllServer 0001 (Session.cs:142) { "_t" : "Actor_GamerReady_Landlords", "RpcId" : 0, "ActorId" : NumberLong("281474976710816"), "UserID" : NumberLong("101611576931") }
2021-01-29 00:10:50.5739 AllServer 0001 (Session.cs:142) { "_t" : "Actor_GamerReady_Landlords", "RpcId" : 0, "ActorId" : NumberLong("281474976710751"), "UserID" : NumberLong("101611576931") }
2021-01-29 00:11:17.4846 AllServer 0001 (Session.cs:142) { "_t" : "A0005_PlayerOffline_G2R", "RpcId" : 0, "UserID" : NumberLong("101611476862") }
2021-01-29 00:11:21.1104 AllServer 0001 (Session.cs:142) { "_t" : "A0005_PlayerOffline_G2R", "RpcId" : 0, "UserID" : NumberLong("101611576931") }
2021-01-29 00:11:25.4333 AllServer 0001 (Session.cs:142) { "_t" : "A0005_PlayerOffline_G2R", "RpcId" : 0, "UserID" : NumberLong("101611850231") }
2021-01-29 00:45:14.6408 AllServer 0001 (Session.cs:142) { "_t" : "A0002_Login_C2R", "RpcId" : 1, "Account" : "b", "Password" : "b" }
2021-01-29 00:45:14.6958 AllServer 0001 (Session.cs:142) { "_t" : "DBQueryJsonRequest", "RpcId" : 1, "CollectionName" : "AccountInfo", "Json" : "{Account:'b',Password:'b'}" }
2021-01-29 00:45:14.9636 AllServer 0001 (Session.cs:142) { "_t" : "DBQueryJsonResponse", "Components" : [{ "_t" : "AccountInfo", "_id" : NumberLong("101611476862"), "C" : [], "Account" : "b", "Password" : "b" }], "RpcId" : 1, "Error" : 0, "Message" : null }
2021-01-29 00:45:14.9903 AllServer 0001 (Session.cs:142) { "_t" : "A0006_GetLoginKey_R2G", "RpcId" : 2, "UserID" : NumberLong("101611476862") }
2021-01-29 00:45:15.0230 AllServer 0001 (Session.cs:142) { "_t" : "A0006_GetLoginKey_G2R", "RpcId" : 2, "Error" : 0, "Message" : null, "GateLoginKey" : NumberLong("-5075361651783794249") }
2021-01-29 00:45:15.0506 AllServer 0001 (Session.cs:142) { "_t" : "A0003_LoginGate_C2G", "RpcId" : 2, "GateLoginKey" : NumberLong("-5075361651783794249") }
2021-01-29 00:45:15.0815 AllServer 0001 (Session.cs:142) { "_t" : "A0004_PlayerOnline_G2R", "RpcId" : 0, "UserID" : NumberLong("101611476862"), "GateAppID" : 1 }
2021-01-29 00:45:15.0815 AllServer 0001 (Session.cs:142) { "_t" : "A1001_GetUserInfo_C2G", "RpcId" : 3 }
2021-01-29 00:45:15.1345 AllServer 0001 (Session.cs:142) { "_t" : "DBQueryRequest", "RpcId" : 3, "_id" : NumberLong("101611476862"), "NeedCache" : true, "CollectionName" : "UserInfo" }
2021-01-29 00:45:15.3188 AllServer 0001 (Session.cs:142) { "_t" : "DBQueryResponse", "RpcId" : 3, "Error" : 0, "Message" : null, "Component" : { "_t" : "UserInfo", "_id" : NumberLong("101611476862"), "C" : [], "UserName" : "b", "Level" : 1, "Money" : NumberLong(10000), "Phone" : NumberLong(123456), "Email" : "b@b.b", "Sex" : "man", "Title" : "贫农", "LastPlay" : 0 } }
2021-01-29 00:45:21.7563 AllServer 0001 (Session.cs:142) { "_t" : "A0002_Login_C2R", "RpcId" : 1, "Account" : "c", "Password" : "c" }
2021-01-29 00:45:21.7723 AllServer 0001 (Session.cs:142) { "_t" : "DBQueryJsonRequest", "RpcId" : 4, "CollectionName" : "AccountInfo", "Json" : "{Account:'c',Password:'c'}" }
2021-01-29 00:45:21.8184 AllServer 0001 (Session.cs:142) { "_t" : "DBQueryJsonResponse", "Components" : [{ "_t" : "AccountInfo", "_id" : NumberLong("101611576931"), "C" : [], "Account" : "c", "Password" : "c" }], "RpcId" : 4, "Error" : 0, "Message" : null }
2021-01-29 00:45:21.8330 AllServer 0001 (Session.cs:142) { "_t" : "A0006_GetLoginKey_R2G", "RpcId" : 5, "UserID" : NumberLong("101611576931") }
2021-01-29 00:45:21.8485 AllServer 0001 (Session.cs:142) { "_t" : "A0006_GetLoginKey_G2R", "RpcId" : 5, "Error" : 0, "Message" : null, "GateLoginKey" : NumberLong("3029722084012997986") }
2021-01-29 00:45:21.8805 AllServer 0001 (Session.cs:142) { "_t" : "A0003_LoginGate_C2G", "RpcId" : 2, "GateLoginKey" : NumberLong("3029722084012997986") }
2021-01-29 00:45:21.9103 AllServer 0001 (Session.cs:142) { "_t" : "A0004_PlayerOnline_G2R", "RpcId" : 0, "UserID" : NumberLong("101611576931"), "GateAppID" : 1 }
2021-01-29 00:45:21.9103 AllServer 0001 (Session.cs:142) { "_t" : "A1001_GetUserInfo_C2G", "RpcId" : 3 }
2021-01-29 00:45:21.9264 AllServer 0001 (Session.cs:142) { "_t" : "DBQueryRequest", "RpcId" : 6, "_id" : NumberLong("101611576931"), "NeedCache" : true, "CollectionName" : "UserInfo" }
2021-01-29 00:45:21.9894 AllServer 0001 (Session.cs:142) { "_t" : "DBQueryResponse", "RpcId" : 6, "Error" : 0, "Message" : null, "Component" : { "_t" : "UserInfo", "_id" : NumberLong("101611576931"), "C" : [], "UserName" : "c", "Level" : 1, "Money" : NumberLong(10000), "Phone" : NumberLong(12345678), "Email" : "c@cc.c", "Sex" : "男", "Title" : "贫农", "LastPlay" : 0 } }
2021-01-29 00:45:23.0191 AllServer 0001 (Session.cs:142) { "_t" : "C2G_StartMatch_Req", "RpcId" : 4 }
2021-01-29 00:45:23.0368 AllServer 0001 (C2G_StartMatch_Handler.cs:13) 玩家开始匹配
2021-01-29 00:45:23.0668 AllServer 0001 (Session.cs:142) { "_t" : "DBQueryRequest", "RpcId" : 7, "_id" : NumberLong("101611476862"), "NeedCache" : true, "CollectionName" : "UserInfo" }
2021-01-29 00:45:23.0820 AllServer 0001 (Session.cs:142) { "_t" : "DBQueryResponse", "RpcId" : 7, "Error" : 0, "Message" : null, "Component" : { "_t" : "UserInfo", "_id" : NumberLong("101611476862"), "C" : [], "UserName" : "b", "Level" : 1, "Money" : NumberLong(10000), "Phone" : NumberLong(123456), "Email" : "b@b.b", "Sex" : "man", "Title" : "贫农", "LastPlay" : 0 } }
2021-01-29 00:45:23.0820 AllServer 0001 (GateHelper.cs:51) 127.0.0.1:20002
2021-01-29 00:45:23.1178 AllServer 0001 (Session.cs:142) { "_t" : "EnterMatchs_G2M", "RpcId" : 0, "UserID" : NumberLong("101611476862"), "GActorID" : NumberLong("281474976710731"), "CActorID" : NumberLong("281474976710730") }
2021-01-29 00:45:23.1360 AllServer 0001 (Session.cs:142) { "_t" : "C2G_GetUserInfoInRoom_Req", "RpcId" : 5, "UserID" : NumberLong("101611476862") }
2021-01-29 00:45:23.1629 AllServer 0001 (Session.cs:142) { "_t" : "ObjectAddRequest", "RpcId" : 8, "Key" : NumberLong("281474976710754"), "InstanceId" : NumberLong("281474976710754") }
2021-01-29 00:45:23.1747 AllServer 0001 (Session.cs:142) { "_t" : "DBQueryRequest", "RpcId" : 9, "_id" : NumberLong("101611476862"), "NeedCache" : true, "CollectionName" : "UserInfo" }
2021-01-29 00:45:23.1942 AllServer 0001 (Session.cs:142) { "_t" : "ObjectAddResponse", "RpcId" : 8, "Error" : 0, "Message" : null }
2021-01-29 00:45:23.1942 AllServer 0001 (LandMatchComponentSystem.cs:51) 一位玩家加入队列
2021-01-29 00:45:23.1942 AllServer 0001 (LandMatchComponentSystem.cs:142) 转发给了客户端一条消息，客户端Session：281474976710730
2021-01-29 00:45:23.2278 AllServer 0001 (Session.cs:142) { "_t" : "DBQueryResponse", "RpcId" : 9, "Error" : 0, "Message" : null, "Component" : { "_t" : "UserInfo", "_id" : NumberLong("101611476862"), "C" : [], "UserName" : "b", "Level" : 1, "Money" : NumberLong(10000), "Phone" : NumberLong(123456), "Email" : "b@b.b", "Sex" : "man", "Title" : "贫农", "LastPlay" : 0 } }
2021-01-29 00:45:23.2559 AllServer 0001 (Session.cs:142) { "_t" : "Actor_LandMatcherPlusOne_NTT", "RpcId" : 0, "ActorId" : NumberLong("281474976710730"), "MatchingNumber" : 1 }
2021-01-29 00:45:23.2733 AllServer 0001 (Session.cs:142) { "_t" : "ObjectAddRequest", "RpcId" : 10, "Key" : NumberLong("281474976710756"), "InstanceId" : NumberLong("281474976710756") }
2021-01-29 00:45:23.2849 AllServer 0001 (Session.cs:142) { "_t" : "ObjectAddResponse", "RpcId" : 10, "Error" : 0, "Message" : null }
2021-01-29 00:45:23.3373 AllServer 0001 (Session.cs:142) { "_t" : "Actor_GamerEnterRoom_Ntt", "RpcId" : 0, "ActorId" : NumberLong("281474976710730"), "Gamers" : [{ "UserID" : NumberLong("101611476862") }, { "UserID" : NumberLong(0) }, { "UserID" : NumberLong(0) }] }
2021-01-29 00:45:23.3748 AllServer 0001 (Session.cs:142) { "_t" : "Actor_MatchSucess_M2G", "ActorId" : NumberLong("281474976710731"), "GamerID" : NumberLong("281474976710754") }
2021-01-29 00:45:24.1283 AllServer 0001 (Session.cs:142) { "_t" : "C2G_StartMatch_Req", "RpcId" : 4 }
2021-01-29 00:45:24.1283 AllServer 0001 (C2G_StartMatch_Handler.cs:13) 玩家开始匹配
2021-01-29 00:45:24.1432 AllServer 0001 (Session.cs:142) { "_t" : "DBQueryRequest", "RpcId" : 11, "_id" : NumberLong("101611576931"), "NeedCache" : true, "CollectionName" : "UserInfo" }
2021-01-29 00:45:24.1588 AllServer 0001 (Session.cs:142) { "_t" : "DBQueryResponse", "RpcId" : 11, "Error" : 0, "Message" : null, "Component" : { "_t" : "UserInfo", "_id" : NumberLong("101611576931"), "C" : [], "UserName" : "c", "Level" : 1, "Money" : NumberLong(10000), "Phone" : NumberLong(12345678), "Email" : "c@cc.c", "Sex" : "男", "Title" : "贫农", "LastPlay" : 0 } }
2021-01-29 00:45:24.1588 AllServer 0001 (GateHelper.cs:51) 127.0.0.1:20002
2021-01-29 00:45:24.1746 AllServer 0001 (Session.cs:142) { "_t" : "EnterMatchs_G2M", "RpcId" : 0, "UserID" : NumberLong("101611576931"), "GActorID" : NumberLong("281474976710746"), "CActorID" : NumberLong("281474976710745") }
2021-01-29 00:45:24.1898 AllServer 0001 (Session.cs:142) { "_t" : "ObjectAddRequest", "RpcId" : 12, "Key" : NumberLong("281474976710760"), "InstanceId" : NumberLong("281474976710760") }
2021-01-29 00:45:24.1898 AllServer 0001 (Session.cs:142) { "_t" : "C2G_GetUserInfoInRoom_Req", "RpcId" : 5, "UserID" : NumberLong("101611576931") }
2021-01-29 00:45:24.2056 AllServer 0001 (Session.cs:142) { "_t" : "ObjectAddResponse", "RpcId" : 12, "Error" : 0, "Message" : null }
2021-01-29 00:45:24.2056 AllServer 0001 (LandMatchComponentSystem.cs:51) 一位玩家加入队列
2021-01-29 00:45:24.2056 AllServer 0001 (LandMatchComponentSystem.cs:142) 转发给了客户端一条消息，客户端Session：281474976710745
2021-01-29 00:45:24.2056 AllServer 0001 (Session.cs:142) { "_t" : "DBQueryRequest", "RpcId" : 13, "_id" : NumberLong("101611576931"), "NeedCache" : true, "CollectionName" : "UserInfo" }
2021-01-29 00:45:24.2368 AllServer 0001 (Session.cs:142) { "_t" : "Actor_LandMatcherPlusOne_NTT", "RpcId" : 0, "ActorId" : NumberLong("281474976710745"), "MatchingNumber" : 1 }
2021-01-29 00:45:24.2368 AllServer 0001 (Session.cs:142) { "_t" : "Actor_GamerEnterRoom_Ntt", "RpcId" : 0, "ActorId" : NumberLong("281474976710730"), "Gamers" : [{ "UserID" : NumberLong("101611476862") }, { "UserID" : NumberLong("101611576931") }, { "UserID" : NumberLong(0) }] }
2021-01-29 00:45:24.2368 AllServer 0001 (Session.cs:142) { "_t" : "Actor_GamerEnterRoom_Ntt", "RpcId" : 0, "ActorId" : NumberLong("281474976710745"), "Gamers" : [{ "UserID" : NumberLong("101611476862") }, { "UserID" : NumberLong("101611576931") }, { "UserID" : NumberLong(0) }] }
2021-01-29 00:45:24.2368 AllServer 0001 (Session.cs:142) { "_t" : "Actor_MatchSucess_M2G", "ActorId" : NumberLong("281474976710746"), "GamerID" : NumberLong("281474976710760") }
2021-01-29 00:45:24.2368 AllServer 0001 (Session.cs:142) { "_t" : "DBQueryResponse", "RpcId" : 13, "Error" : 0, "Message" : null, "Component" : { "_t" : "UserInfo", "_id" : NumberLong("101611576931"), "C" : [], "UserName" : "c", "Level" : 1, "Money" : NumberLong(10000), "Phone" : NumberLong(12345678), "Email" : "c@cc.c", "Sex" : "男", "Title" : "贫农", "LastPlay" : 0 } }
2021-01-29 00:45:24.2524 AllServer 0001 (Session.cs:142) { "_t" : "C2G_GetUserInfoInRoom_Req", "RpcId" : 6, "UserID" : NumberLong("101611576931") }
2021-01-29 00:45:24.2685 AllServer 0001 (Session.cs:142) { "_t" : "DBQueryRequest", "RpcId" : 14, "_id" : NumberLong("101611576931"), "NeedCache" : true, "CollectionName" : "UserInfo" }
2021-01-29 00:45:24.2685 AllServer 0001 (Session.cs:142) { "_t" : "C2G_GetUserInfoInRoom_Req", "RpcId" : 6, "UserID" : NumberLong("101611476862") }
2021-01-29 00:45:24.2851 AllServer 0001 (Session.cs:142) { "_t" : "DBQueryResponse", "RpcId" : 14, "Error" : 0, "Message" : null, "Component" : { "_t" : "UserInfo", "_id" : NumberLong("101611576931"), "C" : [], "UserName" : "c", "Level" : 1, "Money" : NumberLong(10000), "Phone" : NumberLong(12345678), "Email" : "c@cc.c", "Sex" : "男", "Title" : "贫农", "LastPlay" : 0 } }
2021-01-29 00:45:24.2851 AllServer 0001 (Session.cs:142) { "_t" : "DBQueryRequest", "RpcId" : 15, "_id" : NumberLong("101611476862"), "NeedCache" : true, "CollectionName" : "UserInfo" }
2021-01-29 00:45:24.3032 AllServer 0001 (Session.cs:142) { "_t" : "DBQueryResponse", "RpcId" : 15, "Error" : 0, "Message" : null, "Component" : { "_t" : "UserInfo", "_id" : NumberLong("101611476862"), "C" : [], "UserName" : "b", "Level" : 1, "Money" : NumberLong(10000), "Phone" : NumberLong(123456), "Email" : "b@b.b", "Sex" : "man", "Title" : "贫农", "LastPlay" : 0 } }
2021-01-29 00:45:32.5803 AllServer 0001 (Session.cs:142) { "_t" : "Actor_GamerReady_Landlords", "RpcId" : 0, "ActorId" : NumberLong(0), "UserID" : NumberLong(0) }
2021-01-29 00:45:32.6153 AllServer 0001 (Session.cs:142) { "_t" : "Actor_GamerReady_Landlords", "RpcId" : 0, "ActorId" : NumberLong("281474976710754"), "UserID" : NumberLong(0) }
2021-01-29 00:45:32.6656 AllServer 0001 (RoomSystem.cs:12) 检查游戏是否可以开始
2021-01-29 00:45:32.6994 AllServer 0001 (Session.cs:142) { "_t" : "Actor_GamerReady_Landlords", "RpcId" : 0, "ActorId" : NumberLong("281474976710730"), "UserID" : NumberLong("101611476862") }
2021-01-29 00:45:32.7139 AllServer 0001 (Session.cs:142) { "_t" : "Actor_GamerReady_Landlords", "RpcId" : 0, "ActorId" : NumberLong("281474976710745"), "UserID" : NumberLong("101611476862") }
2021-01-29 00:45:34.8313 AllServer 0001 (Session.cs:142) { "_t" : "Actor_GamerReady_Landlords", "RpcId" : 0, "ActorId" : NumberLong(0), "UserID" : NumberLong(0) }
2021-01-29 00:45:34.8465 AllServer 0001 (Session.cs:142) { "_t" : "Actor_GamerReady_Landlords", "RpcId" : 0, "ActorId" : NumberLong("281474976710760"), "UserID" : NumberLong(0) }
2021-01-29 00:45:34.8465 AllServer 0001 (RoomSystem.cs:12) 检查游戏是否可以开始
2021-01-29 00:45:34.8633 AllServer 0001 (Session.cs:142) { "_t" : "Actor_GamerReady_Landlords", "RpcId" : 0, "ActorId" : NumberLong("281474976710730"), "UserID" : NumberLong("101611576931") }
2021-01-29 00:45:34.8633 AllServer 0001 (Session.cs:142) { "_t" : "Actor_GamerReady_Landlords", "RpcId" : 0, "ActorId" : NumberLong("281474976710745"), "UserID" : NumberLong("101611576931") }
2021-01-29 00:45:41.1133 AllServer 0001 (Session.cs:142) { "_t" : "A0002_Login_C2R", "RpcId" : 1, "Account" : "d", "Password" : "d" }
2021-01-29 00:45:41.1297 AllServer 0001 (Session.cs:142) { "_t" : "DBQueryJsonRequest", "RpcId" : 16, "CollectionName" : "AccountInfo", "Json" : "{Account:'d',Password:'d'}" }
2021-01-29 00:45:41.1601 AllServer 0001 (Session.cs:142) { "_t" : "DBQueryJsonResponse", "Components" : [{ "_t" : "AccountInfo", "_id" : NumberLong("101611850231"), "C" : [], "Account" : "d", "Password" : "d" }], "RpcId" : 16, "Error" : 0, "Message" : null }
2021-01-29 00:45:41.1936 AllServer 0001 (Session.cs:142) { "_t" : "A0006_GetLoginKey_R2G", "RpcId" : 17, "UserID" : NumberLong("101611850231") }
2021-01-29 00:45:41.2401 AllServer 0001 (Session.cs:142) { "_t" : "A0006_GetLoginKey_G2R", "RpcId" : 17, "Error" : 0, "Message" : null, "GateLoginKey" : NumberLong("8257003461677016586") }
2021-01-29 00:45:41.2717 AllServer 0001 (Session.cs:142) { "_t" : "A0003_LoginGate_C2G", "RpcId" : 2, "GateLoginKey" : NumberLong("8257003461677016586") }
2021-01-29 00:45:41.2877 AllServer 0001 (Session.cs:142) { "_t" : "A0004_PlayerOnline_G2R", "RpcId" : 0, "UserID" : NumberLong("101611850231"), "GateAppID" : 1 }
2021-01-29 00:45:41.2877 AllServer 0001 (Session.cs:142) { "_t" : "A1001_GetUserInfo_C2G", "RpcId" : 3 }
2021-01-29 00:45:41.3036 AllServer 0001 (Session.cs:142) { "_t" : "DBQueryRequest", "RpcId" : 18, "_id" : NumberLong("101611850231"), "NeedCache" : true, "CollectionName" : "UserInfo" }
2021-01-29 00:45:41.3347 AllServer 0001 (Session.cs:142) { "_t" : "DBQueryResponse", "RpcId" : 18, "Error" : 0, "Message" : null, "Component" : { "_t" : "UserInfo", "_id" : NumberLong("101611850231"), "C" : [], "UserName" : "d", "Level" : 1, "Money" : NumberLong(10000), "Phone" : NumberLong(0), "Email" : "", "Sex" : "", "Title" : "贫农", "LastPlay" : 0 } }
2021-01-29 00:45:42.7234 AllServer 0001 (Session.cs:142) { "_t" : "C2G_StartMatch_Req", "RpcId" : 4 }
2021-01-29 00:45:42.7234 AllServer 0001 (C2G_StartMatch_Handler.cs:13) 玩家开始匹配
2021-01-29 00:45:42.7384 AllServer 0001 (Session.cs:142) { "_t" : "DBQueryRequest", "RpcId" : 19, "_id" : NumberLong("101611850231"), "NeedCache" : true, "CollectionName" : "UserInfo" }
2021-01-29 00:45:42.7543 AllServer 0001 (Session.cs:142) { "_t" : "DBQueryResponse", "RpcId" : 19, "Error" : 0, "Message" : null, "Component" : { "_t" : "UserInfo", "_id" : NumberLong("101611850231"), "C" : [], "UserName" : "d", "Level" : 1, "Money" : NumberLong(10000), "Phone" : NumberLong(0), "Email" : "", "Sex" : "", "Title" : "贫农", "LastPlay" : 0 } }
2021-01-29 00:45:42.7543 AllServer 0001 (GateHelper.cs:51) 127.0.0.1:20002
2021-01-29 00:45:42.7694 AllServer 0001 (Session.cs:142) { "_t" : "EnterMatchs_G2M", "RpcId" : 0, "UserID" : NumberLong("101611850231"), "GActorID" : NumberLong("281474976710772"), "CActorID" : NumberLong("281474976710771") }
2021-01-29 00:45:42.7842 AllServer 0001 (Session.cs:142) { "_t" : "ObjectAddRequest", "RpcId" : 20, "Key" : NumberLong("281474976710780"), "InstanceId" : NumberLong("281474976710780") }
2021-01-29 00:45:42.7842 AllServer 0001 (Session.cs:142) { "_t" : "C2G_GetUserInfoInRoom_Req", "RpcId" : 5, "UserID" : NumberLong("101611850231") }
2021-01-29 00:45:42.8002 AllServer 0001 (Session.cs:142) { "_t" : "ObjectAddResponse", "RpcId" : 20, "Error" : 0, "Message" : null }
2021-01-29 00:45:42.8002 AllServer 0001 (LandMatchComponentSystem.cs:51) 一位玩家加入队列
2021-01-29 00:45:42.8002 AllServer 0001 (LandMatchComponentSystem.cs:142) 转发给了客户端一条消息，客户端Session：281474976710771
2021-01-29 00:45:42.8002 AllServer 0001 (Session.cs:142) { "_t" : "DBQueryRequest", "RpcId" : 21, "_id" : NumberLong("101611850231"), "NeedCache" : true, "CollectionName" : "UserInfo" }
2021-01-29 00:45:42.8155 AllServer 0001 (Session.cs:142) { "_t" : "Actor_LandMatcherPlusOne_NTT", "RpcId" : 0, "ActorId" : NumberLong("281474976710771"), "MatchingNumber" : 1 }
2021-01-29 00:45:42.8155 AllServer 0001 (Session.cs:142) { "_t" : "Actor_GamerEnterRoom_Ntt", "RpcId" : 0, "ActorId" : NumberLong("281474976710730"), "Gamers" : [{ "UserID" : NumberLong("101611476862") }, { "UserID" : NumberLong("101611576931") }, { "UserID" : NumberLong("101611850231") }] }
2021-01-29 00:45:42.8155 AllServer 0001 (Session.cs:142) { "_t" : "Actor_GamerEnterRoom_Ntt", "RpcId" : 0, "ActorId" : NumberLong("281474976710745"), "Gamers" : [{ "UserID" : NumberLong("101611476862") }, { "UserID" : NumberLong("101611576931") }, { "UserID" : NumberLong("101611850231") }] }
2021-01-29 00:45:42.8155 AllServer 0001 (Session.cs:142) { "_t" : "Actor_GamerEnterRoom_Ntt", "RpcId" : 0, "ActorId" : NumberLong("281474976710771"), "Gamers" : [{ "UserID" : NumberLong("101611476862") }, { "UserID" : NumberLong("101611576931") }, { "UserID" : NumberLong("101611850231") }] }
2021-01-29 00:45:42.8155 AllServer 0001 (Session.cs:142) { "_t" : "Actor_MatchSucess_M2G", "ActorId" : NumberLong("281474976710772"), "GamerID" : NumberLong("281474976710780") }
2021-01-29 00:45:42.8155 AllServer 0001 (Session.cs:142) { "_t" : "DBQueryResponse", "RpcId" : 21, "Error" : 0, "Message" : null, "Component" : { "_t" : "UserInfo", "_id" : NumberLong("101611850231"), "C" : [], "UserName" : "d", "Level" : 1, "Money" : NumberLong(10000), "Phone" : NumberLong(0), "Email" : "", "Sex" : "", "Title" : "贫农", "LastPlay" : 0 } }
2021-01-29 00:45:42.8457 AllServer 0001 (Session.cs:142) { "_t" : "C2G_GetUserInfoInRoom_Req", "RpcId" : 7, "UserID" : NumberLong("101611850231") }
2021-01-29 00:45:42.8457 AllServer 0001 (Session.cs:142) { "_t" : "C2G_GetUserInfoInRoom_Req", "RpcId" : 7, "UserID" : NumberLong("101611850231") }
2021-01-29 00:45:42.8457 AllServer 0001 (Session.cs:142) { "_t" : "C2G_GetUserInfoInRoom_Req", "RpcId" : 6, "UserID" : NumberLong("101611476862") }
2021-01-29 00:45:42.8457 AllServer 0001 (Session.cs:142) { "_t" : "C2G_GetUserInfoInRoom_Req", "RpcId" : 7, "UserID" : NumberLong("101611576931") }
2021-01-29 00:45:42.8610 AllServer 0001 (Session.cs:142) { "_t" : "DBQueryRequest", "RpcId" : 22, "_id" : NumberLong("101611850231"), "NeedCache" : true, "CollectionName" : "UserInfo" }
2021-01-29 00:45:42.8610 AllServer 0001 (Session.cs:142) { "_t" : "DBQueryRequest", "RpcId" : 23, "_id" : NumberLong("101611850231"), "NeedCache" : true, "CollectionName" : "UserInfo" }
2021-01-29 00:45:42.8610 AllServer 0001 (Session.cs:142) { "_t" : "DBQueryRequest", "RpcId" : 24, "_id" : NumberLong("101611476862"), "NeedCache" : true, "CollectionName" : "UserInfo" }
2021-01-29 00:45:42.8610 AllServer 0001 (Session.cs:142) { "_t" : "DBQueryRequest", "RpcId" : 25, "_id" : NumberLong("101611576931"), "NeedCache" : true, "CollectionName" : "UserInfo" }
2021-01-29 00:45:42.8786 AllServer 0001 (Session.cs:142) { "_t" : "DBQueryResponse", "RpcId" : 22, "Error" : 0, "Message" : null, "Component" : { "_t" : "UserInfo", "_id" : NumberLong("101611850231"), "C" : [], "UserName" : "d", "Level" : 1, "Money" : NumberLong(10000), "Phone" : NumberLong(0), "Email" : "", "Sex" : "", "Title" : "贫农", "LastPlay" : 0 } }
2021-01-29 00:45:42.8786 AllServer 0001 (Session.cs:142) { "_t" : "DBQueryResponse", "RpcId" : 23, "Error" : 0, "Message" : null, "Component" : { "_t" : "UserInfo", "_id" : NumberLong("101611850231"), "C" : [], "UserName" : "d", "Level" : 1, "Money" : NumberLong(10000), "Phone" : NumberLong(0), "Email" : "", "Sex" : "", "Title" : "贫农", "LastPlay" : 0 } }
2021-01-29 00:45:42.8786 AllServer 0001 (Session.cs:142) { "_t" : "DBQueryResponse", "RpcId" : 24, "Error" : 0, "Message" : null, "Component" : { "_t" : "UserInfo", "_id" : NumberLong("101611476862"), "C" : [], "UserName" : "b", "Level" : 1, "Money" : NumberLong(10000), "Phone" : NumberLong(123456), "Email" : "b@b.b", "Sex" : "man", "Title" : "贫农", "LastPlay" : 0 } }
2021-01-29 00:45:42.8786 AllServer 0001 (Session.cs:142) { "_t" : "DBQueryResponse", "RpcId" : 25, "Error" : 0, "Message" : null, "Component" : { "_t" : "UserInfo", "_id" : NumberLong("101611576931"), "C" : [], "UserName" : "c", "Level" : 1, "Money" : NumberLong(10000), "Phone" : NumberLong(12345678), "Email" : "c@cc.c", "Sex" : "男", "Title" : "贫农", "LastPlay" : 0 } }
2021-01-29 00:45:52.8804 AllServer 0001 (Session.cs:142) { "_t" : "Actor_GamerReady_Landlords", "RpcId" : 0, "ActorId" : NumberLong(0), "UserID" : NumberLong(0) }
2021-01-29 00:45:52.8973 AllServer 0001 (Session.cs:142) { "_t" : "Actor_GamerReady_Landlords", "RpcId" : 0, "ActorId" : NumberLong("281474976710780"), "UserID" : NumberLong(0) }
2021-01-29 00:45:52.8973 AllServer 0001 (RoomSystem.cs:12) 检查游戏是否可以开始
2021-01-29 00:45:52.8973 AllServer 0001 (RoomSystem.cs:26) 满足游戏开始条件
2021-01-29 00:45:52.9903 AllServer 0001 (Session.cs:142) { "_t" : "Actor_GamerReady_Landlords", "RpcId" : 0, "ActorId" : NumberLong("281474976710730"), "UserID" : NumberLong("101611850231") }
2021-01-29 00:45:52.9903 AllServer 0001 (Session.cs:142) { "_t" : "Actor_GamerReady_Landlords", "RpcId" : 0, "ActorId" : NumberLong("281474976710745"), "UserID" : NumberLong("101611850231") }
2021-01-29 00:45:52.9903 AllServer 0001 (Session.cs:142) { "_t" : "Actor_GamerReady_Landlords", "RpcId" : 0, "ActorId" : NumberLong("281474976710771"), "UserID" : NumberLong("101611850231") }
2021-01-29 00:45:53.0018 AllServer 0001 (Session.cs:142) { "_t" : "Actor_GameStartHandCards_Ntt", "RpcId" : 0, "ActorId" : NumberLong("281474976710730"), "HandCards" : [{ "CardWeight" : 5, "CardSuits" : 2 }, { "CardWeight" : 8, "CardSuits" : 3 }, { "CardWeight" : 9, "CardSuits" : 1 }, { "CardWeight" : 4, "CardSuits" : 2 }, { "CardWeight" : 7, "CardSuits" : 1 }, { "CardWeight" : 6, "CardSuits" : 2 }, { "CardWeight" : 0, "CardSuits" : 1 }, { "CardWeight" : 13, "CardSuits" : 4 }, { "CardWeight" : 7, "CardSuits" : 0 }, { "CardWeight" : 2, "CardSuits" : 1 }, { "CardWeight" : 8, "CardSuits" : 1 }, { "CardWeight" : 2, "CardSuits" : 3 }, { "CardWeight" : 11, "CardSuits" : 1 }, { "CardWeight" : 6, "CardSuits" : 1 }, { "CardWeight" : 10, "CardSuits" : 2 }, { "CardWeight" : 7, "CardSuits" : 2 }, { "CardWeight" : 12, "CardSuits" : 1 }], "GamersCardNum" : [{ "UserID" : NumberLong("101611476862"), "Num" : 17 }, { "UserID" : NumberLong("101611576931"), "Num" : 17 }, { "UserID" : NumberLong("101611850231"), "Num" : 17 }] }
2021-01-29 00:45:53.0018 AllServer 0001 (Session.cs:142) { "_t" : "Actor_GameStartHandCards_Ntt", "RpcId" : 0, "ActorId" : NumberLong("281474976710745"), "HandCards" : [{ "CardWeight" : 11, "CardSuits" : 3 }, { "CardWeight" : 1, "CardSuits" : 1 }, { "CardWeight" : 8, "CardSuits" : 2 }, { "CardWeight" : 4, "CardSuits" : 3 }, { "CardWeight" : 4, "CardSuits" : 0 }, { "CardWeight" : 10, "CardSuits" : 3 }, { "CardWeight" : 2, "CardSuits" : 0 }, { "CardWeight" : 9, "CardSuits" : 0 }, { "CardWeight" : 5, "CardSuits" : 3 }, { "CardWeight" : 3, "CardSuits" : 1 }, { "CardWeight" : 9, "CardSuits" : 2 }, { "CardWeight" : 1, "CardSuits" : 2 }, { "CardWeight" : 12, "CardSuits" : 2 }, { "CardWeight" : 0, "CardSuits" : 2 }, { "CardWeight" : 10, "CardSuits" : 0 }, { "CardWeight" : 14, "CardSuits" : 4 }, { "CardWeight" : 0, "CardSuits" : 0 }], "GamersCardNum" : [{ "UserID" : NumberLong("101611476862"), "Num" : 17 }, { "UserID" : NumberLong("101611576931"), "Num" : 17 }, { "UserID" : NumberLong("101611850231"), "Num" : 17 }] }
2021-01-29 00:45:53.0254 AllServer 0001 (Session.cs:142) { "_t" : "Actor_GameStartHandCards_Ntt", "RpcId" : 0, "ActorId" : NumberLong("281474976710771"), "HandCards" : [{ "CardWeight" : 11, "CardSuits" : 0 }, { "CardWeight" : 7, "CardSuits" : 3 }, { "CardWeight" : 3, "CardSuits" : 2 }, { "CardWeight" : 1, "CardSuits" : 3 }, { "CardWeight" : 5, "CardSuits" : 1 }, { "CardWeight" : 12, "CardSuits" : 0 }, { "CardWeight" : 12, "CardSuits" : 3 }, { "CardWeight" : 8, "CardSuits" : 0 }, { "CardWeight" : 1, "CardSuits" : 0 }, { "CardWeight" : 6, "CardSuits" : 3 }, { "CardWeight" : 9, "CardSuits" : 3 }, { "CardWeight" : 5, "CardSuits" : 0 }, { "CardWeight" : 11, "CardSuits" : 2 }, { "CardWeight" : 6, "CardSuits" : 0 }, { "CardWeight" : 2, "CardSuits" : 2 }, { "CardWeight" : 0, "CardSuits" : 3 }, { "CardWeight" : 3, "CardSuits" : 3 }], "GamersCardNum" : [{ "UserID" : NumberLong("101611476862"), "Num" : 17 }, { "UserID" : NumberLong("101611576931"), "Num" : 17 }, { "UserID" : NumberLong("101611850231"), "Num" : 17 }] }
2021-01-29 00:45:53.0254 AllServer 0001 (Session.cs:142) { "_t" : "Actor_AuthorityGrabLandlord_Ntt", "RpcId" : 0, "ActorId" : NumberLong("281474976710730"), "UserID" : NumberLong("101611576931") }
2021-01-29 00:45:53.0330 AllServer 0001 (Session.cs:142) { "_t" : "Actor_AuthorityGrabLandlord_Ntt", "RpcId" : 0, "ActorId" : NumberLong("281474976710745"), "UserID" : NumberLong("101611576931") }
2021-01-29 00:45:53.0330 AllServer 0001 (Session.cs:142) { "_t" : "Actor_AuthorityGrabLandlord_Ntt", "RpcId" : 0, "ActorId" : NumberLong("281474976710771"), "UserID" : NumberLong("101611576931") }
2021-01-29 00:53:37.2346 AllServer 0001 (Session.cs:142) { "_t" : "Actor_GamerGrabLandlordSelect_Ntt", "RpcId" : 0, "ActorId" : NumberLong(0), "UserID" : NumberLong(0), "IsGrab" : false }
2021-01-29 00:53:37.2485 AllServer 0001 (Session.cs:142) { "_t" : "Actor_GamerGrabLandlordSelect_Ntt", "RpcId" : 0, "ActorId" : NumberLong("281474976710760"), "UserID" : NumberLong(0), "IsGrab" : false }
2021-01-29 00:53:37.8876 AllServer 0001 (Session.cs:142) { "_t" : "Actor_GamerGrabLandlordSelect_Ntt", "RpcId" : 0, "ActorId" : NumberLong(0), "UserID" : NumberLong(0), "IsGrab" : false }
2021-01-29 00:53:37.9025 AllServer 0001 (Session.cs:142) { "_t" : "Actor_GamerGrabLandlordSelect_Ntt", "RpcId" : 0, "ActorId" : NumberLong("281474976710760"), "UserID" : NumberLong(0), "IsGrab" : false }
2021-01-29 00:53:38.3532 AllServer 0001 (Session.cs:142) { "_t" : "Actor_GamerGrabLandlordSelect_Ntt", "RpcId" : 0, "ActorId" : NumberLong(0), "UserID" : NumberLong(0), "IsGrab" : true }
2021-01-29 00:53:38.3693 AllServer 0001 (Session.cs:142) { "_t" : "Actor_GamerGrabLandlordSelect_Ntt", "RpcId" : 0, "ActorId" : NumberLong("281474976710760"), "UserID" : NumberLong(0), "IsGrab" : true }
2021-01-29 00:53:47.0480 AllServer 0001 (Session.cs:142) { "_t" : "Actor_GamerGrabLandlordSelect_Ntt", "RpcId" : 0, "ActorId" : NumberLong(0), "UserID" : NumberLong(0), "IsGrab" : true }
2021-01-29 00:53:47.0959 AllServer 0001 (Session.cs:142) { "_t" : "Actor_GamerGrabLandlordSelect_Ntt", "RpcId" : 0, "ActorId" : NumberLong("281474976710760"), "UserID" : NumberLong(0), "IsGrab" : true }
2021-01-29 00:53:47.5303 AllServer 0001 (Session.cs:142) { "_t" : "Actor_GamerGrabLandlordSelect_Ntt", "RpcId" : 0, "ActorId" : NumberLong(0), "UserID" : NumberLong(0), "IsGrab" : false }
2021-01-29 00:53:47.5468 AllServer 0001 (Session.cs:142) { "_t" : "Actor_GamerGrabLandlordSelect_Ntt", "RpcId" : 0, "ActorId" : NumberLong("281474976710760"), "UserID" : NumberLong(0), "IsGrab" : false }
2021-01-29 00:55:15.0659 AllServer 0001 (Session.cs:142) { "_t" : "Actor_GamerGrabLandlordSelect_Ntt", "RpcId" : 0, "ActorId" : NumberLong(0), "UserID" : NumberLong(0), "IsGrab" : true }
2021-01-29 00:55:15.0866 AllServer 0001 (Session.cs:142) { "_t" : "Actor_GamerGrabLandlordSelect_Ntt", "RpcId" : 0, "ActorId" : NumberLong("281474976710760"), "UserID" : NumberLong(0), "IsGrab" : true }
2021-01-29 00:55:16.7719 AllServer 0001 (Session.cs:142) { "_t" : "Actor_GamerGrabLandlordSelect_Ntt", "RpcId" : 0, "ActorId" : NumberLong(0), "UserID" : NumberLong(0), "IsGrab" : false }
2021-01-29 00:55:16.8032 AllServer 0001 (Session.cs:142) { "_t" : "Actor_GamerGrabLandlordSelect_Ntt", "RpcId" : 0, "ActorId" : NumberLong("281474976710760"), "UserID" : NumberLong(0), "IsGrab" : false }
2021-01-29 00:55:18.2217 AllServer 0001 (Session.cs:142) { "_t" : "Actor_GamerGrabLandlordSelect_Ntt", "RpcId" : 0, "ActorId" : NumberLong(0), "UserID" : NumberLong(0), "IsGrab" : true }
2021-01-29 00:55:18.2389 AllServer 0001 (Session.cs:142) { "_t" : "Actor_GamerGrabLandlordSelect_Ntt", "RpcId" : 0, "ActorId" : NumberLong("281474976710760"), "UserID" : NumberLong(0), "IsGrab" : true }
