2021-01-28 09:20:44.3735 AllServer 0001 消息没有处理: 10016 { "_t" : "C2G_ReturnLobby_Ntt", "RpcId" : 0 } 
 OnRead at offset 76 in file:line:column D:\ProjectUnity\ET\Landlords\Landlords_Server01\Server\ET.Core\Module\Message\Session.cs:120:5
Run at offset 497 in file:line:column D:\ProjectUnity\ET\Landlords\Landlords_Server01\Server\ET.Core\Module\Message\Session.cs:154:4
RunMessage at offset 157 in file:line:column D:\ProjectUnity\ET\Landlords\Landlords_Server01\Server\ET.Core\Module\Message\Session.cs:160:4
Dispatch at offset 91 in file:line:column D:\ProjectUnity\ET\Landlords\Landlords_Server01\Server\Hotfix\Module\Message\OuterMessageDispatcher.cs:9:4
DispatchAsync at offset 265 in file:line:column <filename unknown>:0:0
Start<TStateMachine> at offset 80 in file:line:column D:\ProjectUnity\ET\Landlords\Landlords_Server01\Server\ET.Core\Base\Async\AsyncETVoidMethodBuilder.cs:74:13
MoveNext at offset 3589 in file:line:column D:\ProjectUnity\ET\Landlords\Landlords_Server01\Server\Hotfix\Module\Message\OuterMessageDispatcher.cs:82:7
Handle at offset 312 in file:line:column D:\ProjectUnity\ET\Landlords\Landlords_Server01\Server\Hotfix\Module\Message\MessageDispatherComponentSystem.cs:84:5
Error at offset 82 in file:line:column D:\ProjectUnity\ET\Landlords\Landlords_Server01\Server\ET.Core\Base\Log.cs:37:4
Error at offset 64 in file:line:column D:\ProjectUnity\ET\Landlords\Landlords_Server01\Server\ET.Core\Base\Logger\NLogAdapter.cs:32:4

2021-01-28 10:23:59.1903 AllServer 0001 not found actor: ETModel.Actor_GamerExitRoom_Ntt 
 Update at offset 143 in file:line:column D:\ProjectUnity\ET\Landlords\Landlords_Server01\Server\ET.Core\Base\OneThreadSynchronizationContext.cs:26:5
<Post>b__0 at offset 83 in file:line:column D:\ProjectUnity\ET\Landlords\Landlords_Server01\Server\ET.Core\Base\OneThreadSynchronizationContext.cs:38:31
OnRecvComplete at offset 596 in file:line:column D:\ProjectUnity\ET\Landlords\Landlords_Server01\Server\ET.Core\Module\Message\Network\TCP\TChannel.cs:279:6
OnRead at offset 83 in file:line:column D:\ProjectUnity\ET\Landlords\Landlords_Server01\Server\ET.Core\Module\Message\Network\AChannel.cs:55:4
OnRead at offset 76 in file:line:column D:\ProjectUnity\ET\Landlords\Landlords_Server01\Server\ET.Core\Module\Message\Session.cs:120:5
Run at offset 497 in file:line:column D:\ProjectUnity\ET\Landlords\Landlords_Server01\Server\ET.Core\Module\Message\Session.cs:154:4
RunMessage at offset 157 in file:line:column D:\ProjectUnity\ET\Landlords\Landlords_Server01\Server\ET.Core\Module\Message\Session.cs:160:4
Dispatch at offset 1366 in file:line:column D:\ProjectUnity\ET\Landlords\Landlords_Server01\Server\Hotfix\Module\Message\InnerMessageDispatcher.cs:48:7
Error at offset 82 in file:line:column D:\ProjectUnity\ET\Landlords\Landlords_Server01\Server\ET.Core\Base\Log.cs:37:4
Error at offset 64 in file:line:column D:\ProjectUnity\ET\Landlords\Landlords_Server01\Server\ET.Core\Base\Logger\NLogAdapter.cs:32:4

2021-01-28 10:24:10.3912 AllServer 0001 not found actor: ETModel.Actor_GamerEnterRoom_Ntt 
 Update at offset 143 in file:line:column D:\ProjectUnity\ET\Landlords\Landlords_Server01\Server\ET.Core\Base\OneThreadSynchronizationContext.cs:26:5
<Post>b__0 at offset 83 in file:line:column D:\ProjectUnity\ET\Landlords\Landlords_Server01\Server\ET.Core\Base\OneThreadSynchronizationContext.cs:38:31
OnRecvComplete at offset 596 in file:line:column D:\ProjectUnity\ET\Landlords\Landlords_Server01\Server\ET.Core\Module\Message\Network\TCP\TChannel.cs:279:6
OnRead at offset 83 in file:line:column D:\ProjectUnity\ET\Landlords\Landlords_Server01\Server\ET.Core\Module\Message\Network\AChannel.cs:55:4
OnRead at offset 76 in file:line:column D:\ProjectUnity\ET\Landlords\Landlords_Server01\Server\ET.Core\Module\Message\Session.cs:120:5
Run at offset 497 in file:line:column D:\ProjectUnity\ET\Landlords\Landlords_Server01\Server\ET.Core\Module\Message\Session.cs:154:4
RunMessage at offset 157 in file:line:column D:\ProjectUnity\ET\Landlords\Landlords_Server01\Server\ET.Core\Module\Message\Session.cs:160:4
Dispatch at offset 1366 in file:line:column D:\ProjectUnity\ET\Landlords\Landlords_Server01\Server\Hotfix\Module\Message\InnerMessageDispatcher.cs:48:7
Error at offset 82 in file:line:column D:\ProjectUnity\ET\Landlords\Landlords_Server01\Server\ET.Core\Base\Log.cs:37:4
Error at offset 64 in file:line:column D:\ProjectUnity\ET\Landlords\Landlords_Server01\Server\ET.Core\Base\Logger\NLogAdapter.cs:32:4

2021-01-28 10:24:16.8776 AllServer 0001 not found actor: ETModel.Actor_GamerExitRoom_Ntt 
 Update at offset 143 in file:line:column D:\ProjectUnity\ET\Landlords\Landlords_Server01\Server\ET.Core\Base\OneThreadSynchronizationContext.cs:26:5
<Post>b__0 at offset 83 in file:line:column D:\ProjectUnity\ET\Landlords\Landlords_Server01\Server\ET.Core\Base\OneThreadSynchronizationContext.cs:38:31
OnRecvComplete at offset 596 in file:line:column D:\ProjectUnity\ET\Landlords\Landlords_Server01\Server\ET.Core\Module\Message\Network\TCP\TChannel.cs:279:6
OnRead at offset 83 in file:line:column D:\ProjectUnity\ET\Landlords\Landlords_Server01\Server\ET.Core\Module\Message\Network\AChannel.cs:55:4
OnRead at offset 76 in file:line:column D:\ProjectUnity\ET\Landlords\Landlords_Server01\Server\ET.Core\Module\Message\Session.cs:120:5
Run at offset 497 in file:line:column D:\ProjectUnity\ET\Landlords\Landlords_Server01\Server\ET.Core\Module\Message\Session.cs:154:4
RunMessage at offset 157 in file:line:column D:\ProjectUnity\ET\Landlords\Landlords_Server01\Server\ET.Core\Module\Message\Session.cs:160:4
Dispatch at offset 1366 in file:line:column D:\ProjectUnity\ET\Landlords\Landlords_Server01\Server\Hotfix\Module\Message\InnerMessageDispatcher.cs:48:7
Error at offset 82 in file:line:column D:\ProjectUnity\ET\Landlords\Landlords_Server01\Server\ET.Core\Base\Log.cs:37:4
Error at offset 64 in file:line:column D:\ProjectUnity\ET\Landlords\Landlords_Server01\Server\ET.Core\Base\Logger\NLogAdapter.cs:32:4

2021-01-28 12:20:54.5347 AllServer 0001 System.ArgumentNullException: Value cannot be null.
Parameter name: value
   at Google.Protobuf.ProtoPreconditions.CheckNotNull[T](T value, String name) in D:\ProjectUnity\ET\Landlords\Landlords_Server01\Server\ThirdParty\Google.Protobuf\ProtoPreconditions.cs:line 57
   at ETModel.A1001_GetUserInfo_G2C.set_Email(String value) in D:\ProjectUnity\ET\Landlords\Landlords_Server01\Server\ET.Core\Module\Message\HotfixMessage.cs:line 863
   at ETHotfix.A1001_GetUserInfo_Handler.Run(Session session, A1001_GetUserInfo_C2G request, A1001_GetUserInfo_G2C response, Action reply) in D:\ProjectUnity\ET\Landlords\Landlords_Server01\Server\Hotfix\Landlords\Handler\Gate\A1001_GetUserInfo_Handler.cs:line 33 
 SetExistingTaskResult at offset 97 in file:line:column <filename unknown>:0:0
TrySetResult at offset 145 in file:line:column <filename unknown>:0:0
RunContinuations at offset 440 in file:line:column <filename unknown>:0:0
RunCallback at offset 71 in file:line:column <filename unknown>:0:0
<OutputWaitEtwEvents>b__12_0 at offset 323 in file:line:column <filename unknown>:0:0
Run at offset 73 in file:line:column D:\ProjectUnity\ET\Landlords\Landlords_Server01\Server\ET.Core\Base\Async\MoveNextRunner.cs:12:13
MoveNext at offset 1183 in file:line:column D:\ProjectUnity\ET\Landlords\Landlords_Server01\Server\Hotfix\Landlords\Handler\Gate\A1001_GetUserInfo_Handler.cs:33:17
ReplyError at offset 75 in file:line:column D:\ProjectUnity\ET\Landlords\Landlords_Server01\Server\ET.Core\Module\Message\AMRpcHandler.cs:9:4
Error at offset 124 in file:line:column D:\ProjectUnity\ET\Landlords\Landlords_Server01\Server\ET.Core\Base\Log.cs:32:4
Error at offset 64 in file:line:column D:\ProjectUnity\ET\Landlords\Landlords_Server01\Server\ET.Core\Base\Logger\NLogAdapter.cs:32:4

2021-01-28 12:21:20.8212 AllServer 0001 System.ArgumentNullException: Value cannot be null.
Parameter name: value
   at Google.Protobuf.ProtoPreconditions.CheckNotNull[T](T value, String name) in D:\ProjectUnity\ET\Landlords\Landlords_Server01\Server\ThirdParty\Google.Protobuf\ProtoPreconditions.cs:line 57
   at ETModel.A1001_GetUserInfo_G2C.set_Email(String value) in D:\ProjectUnity\ET\Landlords\Landlords_Server01\Server\ET.Core\Module\Message\HotfixMessage.cs:line 863
   at ETHotfix.A1001_GetUserInfo_Handler.Run(Session session, A1001_GetUserInfo_C2G request, A1001_GetUserInfo_G2C response, Action reply) in D:\ProjectUnity\ET\Landlords\Landlords_Server01\Server\Hotfix\Landlords\Handler\Gate\A1001_GetUserInfo_Handler.cs:line 33 
 SetExistingTaskResult at offset 97 in file:line:column <filename unknown>:0:0
TrySetResult at offset 145 in file:line:column <filename unknown>:0:0
RunContinuations at offset 440 in file:line:column <filename unknown>:0:0
RunCallback at offset 71 in file:line:column <filename unknown>:0:0
<OutputWaitEtwEvents>b__12_0 at offset 323 in file:line:column <filename unknown>:0:0
Run at offset 73 in file:line:column D:\ProjectUnity\ET\Landlords\Landlords_Server01\Server\ET.Core\Base\Async\MoveNextRunner.cs:12:13
MoveNext at offset 1183 in file:line:column D:\ProjectUnity\ET\Landlords\Landlords_Server01\Server\Hotfix\Landlords\Handler\Gate\A1001_GetUserInfo_Handler.cs:33:17
ReplyError at offset 75 in file:line:column D:\ProjectUnity\ET\Landlords\Landlords_Server01\Server\ET.Core\Module\Message\AMRpcHandler.cs:9:4
Error at offset 124 in file:line:column D:\ProjectUnity\ET\Landlords\Landlords_Server01\Server\ET.Core\Base\Log.cs:32:4
Error at offset 64 in file:line:column D:\ProjectUnity\ET\Landlords\Landlords_Server01\Server\ET.Core\Base\Logger\NLogAdapter.cs:32:4

2021-01-28 12:22:56.8747 AllServer 0001 System.ArgumentNullException: Value cannot be null.
Parameter name: value
   at Google.Protobuf.ProtoPreconditions.CheckNotNull[T](T value, String name) in D:\ProjectUnity\ET\Landlords\Landlords_Server01\Server\ThirdParty\Google.Protobuf\ProtoPreconditions.cs:line 57
   at ETModel.A1001_GetUserInfo_G2C.set_Email(String value) in D:\ProjectUnity\ET\Landlords\Landlords_Server01\Server\ET.Core\Module\Message\HotfixMessage.cs:line 863
   at ETHotfix.A1001_GetUserInfo_Handler.Run(Session session, A1001_GetUserInfo_C2G request, A1001_GetUserInfo_G2C response, Action reply) in D:\ProjectUnity\ET\Landlords\Landlords_Server01\Server\Hotfix\Landlords\Handler\Gate\A1001_GetUserInfo_Handler.cs:line 33 
 SetExistingTaskResult at offset 97 in file:line:column <filename unknown>:0:0
TrySetResult at offset 145 in file:line:column <filename unknown>:0:0
RunContinuations at offset 440 in file:line:column <filename unknown>:0:0
RunCallback at offset 71 in file:line:column <filename unknown>:0:0
<OutputWaitEtwEvents>b__12_0 at offset 323 in file:line:column <filename unknown>:0:0
Run at offset 73 in file:line:column D:\ProjectUnity\ET\Landlords\Landlords_Server01\Server\ET.Core\Base\Async\MoveNextRunner.cs:12:13
MoveNext at offset 1183 in file:line:column D:\ProjectUnity\ET\Landlords\Landlords_Server01\Server\Hotfix\Landlords\Handler\Gate\A1001_GetUserInfo_Handler.cs:33:17
ReplyError at offset 75 in file:line:column D:\ProjectUnity\ET\Landlords\Landlords_Server01\Server\ET.Core\Module\Message\AMRpcHandler.cs:9:4
Error at offset 124 in file:line:column D:\ProjectUnity\ET\Landlords\Landlords_Server01\Server\ET.Core\Base\Log.cs:32:4
Error at offset 64 in file:line:column D:\ProjectUnity\ET\Landlords\Landlords_Server01\Server\ET.Core\Base\Logger\NLogAdapter.cs:32:4

2021-01-28 12:24:54.1958 AllServer 0001 System.ArgumentNullException: Value cannot be null.
Parameter name: value
   at Google.Protobuf.ProtoPreconditions.CheckNotNull[T](T value, String name) in D:\ProjectUnity\ET\Landlords\Landlords_Server01\Server\ThirdParty\Google.Protobuf\ProtoPreconditions.cs:line 57
   at ETModel.A1001_GetUserInfo_G2C.set_Email(String value) in D:\ProjectUnity\ET\Landlords\Landlords_Server01\Server\ET.Core\Module\Message\HotfixMessage.cs:line 863
   at ETHotfix.A1001_GetUserInfo_Handler.Run(Session session, A1001_GetUserInfo_C2G request, A1001_GetUserInfo_G2C response, Action reply) in D:\ProjectUnity\ET\Landlords\Landlords_Server01\Server\Hotfix\Landlords\Handler\Gate\A1001_GetUserInfo_Handler.cs:line 33 
 SetExistingTaskResult at offset 97 in file:line:column <filename unknown>:0:0
TrySetResult at offset 145 in file:line:column <filename unknown>:0:0
RunContinuations at offset 440 in file:line:column <filename unknown>:0:0
RunCallback at offset 71 in file:line:column <filename unknown>:0:0
<OutputWaitEtwEvents>b__12_0 at offset 323 in file:line:column <filename unknown>:0:0
Run at offset 73 in file:line:column D:\ProjectUnity\ET\Landlords\Landlords_Server01\Server\ET.Core\Base\Async\MoveNextRunner.cs:12:13
MoveNext at offset 1183 in file:line:column D:\ProjectUnity\ET\Landlords\Landlords_Server01\Server\Hotfix\Landlords\Handler\Gate\A1001_GetUserInfo_Handler.cs:33:17
ReplyError at offset 75 in file:line:column D:\ProjectUnity\ET\Landlords\Landlords_Server01\Server\ET.Core\Module\Message\AMRpcHandler.cs:9:4
Error at offset 124 in file:line:column D:\ProjectUnity\ET\Landlords\Landlords_Server01\Server\ET.Core\Base\Log.cs:32:4
Error at offset 64 in file:line:column D:\ProjectUnity\ET\Landlords\Landlords_Server01\Server\ET.Core\Base\Logger\NLogAdapter.cs:32:4

2021-01-28 13:08:55.1304 AllServer 0001 System.ArgumentNullException: Value cannot be null.
Parameter name: value
   at Google.Protobuf.ProtoPreconditions.CheckNotNull[T](T value, String name) in D:\ProjectUnity\ET\Landlords\Landlords_Server01\Server\ThirdParty\Google.Protobuf\ProtoPreconditions.cs:line 57
   at ETModel.A1001_GetUserInfo_G2C.set_Email(String value) in D:\ProjectUnity\ET\Landlords\Landlords_Server01\Server\ET.Core\Module\Message\HotfixMessage.cs:line 863
   at ETHotfix.A1001_GetUserInfo_Handler.Run(Session session, A1001_GetUserInfo_C2G request, A1001_GetUserInfo_G2C response, Action reply) in D:\ProjectUnity\ET\Landlords\Landlords_Server01\Server\Hotfix\Landlords\Handler\Gate\A1001_GetUserInfo_Handler.cs:line 33 
 SetExistingTaskResult at offset 97 in file:line:column <filename unknown>:0:0
TrySetResult at offset 145 in file:line:column <filename unknown>:0:0
RunContinuations at offset 440 in file:line:column <filename unknown>:0:0
RunCallback at offset 71 in file:line:column <filename unknown>:0:0
<OutputWaitEtwEvents>b__12_0 at offset 323 in file:line:column <filename unknown>:0:0
Run at offset 73 in file:line:column D:\ProjectUnity\ET\Landlords\Landlords_Server01\Server\ET.Core\Base\Async\MoveNextRunner.cs:12:13
MoveNext at offset 1183 in file:line:column D:\ProjectUnity\ET\Landlords\Landlords_Server01\Server\Hotfix\Landlords\Handler\Gate\A1001_GetUserInfo_Handler.cs:33:17
ReplyError at offset 75 in file:line:column D:\ProjectUnity\ET\Landlords\Landlords_Server01\Server\ET.Core\Module\Message\AMRpcHandler.cs:9:4
Error at offset 124 in file:line:column D:\ProjectUnity\ET\Landlords\Landlords_Server01\Server\ET.Core\Base\Log.cs:32:4
Error at offset 64 in file:line:column D:\ProjectUnity\ET\Landlords\Landlords_Server01\Server\ET.Core\Base\Logger\NLogAdapter.cs:32:4

2021-01-28 13:10:49.5135 AllServer 0001 System.ArgumentNullException: Value cannot be null.
Parameter name: value
   at Google.Protobuf.ProtoPreconditions.CheckNotNull[T](T value, String name) in D:\ProjectUnity\ET\Landlords\Landlords_Server01\Server\ThirdParty\Google.Protobuf\ProtoPreconditions.cs:line 57
   at ETModel.A1001_GetUserInfo_G2C.set_Email(String value) in D:\ProjectUnity\ET\Landlords\Landlords_Server01\Server\ET.Core\Module\Message\HotfixMessage.cs:line 863
   at ETHotfix.A1001_GetUserInfo_Handler.Run(Session session, A1001_GetUserInfo_C2G request, A1001_GetUserInfo_G2C response, Action reply) in D:\ProjectUnity\ET\Landlords\Landlords_Server01\Server\Hotfix\Landlords\Handler\Gate\A1001_GetUserInfo_Handler.cs:line 33 
 SetExistingTaskResult at offset 97 in file:line:column <filename unknown>:0:0
TrySetResult at offset 145 in file:line:column <filename unknown>:0:0
RunContinuations at offset 440 in file:line:column <filename unknown>:0:0
RunCallback at offset 71 in file:line:column <filename unknown>:0:0
<OutputWaitEtwEvents>b__12_0 at offset 323 in file:line:column <filename unknown>:0:0
Run at offset 73 in file:line:column D:\ProjectUnity\ET\Landlords\Landlords_Server01\Server\ET.Core\Base\Async\MoveNextRunner.cs:12:13
MoveNext at offset 1183 in file:line:column D:\ProjectUnity\ET\Landlords\Landlords_Server01\Server\Hotfix\Landlords\Handler\Gate\A1001_GetUserInfo_Handler.cs:33:17
ReplyError at offset 75 in file:line:column D:\ProjectUnity\ET\Landlords\Landlords_Server01\Server\ET.Core\Module\Message\AMRpcHandler.cs:9:4
Error at offset 124 in file:line:column D:\ProjectUnity\ET\Landlords\Landlords_Server01\Server\ET.Core\Base\Log.cs:32:4
Error at offset 64 in file:line:column D:\ProjectUnity\ET\Landlords\Landlords_Server01\Server\ET.Core\Base\Logger\NLogAdapter.cs:32:4

2021-01-28 13:10:56.4391 AllServer 0001 System.ArgumentNullException: Value cannot be null.
Parameter name: value
   at Google.Protobuf.ProtoPreconditions.CheckNotNull[T](T value, String name) in D:\ProjectUnity\ET\Landlords\Landlords_Server01\Server\ThirdParty\Google.Protobuf\ProtoPreconditions.cs:line 57
   at ETModel.A1001_GetUserInfo_G2C.set_Email(String value) in D:\ProjectUnity\ET\Landlords\Landlords_Server01\Server\ET.Core\Module\Message\HotfixMessage.cs:line 863
   at ETHotfix.A1001_GetUserInfo_Handler.Run(Session session, A1001_GetUserInfo_C2G request, A1001_GetUserInfo_G2C response, Action reply) in D:\ProjectUnity\ET\Landlords\Landlords_Server01\Server\Hotfix\Landlords\Handler\Gate\A1001_GetUserInfo_Handler.cs:line 33 
 SetExistingTaskResult at offset 97 in file:line:column <filename unknown>:0:0
TrySetResult at offset 145 in file:line:column <filename unknown>:0:0
RunContinuations at offset 440 in file:line:column <filename unknown>:0:0
RunCallback at offset 71 in file:line:column <filename unknown>:0:0
<OutputWaitEtwEvents>b__12_0 at offset 323 in file:line:column <filename unknown>:0:0
Run at offset 73 in file:line:column D:\ProjectUnity\ET\Landlords\Landlords_Server01\Server\ET.Core\Base\Async\MoveNextRunner.cs:12:13
MoveNext at offset 1183 in file:line:column D:\ProjectUnity\ET\Landlords\Landlords_Server01\Server\Hotfix\Landlords\Handler\Gate\A1001_GetUserInfo_Handler.cs:33:17
ReplyError at offset 75 in file:line:column D:\ProjectUnity\ET\Landlords\Landlords_Server01\Server\ET.Core\Module\Message\AMRpcHandler.cs:9:4
Error at offset 124 in file:line:column D:\ProjectUnity\ET\Landlords\Landlords_Server01\Server\ET.Core\Base\Log.cs:32:4
Error at offset 64 in file:line:column D:\ProjectUnity\ET\Landlords\Landlords_Server01\Server\ET.Core\Base\Logger\NLogAdapter.cs:32:4

2021-01-28 13:11:54.1038 AllServer 0001 System.ArgumentNullException: Value cannot be null.
Parameter name: value
   at Google.Protobuf.ProtoPreconditions.CheckNotNull[T](T value, String name) in D:\ProjectUnity\ET\Landlords\Landlords_Server01\Server\ThirdParty\Google.Protobuf\ProtoPreconditions.cs:line 57
   at ETModel.A1001_GetUserInfo_G2C.set_Email(String value) in D:\ProjectUnity\ET\Landlords\Landlords_Server01\Server\ET.Core\Module\Message\HotfixMessage.cs:line 863
   at ETHotfix.A1001_GetUserInfo_Handler.Run(Session session, A1001_GetUserInfo_C2G request, A1001_GetUserInfo_G2C response, Action reply) in D:\ProjectUnity\ET\Landlords\Landlords_Server01\Server\Hotfix\Landlords\Handler\Gate\A1001_GetUserInfo_Handler.cs:line 33 
 SetExistingTaskResult at offset 97 in file:line:column <filename unknown>:0:0
TrySetResult at offset 145 in file:line:column <filename unknown>:0:0
RunContinuations at offset 440 in file:line:column <filename unknown>:0:0
RunCallback at offset 71 in file:line:column <filename unknown>:0:0
<OutputWaitEtwEvents>b__12_0 at offset 323 in file:line:column <filename unknown>:0:0
Run at offset 73 in file:line:column D:\ProjectUnity\ET\Landlords\Landlords_Server01\Server\ET.Core\Base\Async\MoveNextRunner.cs:12:13
MoveNext at offset 1183 in file:line:column D:\ProjectUnity\ET\Landlords\Landlords_Server01\Server\Hotfix\Landlords\Handler\Gate\A1001_GetUserInfo_Handler.cs:33:17
ReplyError at offset 75 in file:line:column D:\ProjectUnity\ET\Landlords\Landlords_Server01\Server\ET.Core\Module\Message\AMRpcHandler.cs:9:4
Error at offset 124 in file:line:column D:\ProjectUnity\ET\Landlords\Landlords_Server01\Server\ET.Core\Base\Log.cs:32:4
Error at offset 64 in file:line:column D:\ProjectUnity\ET\Landlords\Landlords_Server01\Server\ET.Core\Base\Logger\NLogAdapter.cs:32:4

2021-01-28 13:12:08.2646 AllServer 0001 System.ArgumentNullException: Value cannot be null.
Parameter name: value
   at Google.Protobuf.ProtoPreconditions.CheckNotNull[T](T value, String name) in D:\ProjectUnity\ET\Landlords\Landlords_Server01\Server\ThirdParty\Google.Protobuf\ProtoPreconditions.cs:line 57
   at ETModel.A1001_GetUserInfo_G2C.set_Email(String value) in D:\ProjectUnity\ET\Landlords\Landlords_Server01\Server\ET.Core\Module\Message\HotfixMessage.cs:line 863
   at ETHotfix.A1001_GetUserInfo_Handler.Run(Session session, A1001_GetUserInfo_C2G request, A1001_GetUserInfo_G2C response, Action reply) in D:\ProjectUnity\ET\Landlords\Landlords_Server01\Server\Hotfix\Landlords\Handler\Gate\A1001_GetUserInfo_Handler.cs:line 33 
 SetExistingTaskResult at offset 97 in file:line:column <filename unknown>:0:0
TrySetResult at offset 145 in file:line:column <filename unknown>:0:0
RunContinuations at offset 440 in file:line:column <filename unknown>:0:0
RunCallback at offset 71 in file:line:column <filename unknown>:0:0
<OutputWaitEtwEvents>b__12_0 at offset 323 in file:line:column <filename unknown>:0:0
Run at offset 73 in file:line:column D:\ProjectUnity\ET\Landlords\Landlords_Server01\Server\ET.Core\Base\Async\MoveNextRunner.cs:12:13
MoveNext at offset 1183 in file:line:column D:\ProjectUnity\ET\Landlords\Landlords_Server01\Server\Hotfix\Landlords\Handler\Gate\A1001_GetUserInfo_Handler.cs:33:17
ReplyError at offset 75 in file:line:column D:\ProjectUnity\ET\Landlords\Landlords_Server01\Server\ET.Core\Module\Message\AMRpcHandler.cs:9:4
Error at offset 124 in file:line:column D:\ProjectUnity\ET\Landlords\Landlords_Server01\Server\ET.Core\Base\Log.cs:32:4
Error at offset 64 in file:line:column D:\ProjectUnity\ET\Landlords\Landlords_Server01\Server\ET.Core\Base\Logger\NLogAdapter.cs:32:4

2021-01-28 13:12:37.0119 AllServer 0001 System.ArgumentNullException: Value cannot be null.
Parameter name: value
   at Google.Protobuf.ProtoPreconditions.CheckNotNull[T](T value, String name) in D:\ProjectUnity\ET\Landlords\Landlords_Server01\Server\ThirdParty\Google.Protobuf\ProtoPreconditions.cs:line 57
   at ETModel.A1001_GetUserInfo_G2C.set_Email(String value) in D:\ProjectUnity\ET\Landlords\Landlords_Server01\Server\ET.Core\Module\Message\HotfixMessage.cs:line 863
   at ETHotfix.A1001_GetUserInfo_Handler.Run(Session session, A1001_GetUserInfo_C2G request, A1001_GetUserInfo_G2C response, Action reply) in D:\ProjectUnity\ET\Landlords\Landlords_Server01\Server\Hotfix\Landlords\Handler\Gate\A1001_GetUserInfo_Handler.cs:line 33 
 SetExistingTaskResult at offset 97 in file:line:column <filename unknown>:0:0
TrySetResult at offset 145 in file:line:column <filename unknown>:0:0
RunContinuations at offset 440 in file:line:column <filename unknown>:0:0
RunCallback at offset 71 in file:line:column <filename unknown>:0:0
<OutputWaitEtwEvents>b__12_0 at offset 323 in file:line:column <filename unknown>:0:0
Run at offset 73 in file:line:column D:\ProjectUnity\ET\Landlords\Landlords_Server01\Server\ET.Core\Base\Async\MoveNextRunner.cs:12:13
MoveNext at offset 1183 in file:line:column D:\ProjectUnity\ET\Landlords\Landlords_Server01\Server\Hotfix\Landlords\Handler\Gate\A1001_GetUserInfo_Handler.cs:33:17
ReplyError at offset 75 in file:line:column D:\ProjectUnity\ET\Landlords\Landlords_Server01\Server\ET.Core\Module\Message\AMRpcHandler.cs:9:4
Error at offset 124 in file:line:column D:\ProjectUnity\ET\Landlords\Landlords_Server01\Server\ET.Core\Base\Log.cs:32:4
Error at offset 64 in file:line:column D:\ProjectUnity\ET\Landlords\Landlords_Server01\Server\ET.Core\Base\Logger\NLogAdapter.cs:32:4

2021-01-28 13:12:44.1774 AllServer 0001 System.ArgumentNullException: Value cannot be null.
Parameter name: value
   at Google.Protobuf.ProtoPreconditions.CheckNotNull[T](T value, String name) in D:\ProjectUnity\ET\Landlords\Landlords_Server01\Server\ThirdParty\Google.Protobuf\ProtoPreconditions.cs:line 57
   at ETModel.A1001_GetUserInfo_G2C.set_Email(String value) in D:\ProjectUnity\ET\Landlords\Landlords_Server01\Server\ET.Core\Module\Message\HotfixMessage.cs:line 863
   at ETHotfix.A1001_GetUserInfo_Handler.Run(Session session, A1001_GetUserInfo_C2G request, A1001_GetUserInfo_G2C response, Action reply) in D:\ProjectUnity\ET\Landlords\Landlords_Server01\Server\Hotfix\Landlords\Handler\Gate\A1001_GetUserInfo_Handler.cs:line 33 
 SetExistingTaskResult at offset 97 in file:line:column <filename unknown>:0:0
TrySetResult at offset 145 in file:line:column <filename unknown>:0:0
RunContinuations at offset 440 in file:line:column <filename unknown>:0:0
RunCallback at offset 71 in file:line:column <filename unknown>:0:0
<OutputWaitEtwEvents>b__12_0 at offset 323 in file:line:column <filename unknown>:0:0
Run at offset 73 in file:line:column D:\ProjectUnity\ET\Landlords\Landlords_Server01\Server\ET.Core\Base\Async\MoveNextRunner.cs:12:13
MoveNext at offset 1183 in file:line:column D:\ProjectUnity\ET\Landlords\Landlords_Server01\Server\Hotfix\Landlords\Handler\Gate\A1001_GetUserInfo_Handler.cs:33:17
ReplyError at offset 75 in file:line:column D:\ProjectUnity\ET\Landlords\Landlords_Server01\Server\ET.Core\Module\Message\AMRpcHandler.cs:9:4
Error at offset 124 in file:line:column D:\ProjectUnity\ET\Landlords\Landlords_Server01\Server\ET.Core\Base\Log.cs:32:4
Error at offset 64 in file:line:column D:\ProjectUnity\ET\Landlords\Landlords_Server01\Server\ET.Core\Base\Logger\NLogAdapter.cs:32:4

2021-01-28 13:48:08.6539 AllServer 0001 System.ArgumentNullException: Value cannot be null.
Parameter name: value
   at Google.Protobuf.ProtoPreconditions.CheckNotNull[T](T value, String name) in D:\ProjectUnity\ET\Landlords\Landlords_Server01\Server\ThirdParty\Google.Protobuf\ProtoPreconditions.cs:line 57
   at ETModel.A1001_GetUserInfo_G2C.set_Email(String value) in D:\ProjectUnity\ET\Landlords\Landlords_Server01\Server\ET.Core\Module\Message\HotfixMessage.cs:line 863
   at ETHotfix.A1001_GetUserInfo_Handler.Run(Session session, A1001_GetUserInfo_C2G request, A1001_GetUserInfo_G2C response, Action reply) in D:\ProjectUnity\ET\Landlords\Landlords_Server01\Server\Hotfix\Landlords\Handler\Gate\A1001_GetUserInfo_Handler.cs:line 33 
 SetExistingTaskResult at offset 97 in file:line:column <filename unknown>:0:0
TrySetResult at offset 145 in file:line:column <filename unknown>:0:0
RunContinuations at offset 440 in file:line:column <filename unknown>:0:0
RunCallback at offset 71 in file:line:column <filename unknown>:0:0
<OutputWaitEtwEvents>b__12_0 at offset 323 in file:line:column <filename unknown>:0:0
Run at offset 73 in file:line:column D:\ProjectUnity\ET\Landlords\Landlords_Server01\Server\ET.Core\Base\Async\MoveNextRunner.cs:12:13
MoveNext at offset 1183 in file:line:column D:\ProjectUnity\ET\Landlords\Landlords_Server01\Server\Hotfix\Landlords\Handler\Gate\A1001_GetUserInfo_Handler.cs:33:17
ReplyError at offset 75 in file:line:column D:\ProjectUnity\ET\Landlords\Landlords_Server01\Server\ET.Core\Module\Message\AMRpcHandler.cs:9:4
Error at offset 124 in file:line:column D:\ProjectUnity\ET\Landlords\Landlords_Server01\Server\ET.Core\Base\Log.cs:32:4
Error at offset 64 in file:line:column D:\ProjectUnity\ET\Landlords\Landlords_Server01\Server\ET.Core\Base\Logger\NLogAdapter.cs:32:4

2021-01-28 14:01:19.4296 AllServer 0001 System.ArgumentNullException: Value cannot be null.
Parameter name: value
   at Google.Protobuf.ProtoPreconditions.CheckNotNull[T](T value, String name) in D:\ProjectUnity\ET\Landlords\Landlords_Server01\Server\ThirdParty\Google.Protobuf\ProtoPreconditions.cs:line 57
   at ETModel.A1001_GetUserInfo_G2C.set_Email(String value) in D:\ProjectUnity\ET\Landlords\Landlords_Server01\Server\ET.Core\Module\Message\HotfixMessage.cs:line 863
   at ETHotfix.A1001_GetUserInfo_Handler.Run(Session session, A1001_GetUserInfo_C2G request, A1001_GetUserInfo_G2C response, Action reply) in D:\ProjectUnity\ET\Landlords\Landlords_Server01\Server\Hotfix\Landlords\Handler\Gate\A1001_GetUserInfo_Handler.cs:line 33 
 SetExistingTaskResult at offset 97 in file:line:column <filename unknown>:0:0
TrySetResult at offset 145 in file:line:column <filename unknown>:0:0
RunContinuations at offset 440 in file:line:column <filename unknown>:0:0
RunCallback at offset 71 in file:line:column <filename unknown>:0:0
<OutputWaitEtwEvents>b__12_0 at offset 323 in file:line:column <filename unknown>:0:0
Run at offset 73 in file:line:column D:\ProjectUnity\ET\Landlords\Landlords_Server01\Server\ET.Core\Base\Async\MoveNextRunner.cs:12:13
MoveNext at offset 1183 in file:line:column D:\ProjectUnity\ET\Landlords\Landlords_Server01\Server\Hotfix\Landlords\Handler\Gate\A1001_GetUserInfo_Handler.cs:33:17
ReplyError at offset 75 in file:line:column D:\ProjectUnity\ET\Landlords\Landlords_Server01\Server\ET.Core\Module\Message\AMRpcHandler.cs:9:4
Error at offset 124 in file:line:column D:\ProjectUnity\ET\Landlords\Landlords_Server01\Server\ET.Core\Base\Log.cs:32:4
Error at offset 64 in file:line:column D:\ProjectUnity\ET\Landlords\Landlords_Server01\Server\ET.Core\Base\Logger\NLogAdapter.cs:32:4

2021-01-28 14:01:31.3192 AllServer 0001 System.ArgumentNullException: Value cannot be null.
Parameter name: value
   at Google.Protobuf.ProtoPreconditions.CheckNotNull[T](T value, String name) in D:\ProjectUnity\ET\Landlords\Landlords_Server01\Server\ThirdParty\Google.Protobuf\ProtoPreconditions.cs:line 57
   at ETModel.A1001_GetUserInfo_G2C.set_Email(String value) in D:\ProjectUnity\ET\Landlords\Landlords_Server01\Server\ET.Core\Module\Message\HotfixMessage.cs:line 863
   at ETHotfix.A1001_GetUserInfo_Handler.Run(Session session, A1001_GetUserInfo_C2G request, A1001_GetUserInfo_G2C response, Action reply) in D:\ProjectUnity\ET\Landlords\Landlords_Server01\Server\Hotfix\Landlords\Handler\Gate\A1001_GetUserInfo_Handler.cs:line 33 
 SetExistingTaskResult at offset 97 in file:line:column <filename unknown>:0:0
TrySetResult at offset 145 in file:line:column <filename unknown>:0:0
RunContinuations at offset 440 in file:line:column <filename unknown>:0:0
RunCallback at offset 71 in file:line:column <filename unknown>:0:0
<OutputWaitEtwEvents>b__12_0 at offset 323 in file:line:column <filename unknown>:0:0
Run at offset 73 in file:line:column D:\ProjectUnity\ET\Landlords\Landlords_Server01\Server\ET.Core\Base\Async\MoveNextRunner.cs:12:13
MoveNext at offset 1183 in file:line:column D:\ProjectUnity\ET\Landlords\Landlords_Server01\Server\Hotfix\Landlords\Handler\Gate\A1001_GetUserInfo_Handler.cs:33:17
ReplyError at offset 75 in file:line:column D:\ProjectUnity\ET\Landlords\Landlords_Server01\Server\ET.Core\Module\Message\AMRpcHandler.cs:9:4
Error at offset 124 in file:line:column D:\ProjectUnity\ET\Landlords\Landlords_Server01\Server\ET.Core\Base\Log.cs:32:4
Error at offset 64 in file:line:column D:\ProjectUnity\ET\Landlords\Landlords_Server01\Server\ET.Core\Base\Logger\NLogAdapter.cs:32:4

2021-01-28 14:02:22.1790 AllServer 0001 System.ArgumentNullException: Value cannot be null.
Parameter name: value
   at Google.Protobuf.ProtoPreconditions.CheckNotNull[T](T value, String name) in D:\ProjectUnity\ET\Landlords\Landlords_Server01\Server\ThirdParty\Google.Protobuf\ProtoPreconditions.cs:line 57
   at ETModel.A1001_GetUserInfo_G2C.set_Email(String value) in D:\ProjectUnity\ET\Landlords\Landlords_Server01\Server\ET.Core\Module\Message\HotfixMessage.cs:line 863
   at ETHotfix.A1001_GetUserInfo_Handler.Run(Session session, A1001_GetUserInfo_C2G request, A1001_GetUserInfo_G2C response, Action reply) in D:\ProjectUnity\ET\Landlords\Landlords_Server01\Server\Hotfix\Landlords\Handler\Gate\A1001_GetUserInfo_Handler.cs:line 33 
 SetExistingTaskResult at offset 97 in file:line:column <filename unknown>:0:0
TrySetResult at offset 145 in file:line:column <filename unknown>:0:0
RunContinuations at offset 440 in file:line:column <filename unknown>:0:0
RunCallback at offset 71 in file:line:column <filename unknown>:0:0
<OutputWaitEtwEvents>b__12_0 at offset 323 in file:line:column <filename unknown>:0:0
Run at offset 73 in file:line:column D:\ProjectUnity\ET\Landlords\Landlords_Server01\Server\ET.Core\Base\Async\MoveNextRunner.cs:12:13
MoveNext at offset 1183 in file:line:column D:\ProjectUnity\ET\Landlords\Landlords_Server01\Server\Hotfix\Landlords\Handler\Gate\A1001_GetUserInfo_Handler.cs:33:17
ReplyError at offset 75 in file:line:column D:\ProjectUnity\ET\Landlords\Landlords_Server01\Server\ET.Core\Module\Message\AMRpcHandler.cs:9:4
Error at offset 124 in file:line:column D:\ProjectUnity\ET\Landlords\Landlords_Server01\Server\ET.Core\Base\Log.cs:32:4
Error at offset 64 in file:line:column D:\ProjectUnity\ET\Landlords\Landlords_Server01\Server\ET.Core\Base\Logger\NLogAdapter.cs:32:4

2021-01-28 16:11:21.2338 AllServer 0001 System.ArgumentException: An item with the same key has already been added. Key: 101611814283
   at System.Collections.Generic.Dictionary`2.TryInsert(TKey key, TValue value, InsertionBehavior behavior)
   at System.Collections.Generic.Dictionary`2.Add(TKey key, TValue value)
   at ETHotfix.RoomSystem.GameStart(Room self) in D:\ProjectUnity\ET\Landlords\Landlords_Server01\Server\Hotfix\Landlords\System\RoomSystem.cs:line 46
   at ETHotfix.RoomSystem.CheckGameStart(Room self) in D:\ProjectUnity\ET\Landlords\Landlords_Server01\Server\Hotfix\Landlords\System\RoomSystem.cs:line 27
   at ETHotfix.GamerReady_Landlords_Handler.Run(Gamer gamer, Actor_GamerReady_Landlords message) in D:\ProjectUnity\ET\Landlords\Landlords_Server01\Server\Hotfix\Landlords\Map\GamerReady_Landlords_Handler.cs:line 24
   at ETModel.ETTaskCompletionSource.ETModel.IAwaiter.GetResult() in D:\ProjectUnity\ET\Landlords\Landlords_Server01\Server\ET.Core\Base\Async\ETTaskCompletionSource.cs:line 32
   at ETModel.ETTask.GetResult() in D:\ProjectUnity\ET\Landlords\Landlords_Server01\Server\ET.Core\Base\Async\ETTask.cs:line 33
   at ETModel.ETTask.Awaiter.GetResult() in D:\ProjectUnity\ET\Landlords\Landlords_Server01\Server\ET.Core\Base\Async\ETTask.cs:line 98
   at ETModel.AMActorHandler`2.Handle(Session session, Entity entity, Object actorMessage) in D:\ProjectUnity\ET\Landlords\Landlords_Server01\Server\ET.Core\Module\Actor\AMActorHandler.cs:line 26 
 Start<TStateMachine> at offset 80 in file:line:column D:\ProjectUnity\ET\Landlords\Landlords_Server01\Server\ET.Core\Base\Async\AsyncETTaskMethodBuilder.cs:126:13
MoveNext at offset 340 in file:line:column D:\ProjectUnity\ET\Landlords\Landlords_Server01\Server\Hotfix\Module\Actor\MailboxMessageDispatcherHandler.cs:16:5
Handle at offset 254 in file:line:column <filename unknown>:0:0
Start<TStateMachine> at offset 80 in file:line:column D:\ProjectUnity\ET\Landlords\Landlords_Server01\Server\ET.Core\Base\Async\AsyncETTaskMethodBuilder.cs:126:13
MoveNext at offset 374 in file:line:column D:\ProjectUnity\ET\Landlords\Landlords_Server01\Server\Hotfix\Module\Actor\ActorMessageDispatcherComponentSystem.cs:82:4
Handle at offset 408 in file:line:column <filename unknown>:0:0
Start<TStateMachine> at offset 80 in file:line:column D:\ProjectUnity\ET\Landlords\Landlords_Server01\Server\ET.Core\Base\Async\AsyncETTaskMethodBuilder.cs:126:13
MoveNext at offset 1507 in file:line:column D:\ProjectUnity\ET\Landlords\Landlords_Server01\Server\ET.Core\Module\Actor\AMActorHandler.cs:26:5
Error at offset 124 in file:line:column D:\ProjectUnity\ET\Landlords\Landlords_Server01\Server\ET.Core\Base\Log.cs:32:4
Error at offset 64 in file:line:column D:\ProjectUnity\ET\Landlords\Landlords_Server01\Server\ET.Core\Base\Logger\NLogAdapter.cs:32:4

2021-01-28 22:10:40.7399 AllServer 0001 System.ArgumentNullException: Value cannot be null.
Parameter name: value
   at Google.Protobuf.ProtoPreconditions.CheckNotNull[T](T value, String name) in E:\ProjectUnity\ET\Landlords\Landlords_Server01\Server\ThirdParty\Google.Protobuf\ProtoPreconditions.cs:line 57
   at ETModel.A1001_GetUserInfo_G2C.set_Email(String value) in E:\ProjectUnity\ET\Landlords\Landlords_Server01\Server\ET.Core\Module\Message\HotfixMessage.cs:line 863
   at ETHotfix.A1001_GetUserInfo_Handler.Run(Session session, A1001_GetUserInfo_C2G request, A1001_GetUserInfo_G2C response, Action reply) in E:\ProjectUnity\ET\Landlords\Landlords_Server01\Server\Hotfix\Landlords\Handler\Gate\A1001_GetUserInfo_Handler.cs:line 33 
 SetExistingTaskResult at offset 97 in file:line:column <filename unknown>:0:0
TrySetResult at offset 145 in file:line:column <filename unknown>:0:0
RunContinuations at offset 440 in file:line:column <filename unknown>:0:0
RunCallback at offset 71 in file:line:column <filename unknown>:0:0
<OutputWaitEtwEvents>b__12_0 at offset 323 in file:line:column <filename unknown>:0:0
Run at offset 73 in file:line:column E:\ProjectUnity\ET\Landlords\Landlords_Server01\Server\ET.Core\Base\Async\MoveNextRunner.cs:12:13
MoveNext at offset 1183 in file:line:column E:\ProjectUnity\ET\Landlords\Landlords_Server01\Server\Hotfix\Landlords\Handler\Gate\A1001_GetUserInfo_Handler.cs:33:17
ReplyError at offset 75 in file:line:column E:\ProjectUnity\ET\Landlords\Landlords_Server01\Server\ET.Core\Module\Message\AMRpcHandler.cs:9:4
Error at offset 124 in file:line:column E:\ProjectUnity\ET\Landlords\Landlords_Server01\Server\ET.Core\Base\Log.cs:32:4
Error at offset 64 in file:line:column E:\ProjectUnity\ET\Landlords\Landlords_Server01\Server\ET.Core\Base\Logger\NLogAdapter.cs:32:4

2021-01-28 22:13:42.5621 AllServer 0001 System.ArgumentNullException: Value cannot be null.
Parameter name: value
   at Google.Protobuf.ProtoPreconditions.CheckNotNull[T](T value, String name) in E:\ProjectUnity\ET\Landlords\Landlords_Server01\Server\ThirdParty\Google.Protobuf\ProtoPreconditions.cs:line 57
   at ETModel.A1001_GetUserInfo_G2C.set_Email(String value) in E:\ProjectUnity\ET\Landlords\Landlords_Server01\Server\ET.Core\Module\Message\HotfixMessage.cs:line 863
   at ETHotfix.A1001_GetUserInfo_Handler.Run(Session session, A1001_GetUserInfo_C2G request, A1001_GetUserInfo_G2C response, Action reply) in E:\ProjectUnity\ET\Landlords\Landlords_Server01\Server\Hotfix\Landlords\Handler\Gate\A1001_GetUserInfo_Handler.cs:line 33 
 SetExistingTaskResult at offset 97 in file:line:column <filename unknown>:0:0
TrySetResult at offset 145 in file:line:column <filename unknown>:0:0
RunContinuations at offset 440 in file:line:column <filename unknown>:0:0
RunCallback at offset 71 in file:line:column <filename unknown>:0:0
<OutputWaitEtwEvents>b__12_0 at offset 323 in file:line:column <filename unknown>:0:0
Run at offset 73 in file:line:column E:\ProjectUnity\ET\Landlords\Landlords_Server01\Server\ET.Core\Base\Async\MoveNextRunner.cs:12:13
MoveNext at offset 1183 in file:line:column E:\ProjectUnity\ET\Landlords\Landlords_Server01\Server\Hotfix\Landlords\Handler\Gate\A1001_GetUserInfo_Handler.cs:33:17
ReplyError at offset 75 in file:line:column E:\ProjectUnity\ET\Landlords\Landlords_Server01\Server\ET.Core\Module\Message\AMRpcHandler.cs:9:4
Error at offset 124 in file:line:column E:\ProjectUnity\ET\Landlords\Landlords_Server01\Server\ET.Core\Base\Log.cs:32:4
Error at offset 64 in file:line:column E:\ProjectUnity\ET\Landlords\Landlords_Server01\Server\ET.Core\Base\Logger\NLogAdapter.cs:32:4

