2021-01-12 12:56:44.9829 AllServer 0001 消息没有处理: 10009 { "_t" : "A1001_GetUserInfo_C2G", "RpcId" : 3 } 
 OnRead at offset 70 in file:line:column D:\ProjectUnity\ET\Landlords\Landlords_Server01\Server\ET.Core\Module\Message\Session.cs:120:5
Run at offset 485 in file:line:column D:\ProjectUnity\ET\Landlords\Landlords_Server01\Server\ET.Core\Module\Message\Session.cs:154:4
RunMessage at offset 145 in file:line:column D:\ProjectUnity\ET\Landlords\Landlords_Server01\Server\ET.Core\Module\Message\Session.cs:160:4
Dispatch at offset 85 in file:line:column D:\ProjectUnity\ET\Landlords\Landlords_Server01\Server\Hotfix\Module\Message\OuterMessageDispatcher.cs:9:4
DispatchAsync at offset 259 in file:line:column <filename unknown>:0:0
Start<TStateMachine> at offset 68 in file:line:column D:\ProjectUnity\ET\Landlords\Landlords_Server01\Server\ET.Core\Base\Async\AsyncETVoidMethodBuilder.cs:74:13
MoveNext at offset 3547 in file:line:column D:\ProjectUnity\ET\Landlords\Landlords_Server01\Server\Hotfix\Module\Message\OuterMessageDispatcher.cs:82:7
Handle at offset 306 in file:line:column D:\ProjectUnity\ET\Landlords\Landlords_Server01\Server\Hotfix\Module\Message\MessageDispatherComponentSystem.cs:84:5
Error at offset 70 in file:line:column D:\ProjectUnity\ET\Landlords\Landlords_Server01\Server\ET.Core\Base\Log.cs:37:4
Error at offset 58 in file:line:column D:\ProjectUnity\ET\Landlords\Landlords_Server01\Server\ET.Core\Base\Logger\NLogAdapter.cs:32:4

2021-01-12 12:57:06.5941 AllServer 0001 消息没有处理: 10009 { "_t" : "A1001_GetUserInfo_C2G", "RpcId" : 4 } 
 OnRead at offset 70 in file:line:column D:\ProjectUnity\ET\Landlords\Landlords_Server01\Server\ET.Core\Module\Message\Session.cs:120:5
Run at offset 485 in file:line:column D:\ProjectUnity\ET\Landlords\Landlords_Server01\Server\ET.Core\Module\Message\Session.cs:154:4
RunMessage at offset 145 in file:line:column D:\ProjectUnity\ET\Landlords\Landlords_Server01\Server\ET.Core\Module\Message\Session.cs:160:4
Dispatch at offset 85 in file:line:column D:\ProjectUnity\ET\Landlords\Landlords_Server01\Server\Hotfix\Module\Message\OuterMessageDispatcher.cs:9:4
DispatchAsync at offset 259 in file:line:column <filename unknown>:0:0
Start<TStateMachine> at offset 68 in file:line:column D:\ProjectUnity\ET\Landlords\Landlords_Server01\Server\ET.Core\Base\Async\AsyncETVoidMethodBuilder.cs:74:13
MoveNext at offset 3547 in file:line:column D:\ProjectUnity\ET\Landlords\Landlords_Server01\Server\Hotfix\Module\Message\OuterMessageDispatcher.cs:82:7
Handle at offset 306 in file:line:column D:\ProjectUnity\ET\Landlords\Landlords_Server01\Server\Hotfix\Module\Message\MessageDispatherComponentSystem.cs:84:5
Error at offset 70 in file:line:column D:\ProjectUnity\ET\Landlords\Landlords_Server01\Server\ET.Core\Base\Log.cs:37:4
Error at offset 58 in file:line:column D:\ProjectUnity\ET\Landlords\Landlords_Server01\Server\ET.Core\Base\Logger\NLogAdapter.cs:32:4

2021-01-12 13:01:53.3282 AllServer 0001 重复登录！ 
 Handle at offset 492 in file:line:column D:\ProjectUnity\ET\Landlords\Landlords_Server01\Server\Hotfix\Module\Message\MessageDispatherComponentSystem.cs:92:6
Handle at offset 367 in file:line:column <filename unknown>:0:0
Start<TStateMachine> at offset 68 in file:line:column D:\ProjectUnity\ET\Landlords\Landlords_Server01\Server\ET.Core\Base\Async\AsyncETVoidMethodBuilder.cs:74:13
MoveNext at offset 1382 in file:line:column D:\ProjectUnity\ET\Landlords\Landlords_Server01\Server\ET.Core\Module\Message\AMRpcHandler.cs:45:6
Run at offset 290 in file:line:column <filename unknown>:0:0
Start<TStateMachine> at offset 68 in file:line:column D:\ProjectUnity\ET\Landlords\Landlords_Server01\Server\ET.Core\Base\Async\AsyncETTaskMethodBuilder.cs:126:13
MoveNext at offset 603 in file:line:column D:\ProjectUnity\ET\Landlords\Landlords_Server01\Server\Hotfix\Landlords\Handler\Gate\A0003_LoginGateHanler.cs:34:17
Add at offset 204 in file:line:column D:\ProjectUnity\ET\Landlords\Landlords_Server01\Server\ET.Core\Landlords\Component\UserComponent.cs:25:17
Error at offset 70 in file:line:column D:\ProjectUnity\ET\Landlords\Landlords_Server01\Server\ET.Core\Base\Log.cs:37:4
Error at offset 58 in file:line:column D:\ProjectUnity\ET\Landlords\Landlords_Server01\Server\ET.Core\Base\Logger\NLogAdapter.cs:32:4

2021-01-12 13:01:53.3919 AllServer 0001 消息没有处理: 10009 { "_t" : "A1001_GetUserInfo_C2G", "RpcId" : 3 } 
 OnRead at offset 70 in file:line:column D:\ProjectUnity\ET\Landlords\Landlords_Server01\Server\ET.Core\Module\Message\Session.cs:120:5
Run at offset 485 in file:line:column D:\ProjectUnity\ET\Landlords\Landlords_Server01\Server\ET.Core\Module\Message\Session.cs:154:4
RunMessage at offset 145 in file:line:column D:\ProjectUnity\ET\Landlords\Landlords_Server01\Server\ET.Core\Module\Message\Session.cs:160:4
Dispatch at offset 85 in file:line:column D:\ProjectUnity\ET\Landlords\Landlords_Server01\Server\Hotfix\Module\Message\OuterMessageDispatcher.cs:9:4
DispatchAsync at offset 259 in file:line:column <filename unknown>:0:0
Start<TStateMachine> at offset 68 in file:line:column D:\ProjectUnity\ET\Landlords\Landlords_Server01\Server\ET.Core\Base\Async\AsyncETVoidMethodBuilder.cs:74:13
MoveNext at offset 3547 in file:line:column D:\ProjectUnity\ET\Landlords\Landlords_Server01\Server\Hotfix\Module\Message\OuterMessageDispatcher.cs:82:7
Handle at offset 306 in file:line:column D:\ProjectUnity\ET\Landlords\Landlords_Server01\Server\Hotfix\Module\Message\MessageDispatherComponentSystem.cs:84:5
Error at offset 70 in file:line:column D:\ProjectUnity\ET\Landlords\Landlords_Server01\Server\ET.Core\Base\Log.cs:37:4
Error at offset 58 in file:line:column D:\ProjectUnity\ET\Landlords\Landlords_Server01\Server\ET.Core\Base\Logger\NLogAdapter.cs:32:4

2021-01-12 13:04:46.8492 AllServer 0001 重复登录！ 
 Handle at offset 492 in file:line:column D:\ProjectUnity\ET\Landlords\Landlords_Server01\Server\Hotfix\Module\Message\MessageDispatherComponentSystem.cs:92:6
Handle at offset 367 in file:line:column <filename unknown>:0:0
Start<TStateMachine> at offset 68 in file:line:column D:\ProjectUnity\ET\Landlords\Landlords_Server01\Server\ET.Core\Base\Async\AsyncETVoidMethodBuilder.cs:74:13
MoveNext at offset 1382 in file:line:column D:\ProjectUnity\ET\Landlords\Landlords_Server01\Server\ET.Core\Module\Message\AMRpcHandler.cs:45:6
Run at offset 290 in file:line:column <filename unknown>:0:0
Start<TStateMachine> at offset 68 in file:line:column D:\ProjectUnity\ET\Landlords\Landlords_Server01\Server\ET.Core\Base\Async\AsyncETTaskMethodBuilder.cs:126:13
MoveNext at offset 603 in file:line:column D:\ProjectUnity\ET\Landlords\Landlords_Server01\Server\Hotfix\Landlords\Handler\Gate\A0003_LoginGateHanler.cs:34:17
Add at offset 204 in file:line:column D:\ProjectUnity\ET\Landlords\Landlords_Server01\Server\ET.Core\Landlords\Component\UserComponent.cs:25:17
Error at offset 70 in file:line:column D:\ProjectUnity\ET\Landlords\Landlords_Server01\Server\ET.Core\Base\Log.cs:37:4
Error at offset 58 in file:line:column D:\ProjectUnity\ET\Landlords\Landlords_Server01\Server\ET.Core\Base\Logger\NLogAdapter.cs:32:4

2021-01-12 13:04:46.9130 AllServer 0001 消息没有处理: 10009 { "_t" : "A1001_GetUserInfo_C2G", "RpcId" : 3 } 
 OnRead at offset 70 in file:line:column D:\ProjectUnity\ET\Landlords\Landlords_Server01\Server\ET.Core\Module\Message\Session.cs:120:5
Run at offset 485 in file:line:column D:\ProjectUnity\ET\Landlords\Landlords_Server01\Server\ET.Core\Module\Message\Session.cs:154:4
RunMessage at offset 145 in file:line:column D:\ProjectUnity\ET\Landlords\Landlords_Server01\Server\ET.Core\Module\Message\Session.cs:160:4
Dispatch at offset 85 in file:line:column D:\ProjectUnity\ET\Landlords\Landlords_Server01\Server\Hotfix\Module\Message\OuterMessageDispatcher.cs:9:4
DispatchAsync at offset 259 in file:line:column <filename unknown>:0:0
Start<TStateMachine> at offset 68 in file:line:column D:\ProjectUnity\ET\Landlords\Landlords_Server01\Server\ET.Core\Base\Async\AsyncETVoidMethodBuilder.cs:74:13
MoveNext at offset 3547 in file:line:column D:\ProjectUnity\ET\Landlords\Landlords_Server01\Server\Hotfix\Module\Message\OuterMessageDispatcher.cs:82:7
Handle at offset 306 in file:line:column D:\ProjectUnity\ET\Landlords\Landlords_Server01\Server\Hotfix\Module\Message\MessageDispatherComponentSystem.cs:84:5
Error at offset 70 in file:line:column D:\ProjectUnity\ET\Landlords\Landlords_Server01\Server\ET.Core\Base\Log.cs:37:4
Error at offset 58 in file:line:column D:\ProjectUnity\ET\Landlords\Landlords_Server01\Server\ET.Core\Base\Logger\NLogAdapter.cs:32:4

2021-01-12 13:11:07.4473 AllServer 0001 重复登录！ 
 Handle at offset 492 in file:line:column D:\ProjectUnity\ET\Landlords\Landlords_Server01\Server\Hotfix\Module\Message\MessageDispatherComponentSystem.cs:92:6
Handle at offset 367 in file:line:column <filename unknown>:0:0
Start<TStateMachine> at offset 68 in file:line:column D:\ProjectUnity\ET\Landlords\Landlords_Server01\Server\ET.Core\Base\Async\AsyncETVoidMethodBuilder.cs:74:13
MoveNext at offset 1382 in file:line:column D:\ProjectUnity\ET\Landlords\Landlords_Server01\Server\ET.Core\Module\Message\AMRpcHandler.cs:45:6
Run at offset 290 in file:line:column <filename unknown>:0:0
Start<TStateMachine> at offset 68 in file:line:column D:\ProjectUnity\ET\Landlords\Landlords_Server01\Server\ET.Core\Base\Async\AsyncETTaskMethodBuilder.cs:126:13
MoveNext at offset 603 in file:line:column D:\ProjectUnity\ET\Landlords\Landlords_Server01\Server\Hotfix\Landlords\Handler\Gate\A0003_LoginGateHanler.cs:34:17
Add at offset 204 in file:line:column D:\ProjectUnity\ET\Landlords\Landlords_Server01\Server\ET.Core\Landlords\Component\UserComponent.cs:25:17
Error at offset 70 in file:line:column D:\ProjectUnity\ET\Landlords\Landlords_Server01\Server\ET.Core\Base\Log.cs:37:4
Error at offset 58 in file:line:column D:\ProjectUnity\ET\Landlords\Landlords_Server01\Server\ET.Core\Base\Logger\NLogAdapter.cs:32:4

2021-01-12 13:11:07.5113 AllServer 0001 消息没有处理: 10009 { "_t" : "A1001_GetUserInfo_C2G", "RpcId" : 3 } 
 OnRead at offset 70 in file:line:column D:\ProjectUnity\ET\Landlords\Landlords_Server01\Server\ET.Core\Module\Message\Session.cs:120:5
Run at offset 485 in file:line:column D:\ProjectUnity\ET\Landlords\Landlords_Server01\Server\ET.Core\Module\Message\Session.cs:154:4
RunMessage at offset 145 in file:line:column D:\ProjectUnity\ET\Landlords\Landlords_Server01\Server\ET.Core\Module\Message\Session.cs:160:4
Dispatch at offset 85 in file:line:column D:\ProjectUnity\ET\Landlords\Landlords_Server01\Server\Hotfix\Module\Message\OuterMessageDispatcher.cs:9:4
DispatchAsync at offset 259 in file:line:column <filename unknown>:0:0
Start<TStateMachine> at offset 68 in file:line:column D:\ProjectUnity\ET\Landlords\Landlords_Server01\Server\ET.Core\Base\Async\AsyncETVoidMethodBuilder.cs:74:13
MoveNext at offset 3547 in file:line:column D:\ProjectUnity\ET\Landlords\Landlords_Server01\Server\Hotfix\Module\Message\OuterMessageDispatcher.cs:82:7
Handle at offset 306 in file:line:column D:\ProjectUnity\ET\Landlords\Landlords_Server01\Server\Hotfix\Module\Message\MessageDispatherComponentSystem.cs:84:5
Error at offset 70 in file:line:column D:\ProjectUnity\ET\Landlords\Landlords_Server01\Server\ET.Core\Base\Log.cs:37:4
Error at offset 58 in file:line:column D:\ProjectUnity\ET\Landlords\Landlords_Server01\Server\ET.Core\Base\Logger\NLogAdapter.cs:32:4

2021-01-12 13:11:32.9365 AllServer 0001 重复登录！ 
 Handle at offset 492 in file:line:column D:\ProjectUnity\ET\Landlords\Landlords_Server01\Server\Hotfix\Module\Message\MessageDispatherComponentSystem.cs:92:6
Handle at offset 367 in file:line:column <filename unknown>:0:0
Start<TStateMachine> at offset 68 in file:line:column D:\ProjectUnity\ET\Landlords\Landlords_Server01\Server\ET.Core\Base\Async\AsyncETVoidMethodBuilder.cs:74:13
MoveNext at offset 1382 in file:line:column D:\ProjectUnity\ET\Landlords\Landlords_Server01\Server\ET.Core\Module\Message\AMRpcHandler.cs:45:6
Run at offset 290 in file:line:column <filename unknown>:0:0
Start<TStateMachine> at offset 68 in file:line:column D:\ProjectUnity\ET\Landlords\Landlords_Server01\Server\ET.Core\Base\Async\AsyncETTaskMethodBuilder.cs:126:13
MoveNext at offset 603 in file:line:column D:\ProjectUnity\ET\Landlords\Landlords_Server01\Server\Hotfix\Landlords\Handler\Gate\A0003_LoginGateHanler.cs:34:17
Add at offset 204 in file:line:column D:\ProjectUnity\ET\Landlords\Landlords_Server01\Server\ET.Core\Landlords\Component\UserComponent.cs:25:17
Error at offset 70 in file:line:column D:\ProjectUnity\ET\Landlords\Landlords_Server01\Server\ET.Core\Base\Log.cs:37:4
Error at offset 58 in file:line:column D:\ProjectUnity\ET\Landlords\Landlords_Server01\Server\ET.Core\Base\Logger\NLogAdapter.cs:32:4

2021-01-12 13:12:01.0481 AllServer 0001 消息没有处理: 10009 { "_t" : "A1001_GetUserInfo_C2G", "RpcId" : 3 } 
 OnRead at offset 70 in file:line:column D:\ProjectUnity\ET\Landlords\Landlords_Server01\Server\ET.Core\Module\Message\Session.cs:120:5
Run at offset 485 in file:line:column D:\ProjectUnity\ET\Landlords\Landlords_Server01\Server\ET.Core\Module\Message\Session.cs:154:4
RunMessage at offset 145 in file:line:column D:\ProjectUnity\ET\Landlords\Landlords_Server01\Server\ET.Core\Module\Message\Session.cs:160:4
Dispatch at offset 85 in file:line:column D:\ProjectUnity\ET\Landlords\Landlords_Server01\Server\Hotfix\Module\Message\OuterMessageDispatcher.cs:9:4
DispatchAsync at offset 259 in file:line:column <filename unknown>:0:0
Start<TStateMachine> at offset 68 in file:line:column D:\ProjectUnity\ET\Landlords\Landlords_Server01\Server\ET.Core\Base\Async\AsyncETVoidMethodBuilder.cs:74:13
MoveNext at offset 3547 in file:line:column D:\ProjectUnity\ET\Landlords\Landlords_Server01\Server\Hotfix\Module\Message\OuterMessageDispatcher.cs:82:7
Handle at offset 306 in file:line:column D:\ProjectUnity\ET\Landlords\Landlords_Server01\Server\Hotfix\Module\Message\MessageDispatherComponentSystem.cs:84:5
Error at offset 70 in file:line:column D:\ProjectUnity\ET\Landlords\Landlords_Server01\Server\ET.Core\Base\Log.cs:37:4
Error at offset 58 in file:line:column D:\ProjectUnity\ET\Landlords\Landlords_Server01\Server\ET.Core\Base\Logger\NLogAdapter.cs:32:4

2021-01-12 13:16:30.8357 AllServer 0001 重复登录！ 
 Handle at offset 492 in file:line:column D:\ProjectUnity\ET\Landlords\Landlords_Server01\Server\Hotfix\Module\Message\MessageDispatherComponentSystem.cs:92:6
Handle at offset 367 in file:line:column <filename unknown>:0:0
Start<TStateMachine> at offset 68 in file:line:column D:\ProjectUnity\ET\Landlords\Landlords_Server01\Server\ET.Core\Base\Async\AsyncETVoidMethodBuilder.cs:74:13
MoveNext at offset 1382 in file:line:column D:\ProjectUnity\ET\Landlords\Landlords_Server01\Server\ET.Core\Module\Message\AMRpcHandler.cs:45:6
Run at offset 290 in file:line:column <filename unknown>:0:0
Start<TStateMachine> at offset 68 in file:line:column D:\ProjectUnity\ET\Landlords\Landlords_Server01\Server\ET.Core\Base\Async\AsyncETTaskMethodBuilder.cs:126:13
MoveNext at offset 603 in file:line:column D:\ProjectUnity\ET\Landlords\Landlords_Server01\Server\Hotfix\Landlords\Handler\Gate\A0003_LoginGateHanler.cs:34:17
Add at offset 204 in file:line:column D:\ProjectUnity\ET\Landlords\Landlords_Server01\Server\ET.Core\Landlords\Component\UserComponent.cs:25:17
Error at offset 70 in file:line:column D:\ProjectUnity\ET\Landlords\Landlords_Server01\Server\ET.Core\Base\Log.cs:37:4
Error at offset 58 in file:line:column D:\ProjectUnity\ET\Landlords\Landlords_Server01\Server\ET.Core\Base\Logger\NLogAdapter.cs:32:4

2021-01-12 13:22:48.0347 AllServer 0001 重复登录！ 
 Handle at offset 492 in file:line:column D:\ProjectUnity\ET\Landlords\Landlords_Server01\Server\Hotfix\Module\Message\MessageDispatherComponentSystem.cs:92:6
Handle at offset 367 in file:line:column <filename unknown>:0:0
Start<TStateMachine> at offset 68 in file:line:column D:\ProjectUnity\ET\Landlords\Landlords_Server01\Server\ET.Core\Base\Async\AsyncETVoidMethodBuilder.cs:74:13
MoveNext at offset 1382 in file:line:column D:\ProjectUnity\ET\Landlords\Landlords_Server01\Server\ET.Core\Module\Message\AMRpcHandler.cs:45:6
Run at offset 290 in file:line:column <filename unknown>:0:0
Start<TStateMachine> at offset 68 in file:line:column D:\ProjectUnity\ET\Landlords\Landlords_Server01\Server\ET.Core\Base\Async\AsyncETTaskMethodBuilder.cs:126:13
MoveNext at offset 603 in file:line:column D:\ProjectUnity\ET\Landlords\Landlords_Server01\Server\Hotfix\Landlords\Handler\Gate\A0003_LoginGateHanler.cs:34:17
Add at offset 204 in file:line:column D:\ProjectUnity\ET\Landlords\Landlords_Server01\Server\ET.Core\Landlords\Component\UserComponent.cs:25:17
Error at offset 70 in file:line:column D:\ProjectUnity\ET\Landlords\Landlords_Server01\Server\ET.Core\Base\Log.cs:37:4
Error at offset 58 in file:line:column D:\ProjectUnity\ET\Landlords\Landlords_Server01\Server\ET.Core\Base\Logger\NLogAdapter.cs:32:4

2021-01-12 13:22:48.1242 AllServer 0001 消息没有处理: 10009 { "_t" : "A1001_GetUserInfo_C2G", "RpcId" : 3 } 
 OnRead at offset 70 in file:line:column D:\ProjectUnity\ET\Landlords\Landlords_Server01\Server\ET.Core\Module\Message\Session.cs:120:5
Run at offset 485 in file:line:column D:\ProjectUnity\ET\Landlords\Landlords_Server01\Server\ET.Core\Module\Message\Session.cs:154:4
RunMessage at offset 145 in file:line:column D:\ProjectUnity\ET\Landlords\Landlords_Server01\Server\ET.Core\Module\Message\Session.cs:160:4
Dispatch at offset 85 in file:line:column D:\ProjectUnity\ET\Landlords\Landlords_Server01\Server\Hotfix\Module\Message\OuterMessageDispatcher.cs:9:4
DispatchAsync at offset 259 in file:line:column <filename unknown>:0:0
Start<TStateMachine> at offset 68 in file:line:column D:\ProjectUnity\ET\Landlords\Landlords_Server01\Server\ET.Core\Base\Async\AsyncETVoidMethodBuilder.cs:74:13
MoveNext at offset 3547 in file:line:column D:\ProjectUnity\ET\Landlords\Landlords_Server01\Server\Hotfix\Module\Message\OuterMessageDispatcher.cs:82:7
Handle at offset 306 in file:line:column D:\ProjectUnity\ET\Landlords\Landlords_Server01\Server\Hotfix\Module\Message\MessageDispatherComponentSystem.cs:84:5
Error at offset 70 in file:line:column D:\ProjectUnity\ET\Landlords\Landlords_Server01\Server\ET.Core\Base\Log.cs:37:4
Error at offset 58 in file:line:column D:\ProjectUnity\ET\Landlords\Landlords_Server01\Server\ET.Core\Base\Logger\NLogAdapter.cs:32:4

2021-01-12 13:23:14.4130 AllServer 0001 重复登录！ 
 Handle at offset 492 in file:line:column D:\ProjectUnity\ET\Landlords\Landlords_Server01\Server\Hotfix\Module\Message\MessageDispatherComponentSystem.cs:92:6
Handle at offset 367 in file:line:column <filename unknown>:0:0
Start<TStateMachine> at offset 68 in file:line:column D:\ProjectUnity\ET\Landlords\Landlords_Server01\Server\ET.Core\Base\Async\AsyncETVoidMethodBuilder.cs:74:13
MoveNext at offset 1382 in file:line:column D:\ProjectUnity\ET\Landlords\Landlords_Server01\Server\ET.Core\Module\Message\AMRpcHandler.cs:45:6
Run at offset 290 in file:line:column <filename unknown>:0:0
Start<TStateMachine> at offset 68 in file:line:column D:\ProjectUnity\ET\Landlords\Landlords_Server01\Server\ET.Core\Base\Async\AsyncETTaskMethodBuilder.cs:126:13
MoveNext at offset 603 in file:line:column D:\ProjectUnity\ET\Landlords\Landlords_Server01\Server\Hotfix\Landlords\Handler\Gate\A0003_LoginGateHanler.cs:34:17
Add at offset 204 in file:line:column D:\ProjectUnity\ET\Landlords\Landlords_Server01\Server\ET.Core\Landlords\Component\UserComponent.cs:25:17
Error at offset 70 in file:line:column D:\ProjectUnity\ET\Landlords\Landlords_Server01\Server\ET.Core\Base\Log.cs:37:4
Error at offset 58 in file:line:column D:\ProjectUnity\ET\Landlords\Landlords_Server01\Server\ET.Core\Base\Logger\NLogAdapter.cs:32:4

2021-01-12 13:23:17.8932 AllServer 0001 消息没有处理: 10009 { "_t" : "A1001_GetUserInfo_C2G", "RpcId" : 3 } 
 OnRead at offset 70 in file:line:column D:\ProjectUnity\ET\Landlords\Landlords_Server01\Server\ET.Core\Module\Message\Session.cs:120:5
Run at offset 485 in file:line:column D:\ProjectUnity\ET\Landlords\Landlords_Server01\Server\ET.Core\Module\Message\Session.cs:154:4
RunMessage at offset 145 in file:line:column D:\ProjectUnity\ET\Landlords\Landlords_Server01\Server\ET.Core\Module\Message\Session.cs:160:4
Dispatch at offset 85 in file:line:column D:\ProjectUnity\ET\Landlords\Landlords_Server01\Server\Hotfix\Module\Message\OuterMessageDispatcher.cs:9:4
DispatchAsync at offset 259 in file:line:column <filename unknown>:0:0
Start<TStateMachine> at offset 68 in file:line:column D:\ProjectUnity\ET\Landlords\Landlords_Server01\Server\ET.Core\Base\Async\AsyncETVoidMethodBuilder.cs:74:13
MoveNext at offset 3547 in file:line:column D:\ProjectUnity\ET\Landlords\Landlords_Server01\Server\Hotfix\Module\Message\OuterMessageDispatcher.cs:82:7
Handle at offset 306 in file:line:column D:\ProjectUnity\ET\Landlords\Landlords_Server01\Server\Hotfix\Module\Message\MessageDispatherComponentSystem.cs:84:5
Error at offset 70 in file:line:column D:\ProjectUnity\ET\Landlords\Landlords_Server01\Server\ET.Core\Base\Log.cs:37:4
Error at offset 58 in file:line:column D:\ProjectUnity\ET\Landlords\Landlords_Server01\Server\ET.Core\Base\Logger\NLogAdapter.cs:32:4

2021-01-12 13:23:46.3640 AllServer 0001 重复登录！ 
 Handle at offset 492 in file:line:column D:\ProjectUnity\ET\Landlords\Landlords_Server01\Server\Hotfix\Module\Message\MessageDispatherComponentSystem.cs:92:6
Handle at offset 367 in file:line:column <filename unknown>:0:0
Start<TStateMachine> at offset 68 in file:line:column D:\ProjectUnity\ET\Landlords\Landlords_Server01\Server\ET.Core\Base\Async\AsyncETVoidMethodBuilder.cs:74:13
MoveNext at offset 1382 in file:line:column D:\ProjectUnity\ET\Landlords\Landlords_Server01\Server\ET.Core\Module\Message\AMRpcHandler.cs:45:6
Run at offset 290 in file:line:column <filename unknown>:0:0
Start<TStateMachine> at offset 68 in file:line:column D:\ProjectUnity\ET\Landlords\Landlords_Server01\Server\ET.Core\Base\Async\AsyncETTaskMethodBuilder.cs:126:13
MoveNext at offset 603 in file:line:column D:\ProjectUnity\ET\Landlords\Landlords_Server01\Server\Hotfix\Landlords\Handler\Gate\A0003_LoginGateHanler.cs:34:17
Add at offset 204 in file:line:column D:\ProjectUnity\ET\Landlords\Landlords_Server01\Server\ET.Core\Landlords\Component\UserComponent.cs:25:17
Error at offset 70 in file:line:column D:\ProjectUnity\ET\Landlords\Landlords_Server01\Server\ET.Core\Base\Log.cs:37:4
Error at offset 58 in file:line:column D:\ProjectUnity\ET\Landlords\Landlords_Server01\Server\ET.Core\Base\Logger\NLogAdapter.cs:32:4

2021-01-12 13:23:46.4624 AllServer 0001 消息没有处理: 10009 { "_t" : "A1001_GetUserInfo_C2G", "RpcId" : 3 } 
 OnRead at offset 70 in file:line:column D:\ProjectUnity\ET\Landlords\Landlords_Server01\Server\ET.Core\Module\Message\Session.cs:120:5
Run at offset 485 in file:line:column D:\ProjectUnity\ET\Landlords\Landlords_Server01\Server\ET.Core\Module\Message\Session.cs:154:4
RunMessage at offset 145 in file:line:column D:\ProjectUnity\ET\Landlords\Landlords_Server01\Server\ET.Core\Module\Message\Session.cs:160:4
Dispatch at offset 85 in file:line:column D:\ProjectUnity\ET\Landlords\Landlords_Server01\Server\Hotfix\Module\Message\OuterMessageDispatcher.cs:9:4
DispatchAsync at offset 259 in file:line:column <filename unknown>:0:0
Start<TStateMachine> at offset 68 in file:line:column D:\ProjectUnity\ET\Landlords\Landlords_Server01\Server\ET.Core\Base\Async\AsyncETVoidMethodBuilder.cs:74:13
MoveNext at offset 3547 in file:line:column D:\ProjectUnity\ET\Landlords\Landlords_Server01\Server\Hotfix\Module\Message\OuterMessageDispatcher.cs:82:7
Handle at offset 306 in file:line:column D:\ProjectUnity\ET\Landlords\Landlords_Server01\Server\Hotfix\Module\Message\MessageDispatherComponentSystem.cs:84:5
Error at offset 70 in file:line:column D:\ProjectUnity\ET\Landlords\Landlords_Server01\Server\ET.Core\Base\Log.cs:37:4
Error at offset 58 in file:line:column D:\ProjectUnity\ET\Landlords\Landlords_Server01\Server\ET.Core\Base\Logger\NLogAdapter.cs:32:4

2021-01-12 13:25:28.0267 AllServer 0001 重复登录！ 
 Handle at offset 492 in file:line:column D:\ProjectUnity\ET\Landlords\Landlords_Server01\Server\Hotfix\Module\Message\MessageDispatherComponentSystem.cs:92:6
Handle at offset 367 in file:line:column <filename unknown>:0:0
Start<TStateMachine> at offset 68 in file:line:column D:\ProjectUnity\ET\Landlords\Landlords_Server01\Server\ET.Core\Base\Async\AsyncETVoidMethodBuilder.cs:74:13
MoveNext at offset 1382 in file:line:column D:\ProjectUnity\ET\Landlords\Landlords_Server01\Server\ET.Core\Module\Message\AMRpcHandler.cs:45:6
Run at offset 290 in file:line:column <filename unknown>:0:0
Start<TStateMachine> at offset 68 in file:line:column D:\ProjectUnity\ET\Landlords\Landlords_Server01\Server\ET.Core\Base\Async\AsyncETTaskMethodBuilder.cs:126:13
MoveNext at offset 603 in file:line:column D:\ProjectUnity\ET\Landlords\Landlords_Server01\Server\Hotfix\Landlords\Handler\Gate\A0003_LoginGateHanler.cs:34:17
Add at offset 204 in file:line:column D:\ProjectUnity\ET\Landlords\Landlords_Server01\Server\ET.Core\Landlords\Component\UserComponent.cs:25:17
Error at offset 70 in file:line:column D:\ProjectUnity\ET\Landlords\Landlords_Server01\Server\ET.Core\Base\Log.cs:37:4
Error at offset 58 in file:line:column D:\ProjectUnity\ET\Landlords\Landlords_Server01\Server\ET.Core\Base\Logger\NLogAdapter.cs:32:4

2021-01-12 13:25:28.0844 AllServer 0001 消息没有处理: 10009 { "_t" : "A1001_GetUserInfo_C2G", "RpcId" : 3 } 
 OnRead at offset 70 in file:line:column D:\ProjectUnity\ET\Landlords\Landlords_Server01\Server\ET.Core\Module\Message\Session.cs:120:5
Run at offset 485 in file:line:column D:\ProjectUnity\ET\Landlords\Landlords_Server01\Server\ET.Core\Module\Message\Session.cs:154:4
RunMessage at offset 145 in file:line:column D:\ProjectUnity\ET\Landlords\Landlords_Server01\Server\ET.Core\Module\Message\Session.cs:160:4
Dispatch at offset 85 in file:line:column D:\ProjectUnity\ET\Landlords\Landlords_Server01\Server\Hotfix\Module\Message\OuterMessageDispatcher.cs:9:4
DispatchAsync at offset 259 in file:line:column <filename unknown>:0:0
Start<TStateMachine> at offset 68 in file:line:column D:\ProjectUnity\ET\Landlords\Landlords_Server01\Server\ET.Core\Base\Async\AsyncETVoidMethodBuilder.cs:74:13
MoveNext at offset 3547 in file:line:column D:\ProjectUnity\ET\Landlords\Landlords_Server01\Server\Hotfix\Module\Message\OuterMessageDispatcher.cs:82:7
Handle at offset 306 in file:line:column D:\ProjectUnity\ET\Landlords\Landlords_Server01\Server\Hotfix\Module\Message\MessageDispatherComponentSystem.cs:84:5
Error at offset 70 in file:line:column D:\ProjectUnity\ET\Landlords\Landlords_Server01\Server\ET.Core\Base\Log.cs:37:4
Error at offset 58 in file:line:column D:\ProjectUnity\ET\Landlords\Landlords_Server01\Server\ET.Core\Base\Logger\NLogAdapter.cs:32:4

2021-01-12 13:26:08.1875 AllServer 0001 重复登录！ 
 Handle at offset 492 in file:line:column D:\ProjectUnity\ET\Landlords\Landlords_Server01\Server\Hotfix\Module\Message\MessageDispatherComponentSystem.cs:92:6
Handle at offset 367 in file:line:column <filename unknown>:0:0
Start<TStateMachine> at offset 68 in file:line:column D:\ProjectUnity\ET\Landlords\Landlords_Server01\Server\ET.Core\Base\Async\AsyncETVoidMethodBuilder.cs:74:13
MoveNext at offset 1382 in file:line:column D:\ProjectUnity\ET\Landlords\Landlords_Server01\Server\ET.Core\Module\Message\AMRpcHandler.cs:45:6
Run at offset 290 in file:line:column <filename unknown>:0:0
Start<TStateMachine> at offset 68 in file:line:column D:\ProjectUnity\ET\Landlords\Landlords_Server01\Server\ET.Core\Base\Async\AsyncETTaskMethodBuilder.cs:126:13
MoveNext at offset 603 in file:line:column D:\ProjectUnity\ET\Landlords\Landlords_Server01\Server\Hotfix\Landlords\Handler\Gate\A0003_LoginGateHanler.cs:34:17
Add at offset 204 in file:line:column D:\ProjectUnity\ET\Landlords\Landlords_Server01\Server\ET.Core\Landlords\Component\UserComponent.cs:25:17
Error at offset 70 in file:line:column D:\ProjectUnity\ET\Landlords\Landlords_Server01\Server\ET.Core\Base\Log.cs:37:4
Error at offset 58 in file:line:column D:\ProjectUnity\ET\Landlords\Landlords_Server01\Server\ET.Core\Base\Logger\NLogAdapter.cs:32:4

2021-01-12 13:26:51.6138 AllServer 0001 消息没有处理: 10009 { "_t" : "A1001_GetUserInfo_C2G", "RpcId" : 3 } 
 OnRead at offset 70 in file:line:column D:\ProjectUnity\ET\Landlords\Landlords_Server01\Server\ET.Core\Module\Message\Session.cs:120:5
Run at offset 485 in file:line:column D:\ProjectUnity\ET\Landlords\Landlords_Server01\Server\ET.Core\Module\Message\Session.cs:154:4
RunMessage at offset 145 in file:line:column D:\ProjectUnity\ET\Landlords\Landlords_Server01\Server\ET.Core\Module\Message\Session.cs:160:4
Dispatch at offset 85 in file:line:column D:\ProjectUnity\ET\Landlords\Landlords_Server01\Server\Hotfix\Module\Message\OuterMessageDispatcher.cs:9:4
DispatchAsync at offset 259 in file:line:column <filename unknown>:0:0
Start<TStateMachine> at offset 68 in file:line:column D:\ProjectUnity\ET\Landlords\Landlords_Server01\Server\ET.Core\Base\Async\AsyncETVoidMethodBuilder.cs:74:13
MoveNext at offset 3547 in file:line:column D:\ProjectUnity\ET\Landlords\Landlords_Server01\Server\Hotfix\Module\Message\OuterMessageDispatcher.cs:82:7
Handle at offset 306 in file:line:column D:\ProjectUnity\ET\Landlords\Landlords_Server01\Server\Hotfix\Module\Message\MessageDispatherComponentSystem.cs:84:5
Error at offset 70 in file:line:column D:\ProjectUnity\ET\Landlords\Landlords_Server01\Server\ET.Core\Base\Log.cs:37:4
Error at offset 58 in file:line:column D:\ProjectUnity\ET\Landlords\Landlords_Server01\Server\ET.Core\Base\Logger\NLogAdapter.cs:32:4

2021-01-12 21:53:16.6677 AllServer 0001 消息没有处理: 10009 { "_t" : "A1001_GetUserInfo_C2G", "RpcId" : 3 } 
 OnRead at offset 76 in file:line:column D:\ProjectUnity\ET\Landlords\Landlords_Server01\Server\ET.Core\Module\Message\Session.cs:120:5
Run at offset 497 in file:line:column D:\ProjectUnity\ET\Landlords\Landlords_Server01\Server\ET.Core\Module\Message\Session.cs:154:4
RunMessage at offset 157 in file:line:column D:\ProjectUnity\ET\Landlords\Landlords_Server01\Server\ET.Core\Module\Message\Session.cs:160:4
Dispatch at offset 91 in file:line:column D:\ProjectUnity\ET\Landlords\Landlords_Server01\Server\Hotfix\Module\Message\OuterMessageDispatcher.cs:9:4
DispatchAsync at offset 265 in file:line:column <filename unknown>:0:0
Start<TStateMachine> at offset 80 in file:line:column D:\ProjectUnity\ET\Landlords\Landlords_Server01\Server\ET.Core\Base\Async\AsyncETVoidMethodBuilder.cs:74:13
MoveNext at offset 3589 in file:line:column D:\ProjectUnity\ET\Landlords\Landlords_Server01\Server\Hotfix\Module\Message\OuterMessageDispatcher.cs:82:7
Handle at offset 312 in file:line:column D:\ProjectUnity\ET\Landlords\Landlords_Server01\Server\Hotfix\Module\Message\MessageDispatherComponentSystem.cs:84:5
Error at offset 82 in file:line:column D:\ProjectUnity\ET\Landlords\Landlords_Server01\Server\ET.Core\Base\Log.cs:37:4
Error at offset 64 in file:line:column D:\ProjectUnity\ET\Landlords\Landlords_Server01\Server\ET.Core\Base\Logger\NLogAdapter.cs:32:4

