2021-01-29 00:08:23.5346 AllServer 0001 System.ArgumentNullException: Value cannot be null.
Parameter name: value
   at Google.Protobuf.ProtoPreconditions.CheckNotNull[T](T value, String name) in E:\ProjectUnity\ET\Landlords\Landlords_Server01\Server\ThirdParty\Google.Protobuf\ProtoPreconditions.cs:line 57
   at ETModel.A1001_GetUserInfo_G2C.set_Email(String value) in E:\ProjectUnity\ET\Landlords\Landlords_Server01\Server\ET.Core\Module\Message\HotfixMessage.cs:line 863
   at ETHotfix.A1001_GetUserInfo_Handler.Run(Session session, A1001_GetUserInfo_C2G request, A1001_GetUserInfo_G2C response, Action reply) in E:\ProjectUnity\ET\Landlords\Landlords_Server01\Server\Hotfix\Landlords\Handler\Gate\A1001_GetUserInfo_Handler.cs:line 33 
 SetExistingTaskResult at offset 97 in file:line:column <filename unknown>:0:0
TrySetResult at offset 145 in file:line:column <filename unknown>:0:0
RunContinuations at offset 440 in file:line:column <filename unknown>:0:0
RunCallback at offset 71 in file:line:column <filename unknown>:0:0
<OutputWaitEtwEvents>b__12_0 at offset 323 in file:line:column <filename unknown>:0:0
Run at offset 73 in file:line:column E:\ProjectUnity\ET\Landlords\Landlords_Server01\Server\ET.Core\Base\Async\MoveNextRunner.cs:12:13
MoveNext at offset 1183 in file:line:column E:\ProjectUnity\ET\Landlords\Landlords_Server01\Server\Hotfix\Landlords\Handler\Gate\A1001_GetUserInfo_Handler.cs:33:17
ReplyError at offset 75 in file:line:column E:\ProjectUnity\ET\Landlords\Landlords_Server01\Server\ET.Core\Module\Message\AMRpcHandler.cs:9:4
Error at offset 124 in file:line:column E:\ProjectUnity\ET\Landlords\Landlords_Server01\Server\ET.Core\Base\Log.cs:32:4
Error at offset 64 in file:line:column E:\ProjectUnity\ET\Landlords\Landlords_Server01\Server\ET.Core\Base\Logger\NLogAdapter.cs:32:4

2021-01-29 00:09:17.0645 AllServer 0001 System.ArgumentNullException: Value cannot be null.
Parameter name: value
   at Google.Protobuf.ProtoPreconditions.CheckNotNull[T](T value, String name) in E:\ProjectUnity\ET\Landlords\Landlords_Server01\Server\ThirdParty\Google.Protobuf\ProtoPreconditions.cs:line 57
   at ETModel.A1001_GetUserInfo_G2C.set_Email(String value) in E:\ProjectUnity\ET\Landlords\Landlords_Server01\Server\ET.Core\Module\Message\HotfixMessage.cs:line 863
   at ETHotfix.A1001_GetUserInfo_Handler.Run(Session session, A1001_GetUserInfo_C2G request, A1001_GetUserInfo_G2C response, Action reply) in E:\ProjectUnity\ET\Landlords\Landlords_Server01\Server\Hotfix\Landlords\Handler\Gate\A1001_GetUserInfo_Handler.cs:line 33 
 SetExistingTaskResult at offset 97 in file:line:column <filename unknown>:0:0
TrySetResult at offset 145 in file:line:column <filename unknown>:0:0
RunContinuations at offset 440 in file:line:column <filename unknown>:0:0
RunCallback at offset 71 in file:line:column <filename unknown>:0:0
<OutputWaitEtwEvents>b__12_0 at offset 323 in file:line:column <filename unknown>:0:0
Run at offset 73 in file:line:column E:\ProjectUnity\ET\Landlords\Landlords_Server01\Server\ET.Core\Base\Async\MoveNextRunner.cs:12:13
MoveNext at offset 1183 in file:line:column E:\ProjectUnity\ET\Landlords\Landlords_Server01\Server\Hotfix\Landlords\Handler\Gate\A1001_GetUserInfo_Handler.cs:33:17
ReplyError at offset 75 in file:line:column E:\ProjectUnity\ET\Landlords\Landlords_Server01\Server\ET.Core\Module\Message\AMRpcHandler.cs:9:4
Error at offset 124 in file:line:column E:\ProjectUnity\ET\Landlords\Landlords_Server01\Server\ET.Core\Base\Log.cs:32:4
Error at offset 64 in file:line:column E:\ProjectUnity\ET\Landlords\Landlords_Server01\Server\ET.Core\Base\Logger\NLogAdapter.cs:32:4

2021-01-29 00:10:06.9767 AllServer 0001 System.ArgumentNullException: Value cannot be null.
Parameter name: value
   at Google.Protobuf.ProtoPreconditions.CheckNotNull[T](T value, String name) in E:\ProjectUnity\ET\Landlords\Landlords_Server01\Server\ThirdParty\Google.Protobuf\ProtoPreconditions.cs:line 57
   at ETModel.A1001_GetUserInfo_G2C.set_Email(String value) in E:\ProjectUnity\ET\Landlords\Landlords_Server01\Server\ET.Core\Module\Message\HotfixMessage.cs:line 863
   at ETHotfix.A1001_GetUserInfo_Handler.Run(Session session, A1001_GetUserInfo_C2G request, A1001_GetUserInfo_G2C response, Action reply) in E:\ProjectUnity\ET\Landlords\Landlords_Server01\Server\Hotfix\Landlords\Handler\Gate\A1001_GetUserInfo_Handler.cs:line 33 
 SetExistingTaskResult at offset 97 in file:line:column <filename unknown>:0:0
TrySetResult at offset 145 in file:line:column <filename unknown>:0:0
RunContinuations at offset 440 in file:line:column <filename unknown>:0:0
RunCallback at offset 71 in file:line:column <filename unknown>:0:0
<OutputWaitEtwEvents>b__12_0 at offset 323 in file:line:column <filename unknown>:0:0
Run at offset 73 in file:line:column E:\ProjectUnity\ET\Landlords\Landlords_Server01\Server\ET.Core\Base\Async\MoveNextRunner.cs:12:13
MoveNext at offset 1183 in file:line:column E:\ProjectUnity\ET\Landlords\Landlords_Server01\Server\Hotfix\Landlords\Handler\Gate\A1001_GetUserInfo_Handler.cs:33:17
ReplyError at offset 75 in file:line:column E:\ProjectUnity\ET\Landlords\Landlords_Server01\Server\ET.Core\Module\Message\AMRpcHandler.cs:9:4
Error at offset 124 in file:line:column E:\ProjectUnity\ET\Landlords\Landlords_Server01\Server\ET.Core\Base\Log.cs:32:4
Error at offset 64 in file:line:column E:\ProjectUnity\ET\Landlords\Landlords_Server01\Server\ET.Core\Base\Logger\NLogAdapter.cs:32:4

2021-01-29 00:10:50.5459 AllServer 0001 System.ArgumentException: An item with the same key has already been added. Key: 101611576931
   at System.Collections.Generic.Dictionary`2.TryInsert(TKey key, TValue value, InsertionBehavior behavior)
   at System.Collections.Generic.Dictionary`2.Add(TKey key, TValue value)
   at ETHotfix.RoomSystem.GameStart(Room self) in E:\ProjectUnity\ET\Landlords\Landlords_Server01\Server\Hotfix\Landlords\System\RoomSystem.cs:line 46
   at ETHotfix.RoomSystem.CheckGameStart(Room self) in E:\ProjectUnity\ET\Landlords\Landlords_Server01\Server\Hotfix\Landlords\System\RoomSystem.cs:line 27
   at ETHotfix.GamerReady_Landlords_Handler.Run(Gamer gamer, Actor_GamerReady_Landlords message) in E:\ProjectUnity\ET\Landlords\Landlords_Server01\Server\Hotfix\Landlords\Map\GamerReady_Landlords_Handler.cs:line 24
   at ETModel.ETTaskCompletionSource.ETModel.IAwaiter.GetResult() in E:\ProjectUnity\ET\Landlords\Landlords_Server01\Server\ET.Core\Base\Async\ETTaskCompletionSource.cs:line 32
   at ETModel.ETTask.GetResult() in E:\ProjectUnity\ET\Landlords\Landlords_Server01\Server\ET.Core\Base\Async\ETTask.cs:line 33
   at ETModel.ETTask.Awaiter.GetResult() in E:\ProjectUnity\ET\Landlords\Landlords_Server01\Server\ET.Core\Base\Async\ETTask.cs:line 98
   at ETModel.AMActorHandler`2.Handle(Session session, Entity entity, Object actorMessage) in E:\ProjectUnity\ET\Landlords\Landlords_Server01\Server\ET.Core\Module\Actor\AMActorHandler.cs:line 26 
 Start<TStateMachine> at offset 80 in file:line:column E:\ProjectUnity\ET\Landlords\Landlords_Server01\Server\ET.Core\Base\Async\AsyncETTaskMethodBuilder.cs:126:13
MoveNext at offset 340 in file:line:column E:\ProjectUnity\ET\Landlords\Landlords_Server01\Server\Hotfix\Module\Actor\MailboxMessageDispatcherHandler.cs:16:5
Handle at offset 254 in file:line:column <filename unknown>:0:0
Start<TStateMachine> at offset 80 in file:line:column E:\ProjectUnity\ET\Landlords\Landlords_Server01\Server\ET.Core\Base\Async\AsyncETTaskMethodBuilder.cs:126:13
MoveNext at offset 374 in file:line:column E:\ProjectUnity\ET\Landlords\Landlords_Server01\Server\Hotfix\Module\Actor\ActorMessageDispatcherComponentSystem.cs:82:4
Handle at offset 408 in file:line:column <filename unknown>:0:0
Start<TStateMachine> at offset 80 in file:line:column E:\ProjectUnity\ET\Landlords\Landlords_Server01\Server\ET.Core\Base\Async\AsyncETTaskMethodBuilder.cs:126:13
MoveNext at offset 1507 in file:line:column E:\ProjectUnity\ET\Landlords\Landlords_Server01\Server\ET.Core\Module\Actor\AMActorHandler.cs:26:5
Error at offset 124 in file:line:column E:\ProjectUnity\ET\Landlords\Landlords_Server01\Server\ET.Core\Base\Log.cs:32:4
Error at offset 64 in file:line:column E:\ProjectUnity\ET\Landlords\Landlords_Server01\Server\ET.Core\Base\Logger\NLogAdapter.cs:32:4

2021-01-29 00:53:37.4330 AllServer 0001 System.Exception: not found message handler: { "_t" : "Actor_GamerGrabLandlordSelect_Ntt", "RpcId" : 0, "ActorId" : NumberLong("281474976710760"), "UserID" : NumberLong(0), "IsGrab" : false }
   at ETHotfix.ActorMessageDispatcherComponentHelper.Handle(ActorMessageDispatcherComponent self, Entity entity, ActorMessageInfo actorMessageInfo) in E:\ProjectUnity\ET\Landlords\Landlords_Server01\Server\Hotfix\Module\Actor\ActorMessageDispatcherComponentSystem.cs:line 82
   at ETModel.ETTaskCompletionSource.ETModel.IAwaiter.GetResult() in E:\ProjectUnity\ET\Landlords\Landlords_Server01\Server\ET.Core\Base\Async\ETTaskCompletionSource.cs:line 32
   at ETModel.ETTask.GetResult() in E:\ProjectUnity\ET\Landlords\Landlords_Server01\Server\ET.Core\Base\Async\ETTask.cs:line 33
   at ETModel.ETTask.Awaiter.GetResult() in E:\ProjectUnity\ET\Landlords\Landlords_Server01\Server\ET.Core\Base\Async\ETTask.cs:line 98
   at ETHotfix.MailboxMessageDispatcherHandler.Handle(Session session, Entity entity, Object actorMessage) in E:\ProjectUnity\ET\Landlords\Landlords_Server01\Server\Hotfix\Module\Actor\MailboxMessageDispatcherHandler.cs:line 16 
 Run at offset 73 in file:line:column E:\ProjectUnity\ET\Landlords\Landlords_Server01\Server\ET.Core\Base\Async\MoveNextRunner.cs:12:13
MoveNext at offset 894 in file:line:column E:\ProjectUnity\ET\Landlords\Landlords_Server01\Server\Hotfix\Module\Actor\MailBoxComponentSystem.cs:97:6
Handle at offset 254 in file:line:column <filename unknown>:0:0
Start<TStateMachine> at offset 80 in file:line:column E:\ProjectUnity\ET\Landlords\Landlords_Server01\Server\ET.Core\Base\Async\AsyncETTaskMethodBuilder.cs:126:13
MoveNext at offset 284 in file:line:column E:\ProjectUnity\ET\Landlords\Landlords_Server01\Server\Hotfix\Module\Actor\MailboxDispatcherComponentSystem.cs:75:5
Handle at offset 276 in file:line:column <filename unknown>:0:0
Start<TStateMachine> at offset 80 in file:line:column E:\ProjectUnity\ET\Landlords\Landlords_Server01\Server\ET.Core\Base\Async\AsyncETTaskMethodBuilder.cs:126:13
MoveNext at offset 584 in file:line:column E:\ProjectUnity\ET\Landlords\Landlords_Server01\Server\Hotfix\Module\Actor\MailboxMessageDispatcherHandler.cs:16:5
Error at offset 124 in file:line:column E:\ProjectUnity\ET\Landlords\Landlords_Server01\Server\ET.Core\Base\Log.cs:32:4
Error at offset 64 in file:line:column E:\ProjectUnity\ET\Landlords\Landlords_Server01\Server\ET.Core\Base\Logger\NLogAdapter.cs:32:4

2021-01-29 00:53:37.9997 AllServer 0001 System.Exception: not found message handler: { "_t" : "Actor_GamerGrabLandlordSelect_Ntt", "RpcId" : 0, "ActorId" : NumberLong("281474976710760"), "UserID" : NumberLong(0), "IsGrab" : false }
   at ETHotfix.ActorMessageDispatcherComponentHelper.Handle(ActorMessageDispatcherComponent self, Entity entity, ActorMessageInfo actorMessageInfo) in E:\ProjectUnity\ET\Landlords\Landlords_Server01\Server\Hotfix\Module\Actor\ActorMessageDispatcherComponentSystem.cs:line 82
   at ETModel.ETTaskCompletionSource.ETModel.IAwaiter.GetResult() in E:\ProjectUnity\ET\Landlords\Landlords_Server01\Server\ET.Core\Base\Async\ETTaskCompletionSource.cs:line 32
   at ETModel.ETTask.GetResult() in E:\ProjectUnity\ET\Landlords\Landlords_Server01\Server\ET.Core\Base\Async\ETTask.cs:line 33
   at ETModel.ETTask.Awaiter.GetResult() in E:\ProjectUnity\ET\Landlords\Landlords_Server01\Server\ET.Core\Base\Async\ETTask.cs:line 98
   at ETHotfix.MailboxMessageDispatcherHandler.Handle(Session session, Entity entity, Object actorMessage) in E:\ProjectUnity\ET\Landlords\Landlords_Server01\Server\Hotfix\Module\Actor\MailboxMessageDispatcherHandler.cs:line 16 
 Run at offset 73 in file:line:column E:\ProjectUnity\ET\Landlords\Landlords_Server01\Server\ET.Core\Base\Async\MoveNextRunner.cs:12:13
MoveNext at offset 894 in file:line:column E:\ProjectUnity\ET\Landlords\Landlords_Server01\Server\Hotfix\Module\Actor\MailBoxComponentSystem.cs:97:6
Handle at offset 254 in file:line:column <filename unknown>:0:0
Start<TStateMachine> at offset 80 in file:line:column E:\ProjectUnity\ET\Landlords\Landlords_Server01\Server\ET.Core\Base\Async\AsyncETTaskMethodBuilder.cs:126:13
MoveNext at offset 284 in file:line:column E:\ProjectUnity\ET\Landlords\Landlords_Server01\Server\Hotfix\Module\Actor\MailboxDispatcherComponentSystem.cs:75:5
Handle at offset 276 in file:line:column <filename unknown>:0:0
Start<TStateMachine> at offset 80 in file:line:column E:\ProjectUnity\ET\Landlords\Landlords_Server01\Server\ET.Core\Base\Async\AsyncETTaskMethodBuilder.cs:126:13
MoveNext at offset 584 in file:line:column E:\ProjectUnity\ET\Landlords\Landlords_Server01\Server\Hotfix\Module\Actor\MailboxMessageDispatcherHandler.cs:16:5
Error at offset 124 in file:line:column E:\ProjectUnity\ET\Landlords\Landlords_Server01\Server\ET.Core\Base\Log.cs:32:4
Error at offset 64 in file:line:column E:\ProjectUnity\ET\Landlords\Landlords_Server01\Server\ET.Core\Base\Logger\NLogAdapter.cs:32:4

2021-01-29 00:53:38.4626 AllServer 0001 System.Exception: not found message handler: { "_t" : "Actor_GamerGrabLandlordSelect_Ntt", "RpcId" : 0, "ActorId" : NumberLong("281474976710760"), "UserID" : NumberLong(0), "IsGrab" : true }
   at ETHotfix.ActorMessageDispatcherComponentHelper.Handle(ActorMessageDispatcherComponent self, Entity entity, ActorMessageInfo actorMessageInfo) in E:\ProjectUnity\ET\Landlords\Landlords_Server01\Server\Hotfix\Module\Actor\ActorMessageDispatcherComponentSystem.cs:line 82
   at ETModel.ETTaskCompletionSource.ETModel.IAwaiter.GetResult() in E:\ProjectUnity\ET\Landlords\Landlords_Server01\Server\ET.Core\Base\Async\ETTaskCompletionSource.cs:line 32
   at ETModel.ETTask.GetResult() in E:\ProjectUnity\ET\Landlords\Landlords_Server01\Server\ET.Core\Base\Async\ETTask.cs:line 33
   at ETModel.ETTask.Awaiter.GetResult() in E:\ProjectUnity\ET\Landlords\Landlords_Server01\Server\ET.Core\Base\Async\ETTask.cs:line 98
   at ETHotfix.MailboxMessageDispatcherHandler.Handle(Session session, Entity entity, Object actorMessage) in E:\ProjectUnity\ET\Landlords\Landlords_Server01\Server\Hotfix\Module\Actor\MailboxMessageDispatcherHandler.cs:line 16 
 Run at offset 73 in file:line:column E:\ProjectUnity\ET\Landlords\Landlords_Server01\Server\ET.Core\Base\Async\MoveNextRunner.cs:12:13
MoveNext at offset 894 in file:line:column E:\ProjectUnity\ET\Landlords\Landlords_Server01\Server\Hotfix\Module\Actor\MailBoxComponentSystem.cs:97:6
Handle at offset 254 in file:line:column <filename unknown>:0:0
Start<TStateMachine> at offset 80 in file:line:column E:\ProjectUnity\ET\Landlords\Landlords_Server01\Server\ET.Core\Base\Async\AsyncETTaskMethodBuilder.cs:126:13
MoveNext at offset 284 in file:line:column E:\ProjectUnity\ET\Landlords\Landlords_Server01\Server\Hotfix\Module\Actor\MailboxDispatcherComponentSystem.cs:75:5
Handle at offset 276 in file:line:column <filename unknown>:0:0
Start<TStateMachine> at offset 80 in file:line:column E:\ProjectUnity\ET\Landlords\Landlords_Server01\Server\ET.Core\Base\Async\AsyncETTaskMethodBuilder.cs:126:13
MoveNext at offset 584 in file:line:column E:\ProjectUnity\ET\Landlords\Landlords_Server01\Server\Hotfix\Module\Actor\MailboxMessageDispatcherHandler.cs:16:5
Error at offset 124 in file:line:column E:\ProjectUnity\ET\Landlords\Landlords_Server01\Server\ET.Core\Base\Log.cs:32:4
Error at offset 64 in file:line:column E:\ProjectUnity\ET\Landlords\Landlords_Server01\Server\ET.Core\Base\Logger\NLogAdapter.cs:32:4

2021-01-29 00:53:47.2719 AllServer 0001 System.Exception: not found message handler: { "_t" : "Actor_GamerGrabLandlordSelect_Ntt", "RpcId" : 0, "ActorId" : NumberLong("281474976710760"), "UserID" : NumberLong(0), "IsGrab" : true }
   at ETHotfix.ActorMessageDispatcherComponentHelper.Handle(ActorMessageDispatcherComponent self, Entity entity, ActorMessageInfo actorMessageInfo) in E:\ProjectUnity\ET\Landlords\Landlords_Server01\Server\Hotfix\Module\Actor\ActorMessageDispatcherComponentSystem.cs:line 82
   at ETModel.ETTaskCompletionSource.ETModel.IAwaiter.GetResult() in E:\ProjectUnity\ET\Landlords\Landlords_Server01\Server\ET.Core\Base\Async\ETTaskCompletionSource.cs:line 32
   at ETModel.ETTask.GetResult() in E:\ProjectUnity\ET\Landlords\Landlords_Server01\Server\ET.Core\Base\Async\ETTask.cs:line 33
   at ETModel.ETTask.Awaiter.GetResult() in E:\ProjectUnity\ET\Landlords\Landlords_Server01\Server\ET.Core\Base\Async\ETTask.cs:line 98
   at ETHotfix.MailboxMessageDispatcherHandler.Handle(Session session, Entity entity, Object actorMessage) in E:\ProjectUnity\ET\Landlords\Landlords_Server01\Server\Hotfix\Module\Actor\MailboxMessageDispatcherHandler.cs:line 16 
 Run at offset 73 in file:line:column E:\ProjectUnity\ET\Landlords\Landlords_Server01\Server\ET.Core\Base\Async\MoveNextRunner.cs:12:13
MoveNext at offset 894 in file:line:column E:\ProjectUnity\ET\Landlords\Landlords_Server01\Server\Hotfix\Module\Actor\MailBoxComponentSystem.cs:97:6
Handle at offset 254 in file:line:column <filename unknown>:0:0
Start<TStateMachine> at offset 80 in file:line:column E:\ProjectUnity\ET\Landlords\Landlords_Server01\Server\ET.Core\Base\Async\AsyncETTaskMethodBuilder.cs:126:13
MoveNext at offset 284 in file:line:column E:\ProjectUnity\ET\Landlords\Landlords_Server01\Server\Hotfix\Module\Actor\MailboxDispatcherComponentSystem.cs:75:5
Handle at offset 276 in file:line:column <filename unknown>:0:0
Start<TStateMachine> at offset 80 in file:line:column E:\ProjectUnity\ET\Landlords\Landlords_Server01\Server\ET.Core\Base\Async\AsyncETTaskMethodBuilder.cs:126:13
MoveNext at offset 584 in file:line:column E:\ProjectUnity\ET\Landlords\Landlords_Server01\Server\Hotfix\Module\Actor\MailboxMessageDispatcherHandler.cs:16:5
Error at offset 124 in file:line:column E:\ProjectUnity\ET\Landlords\Landlords_Server01\Server\ET.Core\Base\Log.cs:32:4
Error at offset 64 in file:line:column E:\ProjectUnity\ET\Landlords\Landlords_Server01\Server\ET.Core\Base\Logger\NLogAdapter.cs:32:4

2021-01-29 00:53:47.6417 AllServer 0001 System.Exception: not found message handler: { "_t" : "Actor_GamerGrabLandlordSelect_Ntt", "RpcId" : 0, "ActorId" : NumberLong("281474976710760"), "UserID" : NumberLong(0), "IsGrab" : false }
   at ETHotfix.ActorMessageDispatcherComponentHelper.Handle(ActorMessageDispatcherComponent self, Entity entity, ActorMessageInfo actorMessageInfo) in E:\ProjectUnity\ET\Landlords\Landlords_Server01\Server\Hotfix\Module\Actor\ActorMessageDispatcherComponentSystem.cs:line 82
   at ETModel.ETTaskCompletionSource.ETModel.IAwaiter.GetResult() in E:\ProjectUnity\ET\Landlords\Landlords_Server01\Server\ET.Core\Base\Async\ETTaskCompletionSource.cs:line 32
   at ETModel.ETTask.GetResult() in E:\ProjectUnity\ET\Landlords\Landlords_Server01\Server\ET.Core\Base\Async\ETTask.cs:line 33
   at ETModel.ETTask.Awaiter.GetResult() in E:\ProjectUnity\ET\Landlords\Landlords_Server01\Server\ET.Core\Base\Async\ETTask.cs:line 98
   at ETHotfix.MailboxMessageDispatcherHandler.Handle(Session session, Entity entity, Object actorMessage) in E:\ProjectUnity\ET\Landlords\Landlords_Server01\Server\Hotfix\Module\Actor\MailboxMessageDispatcherHandler.cs:line 16 
 Run at offset 73 in file:line:column E:\ProjectUnity\ET\Landlords\Landlords_Server01\Server\ET.Core\Base\Async\MoveNextRunner.cs:12:13
MoveNext at offset 894 in file:line:column E:\ProjectUnity\ET\Landlords\Landlords_Server01\Server\Hotfix\Module\Actor\MailBoxComponentSystem.cs:97:6
Handle at offset 254 in file:line:column <filename unknown>:0:0
Start<TStateMachine> at offset 80 in file:line:column E:\ProjectUnity\ET\Landlords\Landlords_Server01\Server\ET.Core\Base\Async\AsyncETTaskMethodBuilder.cs:126:13
MoveNext at offset 284 in file:line:column E:\ProjectUnity\ET\Landlords\Landlords_Server01\Server\Hotfix\Module\Actor\MailboxDispatcherComponentSystem.cs:75:5
Handle at offset 276 in file:line:column <filename unknown>:0:0
Start<TStateMachine> at offset 80 in file:line:column E:\ProjectUnity\ET\Landlords\Landlords_Server01\Server\ET.Core\Base\Async\AsyncETTaskMethodBuilder.cs:126:13
MoveNext at offset 584 in file:line:column E:\ProjectUnity\ET\Landlords\Landlords_Server01\Server\Hotfix\Module\Actor\MailboxMessageDispatcherHandler.cs:16:5
Error at offset 124 in file:line:column E:\ProjectUnity\ET\Landlords\Landlords_Server01\Server\ET.Core\Base\Log.cs:32:4
Error at offset 64 in file:line:column E:\ProjectUnity\ET\Landlords\Landlords_Server01\Server\ET.Core\Base\Logger\NLogAdapter.cs:32:4

2021-01-29 00:55:15.2461 AllServer 0001 System.Exception: not found message handler: { "_t" : "Actor_GamerGrabLandlordSelect_Ntt", "RpcId" : 0, "ActorId" : NumberLong("281474976710760"), "UserID" : NumberLong(0), "IsGrab" : true }
   at ETHotfix.ActorMessageDispatcherComponentHelper.Handle(ActorMessageDispatcherComponent self, Entity entity, ActorMessageInfo actorMessageInfo) in E:\ProjectUnity\ET\Landlords\Landlords_Server01\Server\Hotfix\Module\Actor\ActorMessageDispatcherComponentSystem.cs:line 82
   at ETModel.ETTaskCompletionSource.ETModel.IAwaiter.GetResult() in E:\ProjectUnity\ET\Landlords\Landlords_Server01\Server\ET.Core\Base\Async\ETTaskCompletionSource.cs:line 32
   at ETModel.ETTask.GetResult() in E:\ProjectUnity\ET\Landlords\Landlords_Server01\Server\ET.Core\Base\Async\ETTask.cs:line 33
   at ETModel.ETTask.Awaiter.GetResult() in E:\ProjectUnity\ET\Landlords\Landlords_Server01\Server\ET.Core\Base\Async\ETTask.cs:line 98
   at ETHotfix.MailboxMessageDispatcherHandler.Handle(Session session, Entity entity, Object actorMessage) in E:\ProjectUnity\ET\Landlords\Landlords_Server01\Server\Hotfix\Module\Actor\MailboxMessageDispatcherHandler.cs:line 16 
 Run at offset 73 in file:line:column E:\ProjectUnity\ET\Landlords\Landlords_Server01\Server\ET.Core\Base\Async\MoveNextRunner.cs:12:13
MoveNext at offset 894 in file:line:column E:\ProjectUnity\ET\Landlords\Landlords_Server01\Server\Hotfix\Module\Actor\MailBoxComponentSystem.cs:97:6
Handle at offset 254 in file:line:column <filename unknown>:0:0
Start<TStateMachine> at offset 80 in file:line:column E:\ProjectUnity\ET\Landlords\Landlords_Server01\Server\ET.Core\Base\Async\AsyncETTaskMethodBuilder.cs:126:13
MoveNext at offset 284 in file:line:column E:\ProjectUnity\ET\Landlords\Landlords_Server01\Server\Hotfix\Module\Actor\MailboxDispatcherComponentSystem.cs:75:5
Handle at offset 276 in file:line:column <filename unknown>:0:0
Start<TStateMachine> at offset 80 in file:line:column E:\ProjectUnity\ET\Landlords\Landlords_Server01\Server\ET.Core\Base\Async\AsyncETTaskMethodBuilder.cs:126:13
MoveNext at offset 584 in file:line:column E:\ProjectUnity\ET\Landlords\Landlords_Server01\Server\Hotfix\Module\Actor\MailboxMessageDispatcherHandler.cs:16:5
Error at offset 124 in file:line:column E:\ProjectUnity\ET\Landlords\Landlords_Server01\Server\ET.Core\Base\Log.cs:32:4
Error at offset 64 in file:line:column E:\ProjectUnity\ET\Landlords\Landlords_Server01\Server\ET.Core\Base\Logger\NLogAdapter.cs:32:4

2021-01-29 00:55:16.8811 AllServer 0001 System.Exception: not found message handler: { "_t" : "Actor_GamerGrabLandlordSelect_Ntt", "RpcId" : 0, "ActorId" : NumberLong("281474976710760"), "UserID" : NumberLong(0), "IsGrab" : false }
   at ETHotfix.ActorMessageDispatcherComponentHelper.Handle(ActorMessageDispatcherComponent self, Entity entity, ActorMessageInfo actorMessageInfo) in E:\ProjectUnity\ET\Landlords\Landlords_Server01\Server\Hotfix\Module\Actor\ActorMessageDispatcherComponentSystem.cs:line 82
   at ETModel.ETTaskCompletionSource.ETModel.IAwaiter.GetResult() in E:\ProjectUnity\ET\Landlords\Landlords_Server01\Server\ET.Core\Base\Async\ETTaskCompletionSource.cs:line 32
   at ETModel.ETTask.GetResult() in E:\ProjectUnity\ET\Landlords\Landlords_Server01\Server\ET.Core\Base\Async\ETTask.cs:line 33
   at ETModel.ETTask.Awaiter.GetResult() in E:\ProjectUnity\ET\Landlords\Landlords_Server01\Server\ET.Core\Base\Async\ETTask.cs:line 98
   at ETHotfix.MailboxMessageDispatcherHandler.Handle(Session session, Entity entity, Object actorMessage) in E:\ProjectUnity\ET\Landlords\Landlords_Server01\Server\Hotfix\Module\Actor\MailboxMessageDispatcherHandler.cs:line 16 
 Run at offset 73 in file:line:column E:\ProjectUnity\ET\Landlords\Landlords_Server01\Server\ET.Core\Base\Async\MoveNextRunner.cs:12:13
MoveNext at offset 894 in file:line:column E:\ProjectUnity\ET\Landlords\Landlords_Server01\Server\Hotfix\Module\Actor\MailBoxComponentSystem.cs:97:6
Handle at offset 254 in file:line:column <filename unknown>:0:0
Start<TStateMachine> at offset 80 in file:line:column E:\ProjectUnity\ET\Landlords\Landlords_Server01\Server\ET.Core\Base\Async\AsyncETTaskMethodBuilder.cs:126:13
MoveNext at offset 284 in file:line:column E:\ProjectUnity\ET\Landlords\Landlords_Server01\Server\Hotfix\Module\Actor\MailboxDispatcherComponentSystem.cs:75:5
Handle at offset 276 in file:line:column <filename unknown>:0:0
Start<TStateMachine> at offset 80 in file:line:column E:\ProjectUnity\ET\Landlords\Landlords_Server01\Server\ET.Core\Base\Async\AsyncETTaskMethodBuilder.cs:126:13
MoveNext at offset 584 in file:line:column E:\ProjectUnity\ET\Landlords\Landlords_Server01\Server\Hotfix\Module\Actor\MailboxMessageDispatcherHandler.cs:16:5
Error at offset 124 in file:line:column E:\ProjectUnity\ET\Landlords\Landlords_Server01\Server\ET.Core\Base\Log.cs:32:4
Error at offset 64 in file:line:column E:\ProjectUnity\ET\Landlords\Landlords_Server01\Server\ET.Core\Base\Logger\NLogAdapter.cs:32:4

2021-01-29 00:55:18.3073 AllServer 0001 System.Exception: not found message handler: { "_t" : "Actor_GamerGrabLandlordSelect_Ntt", "RpcId" : 0, "ActorId" : NumberLong("281474976710760"), "UserID" : NumberLong(0), "IsGrab" : true }
   at ETHotfix.ActorMessageDispatcherComponentHelper.Handle(ActorMessageDispatcherComponent self, Entity entity, ActorMessageInfo actorMessageInfo) in E:\ProjectUnity\ET\Landlords\Landlords_Server01\Server\Hotfix\Module\Actor\ActorMessageDispatcherComponentSystem.cs:line 82
   at ETModel.ETTaskCompletionSource.ETModel.IAwaiter.GetResult() in E:\ProjectUnity\ET\Landlords\Landlords_Server01\Server\ET.Core\Base\Async\ETTaskCompletionSource.cs:line 32
   at ETModel.ETTask.GetResult() in E:\ProjectUnity\ET\Landlords\Landlords_Server01\Server\ET.Core\Base\Async\ETTask.cs:line 33
   at ETModel.ETTask.Awaiter.GetResult() in E:\ProjectUnity\ET\Landlords\Landlords_Server01\Server\ET.Core\Base\Async\ETTask.cs:line 98
   at ETHotfix.MailboxMessageDispatcherHandler.Handle(Session session, Entity entity, Object actorMessage) in E:\ProjectUnity\ET\Landlords\Landlords_Server01\Server\Hotfix\Module\Actor\MailboxMessageDispatcherHandler.cs:line 16 
 Run at offset 73 in file:line:column E:\ProjectUnity\ET\Landlords\Landlords_Server01\Server\ET.Core\Base\Async\MoveNextRunner.cs:12:13
MoveNext at offset 894 in file:line:column E:\ProjectUnity\ET\Landlords\Landlords_Server01\Server\Hotfix\Module\Actor\MailBoxComponentSystem.cs:97:6
Handle at offset 254 in file:line:column <filename unknown>:0:0
Start<TStateMachine> at offset 80 in file:line:column E:\ProjectUnity\ET\Landlords\Landlords_Server01\Server\ET.Core\Base\Async\AsyncETTaskMethodBuilder.cs:126:13
MoveNext at offset 284 in file:line:column E:\ProjectUnity\ET\Landlords\Landlords_Server01\Server\Hotfix\Module\Actor\MailboxDispatcherComponentSystem.cs:75:5
Handle at offset 276 in file:line:column <filename unknown>:0:0
Start<TStateMachine> at offset 80 in file:line:column E:\ProjectUnity\ET\Landlords\Landlords_Server01\Server\ET.Core\Base\Async\AsyncETTaskMethodBuilder.cs:126:13
MoveNext at offset 584 in file:line:column E:\ProjectUnity\ET\Landlords\Landlords_Server01\Server\Hotfix\Module\Actor\MailboxMessageDispatcherHandler.cs:16:5
Error at offset 124 in file:line:column E:\ProjectUnity\ET\Landlords\Landlords_Server01\Server\ET.Core\Base\Log.cs:32:4
Error at offset 64 in file:line:column E:\ProjectUnity\ET\Landlords\Landlords_Server01\Server\ET.Core\Base\Logger\NLogAdapter.cs:32:4

