2021-02-01 13:40:17.1442 AllServer 0001 System.Exception: not found message handler: { "_t" : "Actor_GamerPlayCard_Req", "RpcId" : 26, "ActorId" : NumberLong("281474976710780"), "Cards" : [{ "CardWeight" : 4, "CardSuits" : 3 }, { "CardWeight" : 3, "CardSuits" : 0 }, { "CardWeight" : 3, "CardSuits" : 1 }, { "CardWeight" : 3, "CardSuits" : 3 }, { "CardWeight" : 1, "CardSuits" : 3 }] }
   at ETHotfix.ActorMessageDispatcherComponentHelper.Handle(ActorMessageDispatcherComponent self, Entity entity, ActorMessageInfo actorMessageInfo) in D:\ProjectUnity\ET\Landlords\Landlords_Server01\Server\Hotfix\Module\Actor\ActorMessageDispatcherComponentSystem.cs:line 82
   at ETModel.ETTaskCompletionSource.ETModel.IAwaiter.GetResult() in D:\ProjectUnity\ET\Landlords\Landlords_Server01\Server\ET.Core\Base\Async\ETTaskCompletionSource.cs:line 32
   at ETModel.ETTask.GetResult() in D:\ProjectUnity\ET\Landlords\Landlords_Server01\Server\ET.Core\Base\Async\ETTask.cs:line 33
   at ETModel.ETTask.Awaiter.GetResult() in D:\ProjectUnity\ET\Landlords\Landlords_Server01\Server\ET.Core\Base\Async\ETTask.cs:line 98
   at ETHotfix.MailboxMessageDispatcherHandler.Handle(Session session, Entity entity, Object actorMessage) in D:\ProjectUnity\ET\Landlords\Landlords_Server01\Server\Hotfix\Module\Actor\MailboxMessageDispatcherHandler.cs:line 16 
 Run at offset 73 in file:line:column D:\ProjectUnity\ET\Landlords\Landlords_Server01\Server\ET.Core\Base\Async\MoveNextRunner.cs:12:13
MoveNext at offset 894 in file:line:column D:\ProjectUnity\ET\Landlords\Landlords_Server01\Server\Hotfix\Module\Actor\MailBoxComponentSystem.cs:97:6
Handle at offset 254 in file:line:column <filename unknown>:0:0
Start<TStateMachine> at offset 80 in file:line:column D:\ProjectUnity\ET\Landlords\Landlords_Server01\Server\ET.Core\Base\Async\AsyncETTaskMethodBuilder.cs:126:13
MoveNext at offset 284 in file:line:column D:\ProjectUnity\ET\Landlords\Landlords_Server01\Server\Hotfix\Module\Actor\MailboxDispatcherComponentSystem.cs:75:5
Handle at offset 276 in file:line:column <filename unknown>:0:0
Start<TStateMachine> at offset 80 in file:line:column D:\ProjectUnity\ET\Landlords\Landlords_Server01\Server\ET.Core\Base\Async\AsyncETTaskMethodBuilder.cs:126:13
MoveNext at offset 584 in file:line:column D:\ProjectUnity\ET\Landlords\Landlords_Server01\Server\Hotfix\Module\Actor\MailboxMessageDispatcherHandler.cs:16:5
Error at offset 124 in file:line:column D:\ProjectUnity\ET\Landlords\Landlords_Server01\Server\ET.Core\Base\Log.cs:32:4
Error at offset 64 in file:line:column D:\ProjectUnity\ET\Landlords\Landlords_Server01\Server\ET.Core\Base\Logger\NLogAdapter.cs:32:4

2021-02-01 13:40:20.0383 AllServer 0001 System.Exception: not found message handler: { "_t" : "Actor_GamerPlayCard_Req", "RpcId" : 27, "ActorId" : NumberLong("281474976710780"), "Cards" : [{ "CardWeight" : 3, "CardSuits" : 0 }, { "CardWeight" : 3, "CardSuits" : 1 }, { "CardWeight" : 3, "CardSuits" : 3 }, { "CardWeight" : 1, "CardSuits" : 3 }] }
   at ETHotfix.ActorMessageDispatcherComponentHelper.Handle(ActorMessageDispatcherComponent self, Entity entity, ActorMessageInfo actorMessageInfo) in D:\ProjectUnity\ET\Landlords\Landlords_Server01\Server\Hotfix\Module\Actor\ActorMessageDispatcherComponentSystem.cs:line 82
   at ETModel.ETTaskCompletionSource.ETModel.IAwaiter.GetResult() in D:\ProjectUnity\ET\Landlords\Landlords_Server01\Server\ET.Core\Base\Async\ETTaskCompletionSource.cs:line 32
   at ETModel.ETTask.GetResult() in D:\ProjectUnity\ET\Landlords\Landlords_Server01\Server\ET.Core\Base\Async\ETTask.cs:line 33
   at ETModel.ETTask.Awaiter.GetResult() in D:\ProjectUnity\ET\Landlords\Landlords_Server01\Server\ET.Core\Base\Async\ETTask.cs:line 98
   at ETHotfix.MailboxMessageDispatcherHandler.Handle(Session session, Entity entity, Object actorMessage) in D:\ProjectUnity\ET\Landlords\Landlords_Server01\Server\Hotfix\Module\Actor\MailboxMessageDispatcherHandler.cs:line 16 
 Run at offset 73 in file:line:column D:\ProjectUnity\ET\Landlords\Landlords_Server01\Server\ET.Core\Base\Async\MoveNextRunner.cs:12:13
MoveNext at offset 894 in file:line:column D:\ProjectUnity\ET\Landlords\Landlords_Server01\Server\Hotfix\Module\Actor\MailBoxComponentSystem.cs:97:6
Handle at offset 254 in file:line:column <filename unknown>:0:0
Start<TStateMachine> at offset 80 in file:line:column D:\ProjectUnity\ET\Landlords\Landlords_Server01\Server\ET.Core\Base\Async\AsyncETTaskMethodBuilder.cs:126:13
MoveNext at offset 284 in file:line:column D:\ProjectUnity\ET\Landlords\Landlords_Server01\Server\Hotfix\Module\Actor\MailboxDispatcherComponentSystem.cs:75:5
Handle at offset 276 in file:line:column <filename unknown>:0:0
Start<TStateMachine> at offset 80 in file:line:column D:\ProjectUnity\ET\Landlords\Landlords_Server01\Server\ET.Core\Base\Async\AsyncETTaskMethodBuilder.cs:126:13
MoveNext at offset 584 in file:line:column D:\ProjectUnity\ET\Landlords\Landlords_Server01\Server\Hotfix\Module\Actor\MailboxMessageDispatcherHandler.cs:16:5
Error at offset 124 in file:line:column D:\ProjectUnity\ET\Landlords\Landlords_Server01\Server\ET.Core\Base\Log.cs:32:4
Error at offset 64 in file:line:column D:\ProjectUnity\ET\Landlords\Landlords_Server01\Server\ET.Core\Base\Logger\NLogAdapter.cs:32:4

2021-02-01 13:40:28.9129 AllServer 0001 System.Exception: not found message handler: { "_t" : "Actor_GamerPlayCard_Req", "RpcId" : 28, "ActorId" : NumberLong("281474976710780"), "Cards" : [{ "CardWeight" : 3, "CardSuits" : 0 }, { "CardWeight" : 3, "CardSuits" : 1 }, { "CardWeight" : 3, "CardSuits" : 3 }, { "CardWeight" : 1, "CardSuits" : 3 }] }
   at ETHotfix.ActorMessageDispatcherComponentHelper.Handle(ActorMessageDispatcherComponent self, Entity entity, ActorMessageInfo actorMessageInfo) in D:\ProjectUnity\ET\Landlords\Landlords_Server01\Server\Hotfix\Module\Actor\ActorMessageDispatcherComponentSystem.cs:line 82
   at ETModel.ETTaskCompletionSource.ETModel.IAwaiter.GetResult() in D:\ProjectUnity\ET\Landlords\Landlords_Server01\Server\ET.Core\Base\Async\ETTaskCompletionSource.cs:line 32
   at ETModel.ETTask.GetResult() in D:\ProjectUnity\ET\Landlords\Landlords_Server01\Server\ET.Core\Base\Async\ETTask.cs:line 33
   at ETModel.ETTask.Awaiter.GetResult() in D:\ProjectUnity\ET\Landlords\Landlords_Server01\Server\ET.Core\Base\Async\ETTask.cs:line 98
   at ETHotfix.MailboxMessageDispatcherHandler.Handle(Session session, Entity entity, Object actorMessage) in D:\ProjectUnity\ET\Landlords\Landlords_Server01\Server\Hotfix\Module\Actor\MailboxMessageDispatcherHandler.cs:line 16 
 Run at offset 73 in file:line:column D:\ProjectUnity\ET\Landlords\Landlords_Server01\Server\ET.Core\Base\Async\MoveNextRunner.cs:12:13
MoveNext at offset 894 in file:line:column D:\ProjectUnity\ET\Landlords\Landlords_Server01\Server\Hotfix\Module\Actor\MailBoxComponentSystem.cs:97:6
Handle at offset 254 in file:line:column <filename unknown>:0:0
Start<TStateMachine> at offset 80 in file:line:column D:\ProjectUnity\ET\Landlords\Landlords_Server01\Server\ET.Core\Base\Async\AsyncETTaskMethodBuilder.cs:126:13
MoveNext at offset 284 in file:line:column D:\ProjectUnity\ET\Landlords\Landlords_Server01\Server\Hotfix\Module\Actor\MailboxDispatcherComponentSystem.cs:75:5
Handle at offset 276 in file:line:column <filename unknown>:0:0
Start<TStateMachine> at offset 80 in file:line:column D:\ProjectUnity\ET\Landlords\Landlords_Server01\Server\ET.Core\Base\Async\AsyncETTaskMethodBuilder.cs:126:13
MoveNext at offset 584 in file:line:column D:\ProjectUnity\ET\Landlords\Landlords_Server01\Server\Hotfix\Module\Actor\MailboxMessageDispatcherHandler.cs:16:5
Error at offset 124 in file:line:column D:\ProjectUnity\ET\Landlords\Landlords_Server01\Server\ET.Core\Base\Log.cs:32:4
Error at offset 64 in file:line:column D:\ProjectUnity\ET\Landlords\Landlords_Server01\Server\ET.Core\Base\Logger\NLogAdapter.cs:32:4

2021-02-01 13:40:33.4828 AllServer 0001 System.Exception: not found message handler: { "_t" : "Actor_GamerPlayCard_Req", "RpcId" : 29, "ActorId" : NumberLong("281474976710780"), "Cards" : [{ "CardWeight" : 1, "CardSuits" : 3 }] }
   at ETHotfix.ActorMessageDispatcherComponentHelper.Handle(ActorMessageDispatcherComponent self, Entity entity, ActorMessageInfo actorMessageInfo) in D:\ProjectUnity\ET\Landlords\Landlords_Server01\Server\Hotfix\Module\Actor\ActorMessageDispatcherComponentSystem.cs:line 82
   at ETModel.ETTaskCompletionSource.ETModel.IAwaiter.GetResult() in D:\ProjectUnity\ET\Landlords\Landlords_Server01\Server\ET.Core\Base\Async\ETTaskCompletionSource.cs:line 32
   at ETModel.ETTask.GetResult() in D:\ProjectUnity\ET\Landlords\Landlords_Server01\Server\ET.Core\Base\Async\ETTask.cs:line 33
   at ETModel.ETTask.Awaiter.GetResult() in D:\ProjectUnity\ET\Landlords\Landlords_Server01\Server\ET.Core\Base\Async\ETTask.cs:line 98
   at ETHotfix.MailboxMessageDispatcherHandler.Handle(Session session, Entity entity, Object actorMessage) in D:\ProjectUnity\ET\Landlords\Landlords_Server01\Server\Hotfix\Module\Actor\MailboxMessageDispatcherHandler.cs:line 16 
 Run at offset 73 in file:line:column D:\ProjectUnity\ET\Landlords\Landlords_Server01\Server\ET.Core\Base\Async\MoveNextRunner.cs:12:13
MoveNext at offset 894 in file:line:column D:\ProjectUnity\ET\Landlords\Landlords_Server01\Server\Hotfix\Module\Actor\MailBoxComponentSystem.cs:97:6
Handle at offset 254 in file:line:column <filename unknown>:0:0
Start<TStateMachine> at offset 80 in file:line:column D:\ProjectUnity\ET\Landlords\Landlords_Server01\Server\ET.Core\Base\Async\AsyncETTaskMethodBuilder.cs:126:13
MoveNext at offset 284 in file:line:column D:\ProjectUnity\ET\Landlords\Landlords_Server01\Server\Hotfix\Module\Actor\MailboxDispatcherComponentSystem.cs:75:5
Handle at offset 276 in file:line:column <filename unknown>:0:0
Start<TStateMachine> at offset 80 in file:line:column D:\ProjectUnity\ET\Landlords\Landlords_Server01\Server\ET.Core\Base\Async\AsyncETTaskMethodBuilder.cs:126:13
MoveNext at offset 584 in file:line:column D:\ProjectUnity\ET\Landlords\Landlords_Server01\Server\Hotfix\Module\Actor\MailboxMessageDispatcherHandler.cs:16:5
Error at offset 124 in file:line:column D:\ProjectUnity\ET\Landlords\Landlords_Server01\Server\ET.Core\Base\Log.cs:32:4
Error at offset 64 in file:line:column D:\ProjectUnity\ET\Landlords\Landlords_Server01\Server\ET.Core\Base\Logger\NLogAdapter.cs:32:4

2021-02-01 13:41:47.8198 AllServer 0001 System.Exception: not found message handler: { "_t" : "Actor_GamerPlayCard_Req", "RpcId" : 30, "ActorId" : NumberLong("281474976710780"), "Cards" : [{ "CardWeight" : 1, "CardSuits" : 3 }] }
   at ETHotfix.ActorMessageDispatcherComponentHelper.Handle(ActorMessageDispatcherComponent self, Entity entity, ActorMessageInfo actorMessageInfo) in D:\ProjectUnity\ET\Landlords\Landlords_Server01\Server\Hotfix\Module\Actor\ActorMessageDispatcherComponentSystem.cs:line 82
   at ETModel.ETTaskCompletionSource.ETModel.IAwaiter.GetResult() in D:\ProjectUnity\ET\Landlords\Landlords_Server01\Server\ET.Core\Base\Async\ETTaskCompletionSource.cs:line 32
   at ETModel.ETTask.GetResult() in D:\ProjectUnity\ET\Landlords\Landlords_Server01\Server\ET.Core\Base\Async\ETTask.cs:line 33
   at ETModel.ETTask.Awaiter.GetResult() in D:\ProjectUnity\ET\Landlords\Landlords_Server01\Server\ET.Core\Base\Async\ETTask.cs:line 98
   at ETHotfix.MailboxMessageDispatcherHandler.Handle(Session session, Entity entity, Object actorMessage) in D:\ProjectUnity\ET\Landlords\Landlords_Server01\Server\Hotfix\Module\Actor\MailboxMessageDispatcherHandler.cs:line 16 
 Run at offset 73 in file:line:column D:\ProjectUnity\ET\Landlords\Landlords_Server01\Server\ET.Core\Base\Async\MoveNextRunner.cs:12:13
MoveNext at offset 894 in file:line:column D:\ProjectUnity\ET\Landlords\Landlords_Server01\Server\Hotfix\Module\Actor\MailBoxComponentSystem.cs:97:6
Handle at offset 254 in file:line:column <filename unknown>:0:0
Start<TStateMachine> at offset 80 in file:line:column D:\ProjectUnity\ET\Landlords\Landlords_Server01\Server\ET.Core\Base\Async\AsyncETTaskMethodBuilder.cs:126:13
MoveNext at offset 284 in file:line:column D:\ProjectUnity\ET\Landlords\Landlords_Server01\Server\Hotfix\Module\Actor\MailboxDispatcherComponentSystem.cs:75:5
Handle at offset 276 in file:line:column <filename unknown>:0:0
Start<TStateMachine> at offset 80 in file:line:column D:\ProjectUnity\ET\Landlords\Landlords_Server01\Server\ET.Core\Base\Async\AsyncETTaskMethodBuilder.cs:126:13
MoveNext at offset 584 in file:line:column D:\ProjectUnity\ET\Landlords\Landlords_Server01\Server\Hotfix\Module\Actor\MailboxMessageDispatcherHandler.cs:16:5
Error at offset 124 in file:line:column D:\ProjectUnity\ET\Landlords\Landlords_Server01\Server\ET.Core\Base\Log.cs:32:4
Error at offset 64 in file:line:column D:\ProjectUnity\ET\Landlords\Landlords_Server01\Server\ET.Core\Base\Logger\NLogAdapter.cs:32:4

2021-02-01 13:54:39.7024 AllServer 0001 System.ArgumentException: An item with the same key has already been added. Key: 101611814283
   at System.Collections.Generic.Dictionary`2.TryInsert(TKey key, TValue value, InsertionBehavior behavior)
   at System.Collections.Generic.Dictionary`2.Add(TKey key, TValue value)
   at ETHotfix.RoomSystem.GameStart(Room self) in D:\ProjectUnity\ET\Landlords\Landlords_Server01\Server\Hotfix\Landlords\System\RoomSystem.cs:line 46
   at ETHotfix.RoomSystem.CheckGameStart(Room self) in D:\ProjectUnity\ET\Landlords\Landlords_Server01\Server\Hotfix\Landlords\System\RoomSystem.cs:line 27
   at ETHotfix.GamerReady_Landlords_Handler.Run(Gamer gamer, Actor_GamerReady_Landlords message) in D:\ProjectUnity\ET\Landlords\Landlords_Server01\Server\Hotfix\Landlords\Map\GamerReady_Landlords_Handler.cs:line 24
   at ETModel.ETTaskCompletionSource.ETModel.IAwaiter.GetResult() in D:\ProjectUnity\ET\Landlords\Landlords_Server01\Server\ET.Core\Base\Async\ETTaskCompletionSource.cs:line 32
   at ETModel.ETTask.GetResult() in D:\ProjectUnity\ET\Landlords\Landlords_Server01\Server\ET.Core\Base\Async\ETTask.cs:line 33
   at ETModel.ETTask.Awaiter.GetResult() in D:\ProjectUnity\ET\Landlords\Landlords_Server01\Server\ET.Core\Base\Async\ETTask.cs:line 98
   at ETModel.AMActorHandler`2.Handle(Session session, Entity entity, Object actorMessage) in D:\ProjectUnity\ET\Landlords\Landlords_Server01\Server\ET.Core\Module\Actor\AMActorHandler.cs:line 26 
 Start<TStateMachine> at offset 80 in file:line:column D:\ProjectUnity\ET\Landlords\Landlords_Server01\Server\ET.Core\Base\Async\AsyncETTaskMethodBuilder.cs:126:13
MoveNext at offset 340 in file:line:column D:\ProjectUnity\ET\Landlords\Landlords_Server01\Server\Hotfix\Module\Actor\MailboxMessageDispatcherHandler.cs:16:5
Handle at offset 254 in file:line:column <filename unknown>:0:0
Start<TStateMachine> at offset 80 in file:line:column D:\ProjectUnity\ET\Landlords\Landlords_Server01\Server\ET.Core\Base\Async\AsyncETTaskMethodBuilder.cs:126:13
MoveNext at offset 374 in file:line:column D:\ProjectUnity\ET\Landlords\Landlords_Server01\Server\Hotfix\Module\Actor\ActorMessageDispatcherComponentSystem.cs:82:4
Handle at offset 408 in file:line:column <filename unknown>:0:0
Start<TStateMachine> at offset 80 in file:line:column D:\ProjectUnity\ET\Landlords\Landlords_Server01\Server\ET.Core\Base\Async\AsyncETTaskMethodBuilder.cs:126:13
MoveNext at offset 1507 in file:line:column D:\ProjectUnity\ET\Landlords\Landlords_Server01\Server\ET.Core\Module\Actor\AMActorHandler.cs:26:5
Error at offset 124 in file:line:column D:\ProjectUnity\ET\Landlords\Landlords_Server01\Server\ET.Core\Base\Log.cs:32:4
Error at offset 64 in file:line:column D:\ProjectUnity\ET\Landlords\Landlords_Server01\Server\ET.Core\Base\Logger\NLogAdapter.cs:32:4

